2023-07-03 12:33:31,099 WARN  [S57ToS101Converter] Conversion de GB5X01SW
2023-07-03 12:33:31,114 INFO  [AttributeConverterImpl] 540_2135130423_687 : Attribute type CATACH has been removed from the S101 feature type AnchorageArea
2023-07-03 12:33:31,114 INFO  [AttributeConverterImpl] 540_2135131834_687 : Cartographic intervention, the mandatory numeric S101 value has an empty value BeaconCardinal:beaconShape=
2023-07-03 12:33:31,114 INFO  [AttributeConverterImpl] 540_2135131834_687 : Cartographic intervention, the mandatory numeric S101 value has an empty value BeaconCardinal:beaconShape=
2023-07-03 12:33:31,114 INFO  [AttributeConverterImpl] 540_2135148730_687 : Attribute type CATLIT has been removed from the S101 feature type LightAllAround
2023-07-03 12:33:31,114 INFO  [AttributeConverterImpl] 540_2135148810_687 : Attribute type CATLIT has been removed from the S101 feature type LightAllAround
2023-07-03 12:33:31,114 INFO  [AttributeConverterImpl] 540_2135148824_687 : Attribute type CATLIT has been removed from the S101 feature type LightAllAround
2023-07-03 12:33:31,114 INFO  [AttributeConverterImpl] 540_2135132077_687 : Cartographic intervention, the mandatory numeric S101 value has an empty value BeaconLateral:beaconShape=
2023-07-03 12:33:31,114 INFO  [AttributeConverterImpl] 540_2135132077_687 : Cartographic intervention, the mandatory numeric S101 value has an empty value BeaconLateral:beaconShape=
2023-07-03 12:33:31,114 INFO  [AttributeConverterImpl] 540_2135132103_687 : Cartographic intervention, the mandatory numeric S101 value has an empty value BeaconLateral:beaconShape=
2023-07-03 12:33:31,114 INFO  [AttributeConverterImpl] 540_2135132103_687 : Cartographic intervention, the mandatory numeric S101 value has an empty value BeaconLateral:beaconShape=
2023-07-03 12:33:31,114 INFO  [AttributeConverterImpl] 540_2135132598_687 : Attribute type COLOUR has been removed from the S101 feature type BeaconSpecialPurposeGeneral
2023-07-03 12:33:31,114 INFO  [AttributeConverterImpl] 540_2135132598_687 : Cartographic intervention, the mandatory numeric S101 value has an empty value BeaconSpecialPurposeGeneral:beaconShape=
2023-07-03 12:33:31,114 INFO  [AttributeConverterImpl] 540_2135132598_687 : Attribute type COLOUR has been removed from the S101 feature type BeaconSpecialPurposeGeneral
2023-07-03 12:33:31,114 INFO  [AttributeConverterImpl] 540_2135132598_687 : Cartographic intervention, the mandatory numeric S101 value has an empty value BeaconSpecialPurposeGeneral:beaconShape=
2023-07-03 12:33:31,114 INFO  [AttributeConverterImpl] 540_2135132631_687 : Attribute type COLOUR has been removed from the S101 feature type BeaconSpecialPurposeGeneral
2023-07-03 12:33:31,114 INFO  [AttributeConverterImpl] 540_2135132631_687 : Cartographic intervention, the mandatory numeric S101 value has an empty value BeaconSpecialPurposeGeneral:beaconShape=
2023-07-03 12:33:31,114 INFO  [AttributeConverterImpl] 540_2135132631_687 : Attribute type COLOUR has been removed from the S101 feature type BeaconSpecialPurposeGeneral
2023-07-03 12:33:31,114 INFO  [AttributeConverterImpl] 540_2135132631_687 : Cartographic intervention, the mandatory numeric S101 value has an empty value BeaconSpecialPurposeGeneral:beaconShape=
2023-07-03 12:33:31,114 INFO  [AttributeConverterImpl] 540_2135132658_687 : Attribute type COLOUR has been removed from the S101 feature type BeaconSpecialPurposeGeneral
2023-07-03 12:33:31,114 INFO  [AttributeConverterImpl] 540_2135132658_687 : Cartographic intervention, the mandatory numeric S101 value has an empty value BeaconSpecialPurposeGeneral:beaconShape=
2023-07-03 12:33:31,114 INFO  [AttributeConverterImpl] 540_2135132658_687 : Attribute type COLOUR has been removed from the S101 feature type BeaconSpecialPurposeGeneral
2023-07-03 12:33:31,114 INFO  [AttributeConverterImpl] 540_2135132658_687 : Cartographic intervention, the mandatory numeric S101 value has an empty value BeaconSpecialPurposeGeneral:beaconShape=
2023-07-03 12:33:31,114 INFO  [AttributeConverterImpl] 540_2135132686_687 : Attribute type COLOUR has been removed from the S101 feature type BeaconSpecialPurposeGeneral
2023-07-03 12:33:31,114 INFO  [AttributeConverterImpl] 540_2135132686_687 : Cartographic intervention, the mandatory numeric S101 value has an empty value BeaconSpecialPurposeGeneral:beaconShape=
2023-07-03 12:33:31,114 INFO  [AttributeConverterImpl] 540_2135132686_687 : Attribute type COLOUR has been removed from the S101 feature type BeaconSpecialPurposeGeneral
2023-07-03 12:33:31,114 INFO  [AttributeConverterImpl] 540_2135132686_687 : Cartographic intervention, the mandatory numeric S101 value has an empty value BeaconSpecialPurposeGeneral:beaconShape=
2023-07-03 12:33:31,114 INFO  [AttributeConverterImpl] 540_2135132706_687 : Attribute type COLOUR has been removed from the S101 feature type BeaconSpecialPurposeGeneral
2023-07-03 12:33:31,114 INFO  [AttributeConverterImpl] 540_2135132706_687 : Cartographic intervention, the mandatory numeric S101 value has an empty value BeaconSpecialPurposeGeneral:beaconShape=
2023-07-03 12:33:31,114 INFO  [AttributeConverterImpl] 540_2135132706_687 : Attribute type COLOUR has been removed from the S101 feature type BeaconSpecialPurposeGeneral
2023-07-03 12:33:31,114 INFO  [AttributeConverterImpl] 540_2135132706_687 : Cartographic intervention, the mandatory numeric S101 value has an empty value BeaconSpecialPurposeGeneral:beaconShape=
2023-07-03 12:33:31,114 INFO  [AttributeConverterImpl] 540_2135132739_687 : Attribute type COLOUR has been removed from the S101 feature type BeaconSpecialPurposeGeneral
2023-07-03 12:33:31,114 INFO  [AttributeConverterImpl] 540_2135132739_687 : Attribute type COLOUR has been removed from the S101 feature type BeaconSpecialPurposeGeneral
2023-07-03 12:33:31,114 INFO  [AttributeConverterImpl] 540_2135148667_687 : Attribute type CATLIT has been removed from the S101 feature type LightSectored
2023-07-03 12:33:31,114 INFO  [AttributeConverterImpl] 540_2135148682_687 : Attribute type CATLIT has been removed from the S101 feature type LightSectored
2023-07-03 12:33:31,114 INFO  [AttributeConverterImpl] 540_2135148696_687 : Attribute type CATLIT has been removed from the S101 feature type LightSectored
2023-07-03 12:33:31,114 INFO  [AttributeConverterImpl] 540_2135148714_687 : Attribute type CATLIT has been removed from the S101 feature type LightSectored
2023-07-03 12:33:31,114 INFO  [AttributeConverterImpl] 540_2135132767_687 : Attribute type COLOUR has been removed from the S101 feature type BeaconSpecialPurposeGeneral
2023-07-03 12:33:31,114 INFO  [AttributeConverterImpl] 540_2135132767_687 : Cartographic intervention, the mandatory numeric S101 value has an empty value BeaconSpecialPurposeGeneral:beaconShape=
2023-07-03 12:33:31,114 INFO  [AttributeConverterImpl] 540_2135132767_687 : Attribute type COLOUR has been removed from the S101 feature type BeaconSpecialPurposeGeneral
2023-07-03 12:33:31,114 INFO  [AttributeConverterImpl] 540_2135132767_687 : Cartographic intervention, the mandatory numeric S101 value has an empty value BeaconSpecialPurposeGeneral:beaconShape=
2023-07-03 12:33:31,114 INFO  [AttributeConverterImpl] 540_2135148474_687 : Attribute type CATLIT has been removed from the S101 feature type LightAllAround
2023-07-03 12:33:31,114 INFO  [AttributeConverterImpl] 540_2135148489_687 : Attribute type CATLIT has been removed from the S101 feature type LightAllAround
2023-07-03 12:33:31,114 INFO  [AttributeConverterImpl] 540_2135148517_687 : Attribute type CATLIT has been removed from the S101 feature type LightAllAround
2023-07-03 12:33:31,114 INFO  [AttributeConverterImpl] 540_2135148650_687 : Attribute type CATLIT has been removed from the S101 feature type LightAllAround
2023-07-03 12:33:31,114 INFO  [AttributeConverterImpl] 540_584953155_1567 : Attribute type CATLIT has been removed from the S101 feature type LightAllAround
2023-07-03 12:33:31,114 INFO  [AttributeConverterImpl] 540_584953155_1567 : Attribute type COLOUR has been removed from the S101 feature type LightAllAround
2023-07-03 12:33:31,114 INFO  [AttributeConverterImpl] 540_584960496_1567 : Attribute type CATLIT has been removed from the S101 feature type LightAllAround
2023-07-03 12:33:31,114 INFO  [AttributeConverterImpl] 540_584960496_1567 : Attribute type COLOUR has been removed from the S101 feature type LightAllAround
2023-07-03 12:33:31,114 INFO  [AttributeConverterImpl] 540_2135148242_687 : Attribute type CATLIT has been removed from the S101 feature type LightAllAround
2023-07-03 12:33:31,114 INFO  [AttributeConverterImpl] 540_2135148256_687 : Attribute type CATLIT has been removed from the S101 feature type LightAllAround
2023-07-03 12:33:31,114 INFO  [AttributeConverterImpl] 540_2135148416_687 : Attribute type CATLIT has been removed from the S101 feature type LightAllAround
2023-07-03 12:33:31,114 INFO  [AttributeConverterImpl] 540_2135148504_687 : Attribute type CATLIT has been removed from the S101 feature type LightAllAround
2023-07-03 12:33:31,114 INFO  [AttributeConverterImpl] 540_2135148534_687 : Attribute type CATLIT has been removed from the S101 feature type LightAllAround
2023-07-03 12:33:31,114 INFO  [AttributeConverterImpl] 540_2135148546_687 : Attribute type CATLIT has been removed from the S101 feature type LightAllAround
2023-07-03 12:33:31,114 INFO  [AttributeConverterImpl] 540_2135153653_687 : Removing a non-mandatory empty numeric value Obstruction:valueOfSounding=
2023-07-03 12:33:31,114 INFO  [AttributeConverterImpl] 540_2135153670_687 : Removing a non-mandatory empty numeric value Obstruction:valueOfSounding=
2023-07-03 12:33:31,114 INFO  [AttributeConverterImpl] 540_2135153690_687 : Removing a non-mandatory empty numeric value Obstruction:valueOfSounding=
2023-07-03 12:33:31,114 INFO  [AttributeConverterImpl] 540_2135153712_687 : Removing a non-mandatory empty numeric value Obstruction:valueOfSounding=
2023-07-03 12:33:31,114 INFO  [AttributeConverterImpl] 540_2135147982_687 : Attribute type CATLIT has been removed from the S101 feature type LightAllAround
2023-07-03 12:33:31,114 INFO  [AttributeConverterImpl] 540_2135153734_687 : Removing a non-mandatory empty numeric value Obstruction:valueOfSounding=
2023-07-03 12:33:31,114 INFO  [AttributeConverterImpl] 540_2135153755_687 : Removing a non-mandatory empty numeric value Obstruction:valueOfSounding=
2023-07-03 12:33:31,114 INFO  [AttributeConverterImpl] 540_2135153776_687 : Removing a non-mandatory empty numeric value Obstruction:valueOfSounding=
2023-07-03 12:33:31,114 INFO  [AttributeConverterImpl] 540_2135153796_687 : Removing a non-mandatory empty numeric value Obstruction:valueOfSounding=
2023-07-03 12:33:31,114 INFO  [AttributeConverterImpl] 540_2135148001_687 : Attribute type CATLIT has been removed from the S101 feature type LightAllAround
2023-07-03 12:33:31,114 INFO  [AttributeConverterImpl] 540_2135153815_687 : Removing a non-mandatory empty numeric value Obstruction:valueOfSounding=
2023-07-03 12:33:31,114 INFO  [AttributeConverterImpl] 540_2135153835_687 : Removing a non-mandatory empty numeric value Obstruction:valueOfSounding=
2023-07-03 12:33:31,114 INFO  [AttributeConverterImpl] 540_2135153860_687 : Removing a non-mandatory empty numeric value Obstruction:valueOfSounding=
2023-07-03 12:33:31,114 INFO  [AttributeConverterImpl] 540_2135153881_687 : Removing a non-mandatory empty numeric value Obstruction:valueOfSounding=
2023-07-03 12:33:31,114 INFO  [AttributeConverterImpl] 540_2135148021_687 : Attribute type CATLIT has been removed from the S101 feature type LightAllAround
2023-07-03 12:33:31,114 INFO  [AttributeConverterImpl] 540_2135153901_687 : Removing a non-mandatory empty numeric value Obstruction:valueOfSounding=
2023-07-03 12:33:31,114 INFO  [AttributeConverterImpl] 540_2135153916_687 : Removing a non-mandatory empty numeric value Obstruction:valueOfSounding=
2023-07-03 12:33:31,114 INFO  [AttributeConverterImpl] 540_2135153929_687 : Removing a non-mandatory empty numeric value Obstruction:valueOfSounding=
2023-07-03 12:33:31,114 INFO  [AttributeConverterImpl] 540_2135148040_687 : Attribute type CATLIT has been removed from the S101 feature type LightAllAround
2023-07-03 12:33:31,114 INFO  [AttributeConverterImpl] Coastline :  Attribute CATCOA with values [4] change to attribute type natureOfSurface with value [5]
2023-07-03 12:33:31,130 INFO  [AttributeConverterImpl] 540_2135148431_687 : Attribute type CATLIT has been removed from the S101 feature type LightAllAround
2023-07-03 12:33:31,130 INFO  [AttributeConverterImpl] 540_2135148445_687 : Attribute type CATLIT has been removed from the S101 feature type LightSectored
2023-07-03 12:33:31,130 INFO  [AttributeConverterImpl] 540_2135148459_687 : Attribute type CATLIT has been removed from the S101 feature type LightSectored
2023-07-03 12:33:31,130 INFO  [AttributeConverterImpl] 540_2135147543_687 : Removing a non-mandatory empty numeric value Gate:horizontalClearanceValue=
2023-07-03 12:33:31,130 INFO  [AttributeConverterImpl] 540_2135147561_687 : Removing a non-mandatory empty numeric value Gate:horizontalClearanceValue=
2023-07-03 12:33:31,130 INFO  [AttributeConverterImpl] 540_2135151700_687 : Attribute type COLPAT has been removed from the S101 feature type Landmark
2023-07-03 12:33:31,130 INFO  [AttributeConverterImpl] 540_2135148092_687 : Attribute type CATLIT has been removed from the S101 feature type LightSectored
2023-07-03 12:33:31,130 INFO  [AttributeConverterImpl] 540_2135148105_687 : Attribute type CATLIT has been removed from the S101 feature type LightSectored
2023-07-03 12:33:31,130 INFO  [AttributeConverterImpl] 540_2135148118_687 : Attribute type CATLIT has been removed from the S101 feature type LightSectored
2023-07-03 12:33:31,130 INFO  [AttributeConverterImpl] 540_2135148131_687 : Attribute type CATLIT has been removed from the S101 feature type LightSectored
2023-07-03 12:33:31,130 INFO  [AttributeConverterImpl] 540_2135148144_687 : Attribute type CATLIT has been removed from the S101 feature type LightSectored
2023-07-03 12:33:31,130 INFO  [AttributeConverterImpl] 540_2135148157_687 : Attribute type CATLIT has been removed from the S101 feature type LightSectored
2023-07-03 12:33:31,130 WARN  [AttributeConverterImpl] Valeur S57 [directional radiobeacon (2)] non convertie(s) pour categoryOfRadioStation de RadioStation 540_2135155399_687
2023-07-03 12:33:31,130 INFO  [AttributeConverterImpl] 540_2135155399_687 : Attribute type CATROS has been removed from the S101 feature type RadioStation
2023-07-03 12:33:31,130 INFO  [AttributeConverterImpl] 540_2135155399_687 : Attribute type ORIENT has been removed from the S101 feature type RadioStation
2023-07-03 12:33:31,130 INFO  [AttributeConverterImpl] 540_2135148177_687 : Attribute type CATLIT has been removed from the S101 feature type LightAirObstruction
2023-07-03 12:33:31,130 INFO  [AttributeConverterImpl] 540_2135148194_687 : Attribute type CATLIT has been removed from the S101 feature type LightAllAround
2023-07-03 12:33:31,130 INFO  [AttributeConverterImpl] 540_2135148211_687 : Attribute type CATLIT has been removed from the S101 feature type LightAllAround
2023-07-03 12:33:31,130 INFO  [AttributeConverterImpl] 540_2135148228_687 : Attribute type CATLIT has been removed from the S101 feature type LightAllAround
2023-07-03 12:33:31,130 INFO  [AttributeConverterImpl] 540_2135148271_687 : Attribute type CATLIT has been removed from the S101 feature type LightAllAround
2023-07-03 12:33:31,130 INFO  [AttributeConverterImpl] 540_2135148289_687 : Attribute type CATLIT has been removed from the S101 feature type LightAllAround
2023-07-03 12:33:31,130 INFO  [AttributeConverterImpl] 540_2135148308_687 : Attribute type CATLIT has been removed from the S101 feature type LightAllAround
2023-07-03 12:33:31,130 INFO  [AttributeConverterImpl] 540_2135148328_687 : Attribute type CATLIT has been removed from the S101 feature type LightAllAround
2023-07-03 12:33:31,130 INFO  [AttributeConverterImpl] 540_2135148342_687 : Attribute type CATLIT has been removed from the S101 feature type LightAllAround
2023-07-03 12:33:31,130 INFO  [AttributeConverterImpl] 540_2135148359_687 : Attribute type CATLIT has been removed from the S101 feature type LightAllAround
2023-07-03 12:33:31,130 INFO  [AttributeConverterImpl] 540_2135148375_687 : Attribute type CATLIT has been removed from the S101 feature type LightAllAround
2023-07-03 12:33:31,130 INFO  [AttributeConverterImpl] 540_2135148399_687 : Attribute type CATLIT has been removed from the S101 feature type LightAllAround
2023-07-03 12:33:31,130 INFO  [AttributeConverterImpl] 540_2135148564_687 : Attribute type CATLIT has been removed from the S101 feature type LightSectored
2023-07-03 12:33:31,130 WARN  [AttributeConverterImpl] Valeur S57 [directional function (1)] non convertie(s) pour categoryOfLight de LightSectored 540_2135148579_687
2023-07-03 12:33:31,130 INFO  [AttributeConverterImpl] 540_2135148579_687 : Attribute type CATLIT has been removed from the S101 feature type LightSectored
2023-07-03 12:33:31,130 WARN  [AttributeConverterImpl] Valeur S57 [directional function (1)] non convertie(s) pour categoryOfLight de LightSectored 540_2135148594_687
2023-07-03 12:33:31,130 INFO  [AttributeConverterImpl] 540_2135148594_687 : Attribute type CATLIT has been removed from the S101 feature type LightSectored
2023-07-03 12:33:31,130 WARN  [AttributeConverterImpl] Valeur S57 [directional function (1)] non convertie(s) pour categoryOfLight de LightSectored 540_2135148607_687
2023-07-03 12:33:31,130 INFO  [AttributeConverterImpl] 540_2135148607_687 : Attribute type CATLIT has been removed from the S101 feature type LightSectored
2023-07-03 12:33:31,130 INFO  [AttributeConverterImpl] 540_2135148607_687 : Removing a non-mandatory empty numeric value LightSectored:signalPeriod=
2023-07-03 12:33:31,130 WARN  [AttributeConverterImpl] Valeur S57 [directional function (1)] non convertie(s) pour categoryOfLight de LightSectored 540_2135148621_687
2023-07-03 12:33:31,130 INFO  [AttributeConverterImpl] 540_2135148621_687 : Attribute type CATLIT has been removed from the S101 feature type LightSectored
2023-07-03 12:33:31,130 INFO  [AttributeConverterImpl] 540_2135148621_687 : Removing a non-mandatory empty numeric value LightSectored:signalPeriod=
2023-07-03 12:33:31,130 WARN  [AttributeConverterImpl] Valeur S57 [directional function (1)] non convertie(s) pour categoryOfLight de LightSectored 540_2135148634_687
2023-07-03 12:33:31,130 INFO  [AttributeConverterImpl] 540_2135148634_687 : Attribute type CATLIT has been removed from the S101 feature type LightSectored
2023-07-03 12:33:31,130 INFO  [AttributeConverterImpl] 540_2135148752_687 : Attribute type CATLIT has been removed from the S101 feature type LightAllAround
2023-07-03 12:33:31,130 INFO  [AttributeConverterImpl] 540_2135148771_687 : Attribute type CATLIT has been removed from the S101 feature type LightFogDetector
2023-07-03 12:33:31,130 INFO  [AttributeConverterImpl] 540_2135148791_687 : Attribute type CATLIT has been removed from the S101 feature type LightAllAround
2023-07-03 12:33:31,130 INFO  [AttributeConverterImpl] 540_2135148846_687 : Attribute type CATLIT has been removed from the S101 feature type LightAllAround
2023-07-03 12:33:31,130 INFO  [AttributeConverterImpl] 540_2135149332_687 : Attribute type CATLIT has been removed from the S101 feature type LightAllAround
2023-07-03 12:33:31,130 INFO  [AttributeConverterImpl] 540_585001515_1469 : Cartographic intervention, the mandatory numeric S101 value has an empty value LandElevation:elevation=
2023-07-03 12:33:31,130 INFO  [AttributeConverterImpl] 540_2135153943_687 : Removing a non-mandatory empty numeric value Obstruction:valueOfSounding=
2023-07-03 12:33:31,130 INFO  [AttributeConverterImpl] 540_2135153956_687 : Attribute type CATOBS has been removed from the S101 feature type FoulGround
2023-07-03 12:33:31,130 INFO  [AttributeConverterImpl] 540_2135153956_687 : Removing a non-mandatory empty numeric value FoulGround:valueOfSounding=
2023-07-03 12:33:31,130 INFO  [AttributeConverterImpl] 540_2135153972_687 : Removing a non-mandatory empty numeric value Obstruction:valueOfSounding=
2023-07-03 12:33:31,130 INFO  [AttributeConverterImpl] 540_2135154125_687 : Attribute type CATOBS has been removed from the S101 feature type FoulGround
2023-07-03 12:33:31,130 INFO  [AttributeConverterImpl] 540_2135154125_687 : Removing a non-mandatory empty numeric value FoulGround:valueOfSounding=
2023-07-03 12:33:31,130 INFO  [AttributeConverterImpl] 540_2135154160_687 : Removing a non-mandatory empty numeric value Obstruction:valueOfSounding=
2023-07-03 12:33:31,130 INFO  [AttributeConverterImpl] 540_2135154178_687 : Removing a non-mandatory empty numeric value Obstruction:valueOfSounding=
2023-07-03 12:33:31,130 INFO  [AttributeConverterImpl] 540_2135154195_687 : Removing a non-mandatory empty numeric value Obstruction:valueOfSounding=
2023-07-03 12:33:31,130 INFO  [AttributeConverterImpl] 540_2135154216_687 : Attribute type CATOBS has been removed from the S101 feature type FoulGround
2023-07-03 12:33:31,130 INFO  [AttributeConverterImpl] 540_2135154216_687 : Removing a non-mandatory empty numeric value FoulGround:valueOfSounding=
2023-07-03 12:33:31,130 INFO  [AttributeConverterImpl] 540_583365785_1579 : Attribute type CATOBS has been removed from the S101 feature type FoulGround
2023-07-03 12:33:31,130 INFO  [AttributeConverterImpl] 540_583365785_1579 : Removing a non-mandatory empty numeric value FoulGround:valueOfSounding=
2023-07-03 12:33:31,130 INFO  [AttributeConverterImpl] 540_2135155485_687 : Cartographic intervention, the mandatory numeric S101 value has an empty value RecommendedTrack:orientationValue=
2023-07-03 12:33:31,130 INFO  [AttributeConverterImpl] 540_2135155512_687 : Cartographic intervention, the mandatory numeric S101 value has an empty value RecommendedTrack:orientationValue=
2023-07-03 12:33:31,146 INFO  [AttributeConverterImpl] 540_2135171924_687 : Setting attribute value as empty for an unexisting s101 attribute value UnderwaterAwashRock:natureOfSurface=9
2023-07-03 12:33:31,146 INFO  [AttributeConverterImpl] 540_2135171924_687 : Removing a non-mandatory empty numeric value UnderwaterAwashRock:natureOfSurface=
2023-07-03 12:33:31,146 INFO  [AttributeConverterImpl] 540_2135171924_687 : Cartographic intervention, the mandatory numeric S101 value has an empty value UnderwaterAwashRock:valueOfSounding=
2023-07-03 12:33:31,146 INFO  [AttributeConverterImpl] 540_2135171948_687 : Setting attribute value as empty for an unexisting s101 attribute value UnderwaterAwashRock:natureOfSurface=9
2023-07-03 12:33:31,146 INFO  [AttributeConverterImpl] 540_2135171948_687 : Removing a non-mandatory empty numeric value UnderwaterAwashRock:natureOfSurface=
2023-07-03 12:33:31,146 INFO  [AttributeConverterImpl] 540_2135171948_687 : Cartographic intervention, the mandatory numeric S101 value has an empty value UnderwaterAwashRock:valueOfSounding=
2023-07-03 12:33:31,146 INFO  [AttributeConverterImpl] 540_2135171968_687 : Setting attribute value as empty for an unexisting s101 attribute value UnderwaterAwashRock:natureOfSurface=9
2023-07-03 12:33:31,146 INFO  [AttributeConverterImpl] 540_2135171968_687 : Removing a non-mandatory empty numeric value UnderwaterAwashRock:natureOfSurface=
2023-07-03 12:33:31,146 INFO  [AttributeConverterImpl] 540_2135171968_687 : Cartographic intervention, the mandatory numeric S101 value has an empty value UnderwaterAwashRock:valueOfSounding=
2023-07-03 12:33:31,146 INFO  [AttributeConverterImpl] 540_2135172005_687 : Setting attribute value as empty for an unexisting s101 attribute value UnderwaterAwashRock:natureOfSurface=9
2023-07-03 12:33:31,146 INFO  [AttributeConverterImpl] 540_2135172005_687 : Removing a non-mandatory empty numeric value UnderwaterAwashRock:natureOfSurface=
2023-07-03 12:33:31,146 INFO  [AttributeConverterImpl] 540_2135172019_687 : Setting attribute value as empty for an unexisting s101 attribute value UnderwaterAwashRock:natureOfSurface=9
2023-07-03 12:33:31,146 INFO  [AttributeConverterImpl] 540_2135172019_687 : Removing a non-mandatory empty numeric value UnderwaterAwashRock:natureOfSurface=
2023-07-03 12:33:31,146 INFO  [AttributeConverterImpl] 540_2135172042_687 : Setting attribute value as empty for an unexisting s101 attribute value UnderwaterAwashRock:natureOfSurface=9
2023-07-03 12:33:31,146 INFO  [AttributeConverterImpl] 540_2135172042_687 : Removing a non-mandatory empty numeric value UnderwaterAwashRock:natureOfSurface=
2023-07-03 12:33:31,146 INFO  [AttributeConverterImpl] 540_2135172057_687 : Setting attribute value as empty for an unexisting s101 attribute value UnderwaterAwashRock:natureOfSurface=9
2023-07-03 12:33:31,146 INFO  [AttributeConverterImpl] 540_2135172057_687 : Removing a non-mandatory empty numeric value UnderwaterAwashRock:natureOfSurface=
2023-07-03 12:33:31,146 INFO  [AttributeConverterImpl] 540_2135172070_687 : Setting attribute value as empty for an unexisting s101 attribute value UnderwaterAwashRock:natureOfSurface=9
2023-07-03 12:33:31,146 INFO  [AttributeConverterImpl] 540_2135172070_687 : Removing a non-mandatory empty numeric value UnderwaterAwashRock:natureOfSurface=
2023-07-03 12:33:31,146 INFO  [AttributeConverterImpl] 540_2135172089_687 : Setting attribute value as empty for an unexisting s101 attribute value UnderwaterAwashRock:natureOfSurface=9
2023-07-03 12:33:31,146 INFO  [AttributeConverterImpl] 540_2135172089_687 : Removing a non-mandatory empty numeric value UnderwaterAwashRock:natureOfSurface=
2023-07-03 12:33:31,146 INFO  [AttributeConverterImpl] 540_2135172133_687 : Setting attribute value as empty for an unexisting s101 attribute value UnderwaterAwashRock:natureOfSurface=9
2023-07-03 12:33:31,146 INFO  [AttributeConverterImpl] 540_2135172133_687 : Removing a non-mandatory empty numeric value UnderwaterAwashRock:natureOfSurface=
2023-07-03 12:33:31,146 INFO  [AttributeConverterImpl] 540_584433629_1485 : Attribute type EXPSOU has been removed from the S101 feature type Sounding
2023-07-03 12:33:31,146 WARN  [S57ToS101Converter] S101 Specification : Relationship not found from Landmark-540_2135151700_687 to RadioStation-540_2135155399_687
2023-07-03 12:33:31,146 INFO  [FeaturesFinalizer] Adding feature TOPMAR 540_2135171282_687 to BeaconCardinal Object 540_2135131834_687
2023-07-03 12:33:31,146 INFO  [FeaturesFinalizer] Adding feature TOPMAR 540_2135171296_687 to BeaconCardinal Object 540_2135131889_687
2023-07-03 12:33:31,146 INFO  [FeaturesFinalizer] Adding feature TOPMAR 540_2135171310_687 to BeaconCardinal Object 540_2135131935_687
2023-07-03 12:33:31,146 INFO  [FeaturesFinalizer] Adding feature TOPMAR 540_2135171168_687 to BeaconLateral Object 540_2135132077_687
2023-07-03 12:33:31,146 INFO  [FeaturesFinalizer] Adding feature TOPMAR 540_2135171323_687 to BeaconLateral Object 540_2135132103_687
2023-07-03 12:33:31,146 INFO  [FeaturesFinalizer] Adding feature TOPMAR 540_2135171268_687 to BeaconSpecialPurposeGeneral Object 540_2135132739_687
2023-07-03 12:33:31,146 INFO  [FeaturesFinalizer] Adding feature TOPMAR 540_2135171194_687 to BuoyCardinal Object 540_2135133085_687
2023-07-03 12:33:31,146 INFO  [FeaturesFinalizer] Adding feature TOPMAR 540_2135171208_687 to BuoyCardinal Object 540_2135133114_687
2023-07-03 12:33:31,146 INFO  [FeaturesFinalizer] Adding feature TOPMAR 540_2135171221_687 to BuoyCardinal Object 540_2135133141_687
2023-07-03 12:33:31,146 INFO  [FeaturesFinalizer] Adding feature TOPMAR 540_2135171254_687 to BuoyCardinal Object 540_2135133167_687
2023-07-03 12:33:31,146 INFO  [FeaturesFinalizer] Adding feature TOPMAR 540_584953159_1567 to BuoyCardinal Object 540_584953147_1567
2023-07-03 12:33:31,146 INFO  [FeaturesFinalizer] Adding feature TOPMAR 540_584960500_1567 to BuoyCardinal Object 540_584960492_1567
2023-07-03 12:33:31,146 INFO  [FeaturesFinalizer] Adding feature TOPMAR 540_2135171179_687 to BuoyLateral Object 540_2135133255_687
2023-07-03 12:33:31,146 INFO  [FeaturesFinalizer] Adding feature TOPMAR 540_2135171236_687 to BuoyLateral Object 540_2135133329_687
2023-07-03 12:33:31,146 INFO  [FeaturesFinalizer] Adding feature LIGHTS 540_2135148682_687 to LightSectored Object 540_2135148667_687
2023-07-03 12:33:31,146 INFO  [FeaturesFinalizer] Adding feature LIGHTS 540_2135148105_687 to LightSectored Object 540_2135148092_687
2023-07-03 12:33:31,146 INFO  [FeaturesFinalizer] Adding feature LIGHTS 540_2135148594_687 to LightSectored Object 540_2135148579_687
2023-07-03 12:33:31,146 INFO  [FeaturesFinalizer] LIGHTS : removing feature LIGHTS 540_2135148682_687
2023-07-03 12:33:31,146 INFO  [FeaturesFinalizer] LIGHTS : removing feature LIGHTS 540_2135148696_687
2023-07-03 12:33:31,146 INFO  [FeaturesFinalizer] LIGHTS : removing feature LIGHTS 540_2135148714_687
2023-07-03 12:33:31,146 INFO  [FeaturesFinalizer] LIGHTS : removing feature LIGHTS 540_2135148105_687
2023-07-03 12:33:31,146 INFO  [FeaturesFinalizer] LIGHTS : removing feature LIGHTS 540_2135148118_687
2023-07-03 12:33:31,146 INFO  [FeaturesFinalizer] LIGHTS : removing feature LIGHTS 540_2135148131_687
2023-07-03 12:33:31,146 INFO  [FeaturesFinalizer] LIGHTS : removing feature LIGHTS 540_2135148144_687
2023-07-03 12:33:31,146 INFO  [FeaturesFinalizer] LIGHTS : removing feature LIGHTS 540_2135148157_687
2023-07-03 12:33:31,146 INFO  [FeaturesFinalizer] LIGHTS : removing feature LIGHTS 540_2135148594_687
2023-07-03 12:33:31,146 INFO  [FeaturesFinalizer] LIGHTS : removing feature LIGHTS 540_2135148607_687
2023-07-03 12:33:31,146 INFO  [FeaturesFinalizer] LIGHTS : removing feature LIGHTS 540_2135148621_687
2023-07-03 12:33:31,146 INFO  [FeaturesFinalizer] LIGHTS : removing feature LIGHTS 540_2135148634_687
2023-07-03 12:33:31,183 WARN  [S57ToS101Converter] No S101 feature type for the S57 feature type TS_PRH
2023-07-03 12:33:31,183 INFO  [S57ToS101] Writing 101AA005X01SW.000 to ./data-references/dataConverted/s164/Conversion-1.1.5/2.2.5 Good Base Cells/S100_ROOT/S-101/DATASET_FILES
2023-07-03 12:33:31,320 INFO  [CheckS101] * Checking dataSet '101AA005X01SW'...
2023-07-03 12:33:31,320 INFO  [CheckS101] ** Checking dataSet '101AA005X01SW' consistency to the dictionary...
2023-07-03 12:33:31,320 INFO  [CheckS101] ** End of dataSet '101AA005X01SW' consistency to the dictionary check
2023-07-03 12:33:31,320 INFO  [CheckS101] ** Checking dataSet '101AA005X01SW' group 1...
2023-07-03 12:33:31,320 INFO  [CheckS101] *** '101AA005X01SW.000' group 1 OK
2023-07-03 12:33:31,320 INFO  [CheckS101] ** End of dataSet '101AA005X01SW' group 1 check
2023-07-03 12:33:31,320 INFO  [CheckS101] * End of dataSet '101AA005X01SW' check
