2023-10-20 06:50:28,586 WARN  [S57ToS101Converter] Conversion de AA2OVRVU.000
2023-10-20 06:50:28,587 INFO  [AttributeConverterImpl] 1810_1386848269_20 : Attribute type VALSOU has been removed from the S101 feature type UnderwaterAwashRock
2023-10-20 06:50:28,588 INFO  [AttributeConverterImpl] 1810_1386848269_21 : Attribute type VALSOU has been removed from the S101 feature type UnderwaterAwashRock
2023-10-20 06:50:28,588 INFO  [AttributeConverterImpl] 1810_1386848269_23 : Attribute type EXPSOU has been removed from the S101 feature type Sounding
2023-10-20 06:50:28,588 INFO  [AttributeConverterImpl] 1810_1386848269_24 : Attribute type VALSOU has been removed from the S101 feature type Obstruction
2023-10-20 06:50:28,588 INFO  [AttributeConverterImpl] 1810_1386848269_25 : Attribute type VALSOU has been removed from the S101 feature type Obstruction
2023-10-20 06:50:28,588 INFO  [AttributeConverterImpl] 1810_1386848269_25 : Attribute type WATLEV has been removed from the S101 feature type Obstruction
2023-10-20 06:50:28,588 INFO  [AttributeConverterImpl] 1810_1386848269_26 : Attribute type VALSOU has been removed from the S101 feature type Obstruction
2023-10-20 06:50:28,588 INFO  [AttributeConverterImpl] 1810_1386848269_28 : Attribute type VALSOU has been removed from the S101 feature type Obstruction
2023-10-20 06:50:28,588 INFO  [AttributeConverterImpl] 1810_1386848269_31 : Attribute type VALSOU has been removed from the S101 feature type Obstruction
2023-10-20 06:50:28,588 INFO  [AttributeConverterImpl] 1810_1386848269_33 : Attribute type VALSOU has been removed from the S101 feature type Wreck
2023-10-20 06:50:28,588 INFO  [AttributeConverterImpl] 1810_1386848269_34 : Attribute type VALSOU has been removed from the S101 feature type Wreck
2023-10-20 06:50:28,589 INFO  [AttributeConverterImpl] 1810_1386848269_48 : Attribute type CATBRG has been removed from the S101 feature type SpanFixed
2023-10-20 06:50:28,589 INFO  [AttributeConverterImpl] [lattice beacon (4)] not converted for beaconShape of BeaconLateral 1810_1386848269_54
2023-10-20 06:50:28,589 INFO  [AttributeConverterImpl] 1810_1386848269_54 : Attribute type BCNSHP has been removed from the S101 feature type BeaconLateral
2023-10-20 06:50:28,590 INFO  [AttributeConverterImpl] 1810_1386848269_68 : Attribute type CLSDEF has been removed from the S101 feature type SeaAreaNamedWaterArea
2023-10-20 06:50:28,590 INFO  [AttributeConverterImpl] 1810_1386848269_68 : Attribute type CLSNAM has been removed from the S101 feature type SeaAreaNamedWaterArea
2023-10-20 06:50:28,590 INFO  [AttributeConverterImpl] 1810_1386848269_68 : Attribute type SYMINS has been removed from the S101 feature type SeaAreaNamedWaterArea
2023-10-20 06:50:28,590 INFO  [AttributeConverterImpl] 1810_1386848269_69 : Attribute type CLSDEF has been removed from the S101 feature type SeaAreaNamedWaterArea
2023-10-20 06:50:28,590 INFO  [AttributeConverterImpl] 1810_1386848269_69 : Attribute type CLSNAM has been removed from the S101 feature type SeaAreaNamedWaterArea
2023-10-20 06:50:28,590 INFO  [AttributeConverterImpl] 1810_1386848269_69 : Attribute type SYMINS has been removed from the S101 feature type SeaAreaNamedWaterArea
2023-10-20 06:50:28,590 INFO  [AttributeConverterImpl] 1810_1386848269_70 : Attribute type CLSDEF has been removed from the S101 feature type SeaAreaNamedWaterArea
2023-10-20 06:50:28,590 INFO  [AttributeConverterImpl] 1810_1386848269_70 : Attribute type CLSNAM has been removed from the S101 feature type SeaAreaNamedWaterArea
2023-10-20 06:50:28,590 INFO  [AttributeConverterImpl] 1810_1386848269_70 : Attribute type SYMINS has been removed from the S101 feature type SeaAreaNamedWaterArea
2023-10-20 06:50:28,590 INFO  [AttributeConverterImpl] 1810_1386848269_71 : Attribute type CLSDEF has been removed from the S101 feature type SeaAreaNamedWaterArea
2023-10-20 06:50:28,590 INFO  [AttributeConverterImpl] 1810_1386848269_71 : Attribute type CLSNAM has been removed from the S101 feature type SeaAreaNamedWaterArea
2023-10-20 06:50:28,590 INFO  [AttributeConverterImpl] 1810_1386848269_71 : Attribute type SYMINS has been removed from the S101 feature type SeaAreaNamedWaterArea
2023-10-20 06:50:28,590 INFO  [AttributeConverterImpl] 1810_1386848269_72 : Attribute type CLSDEF has been removed from the S101 feature type SeaAreaNamedWaterArea
2023-10-20 06:50:28,590 INFO  [AttributeConverterImpl] 1810_1386848269_72 : Attribute type CLSNAM has been removed from the S101 feature type SeaAreaNamedWaterArea
2023-10-20 06:50:28,590 INFO  [AttributeConverterImpl] 1810_1386848269_72 : Attribute type SYMINS has been removed from the S101 feature type SeaAreaNamedWaterArea
2023-10-20 06:50:28,590 INFO  [AttributeConverterImpl] 1810_1386848269_73 : Attribute type CLSDEF has been removed from the S101 feature type SeaAreaNamedWaterArea
2023-10-20 06:50:28,590 INFO  [AttributeConverterImpl] 1810_1386848269_73 : Attribute type CLSNAM has been removed from the S101 feature type SeaAreaNamedWaterArea
2023-10-20 06:50:28,590 INFO  [AttributeConverterImpl] 1810_1386848269_73 : Attribute type SYMINS has been removed from the S101 feature type SeaAreaNamedWaterArea
2023-10-20 06:50:28,590 INFO  [AttributeConverterImpl] 1810_1386848269_74 : Attribute type CLSDEF has been removed from the S101 feature type SeaAreaNamedWaterArea
2023-10-20 06:50:28,590 INFO  [AttributeConverterImpl] 1810_1386848269_74 : Attribute type CLSNAM has been removed from the S101 feature type SeaAreaNamedWaterArea
2023-10-20 06:50:28,590 INFO  [AttributeConverterImpl] 1810_1386848269_74 : Attribute type SYMINS has been removed from the S101 feature type SeaAreaNamedWaterArea
2023-10-20 06:50:28,591 INFO  [AttributeConverterImpl] 1810_1386848269_75 : Attribute type CLSDEF has been removed from the S101 feature type SeaAreaNamedWaterArea
2023-10-20 06:50:28,591 INFO  [AttributeConverterImpl] 1810_1386848269_75 : Attribute type CLSNAM has been removed from the S101 feature type SeaAreaNamedWaterArea
2023-10-20 06:50:28,591 INFO  [AttributeConverterImpl] 1810_1386848269_75 : Attribute type SYMINS has been removed from the S101 feature type SeaAreaNamedWaterArea
2023-10-20 06:50:28,591 INFO  [AttributeConverterImpl] 1810_1386848269_76 : Attribute type CLSDEF has been removed from the S101 feature type SeaAreaNamedWaterArea
2023-10-20 06:50:28,591 INFO  [AttributeConverterImpl] 1810_1386848269_76 : Attribute type CLSNAM has been removed from the S101 feature type SeaAreaNamedWaterArea
2023-10-20 06:50:28,591 INFO  [AttributeConverterImpl] 1810_1386848269_76 : Attribute type SYMINS has been removed from the S101 feature type SeaAreaNamedWaterArea
2023-10-20 06:50:28,591 INFO  [AttributeConverterImpl] 1810_1386848269_77 : Attribute type CLSDEF has been removed from the S101 feature type SeaAreaNamedWaterArea
2023-10-20 06:50:28,591 INFO  [AttributeConverterImpl] 1810_1386848269_77 : Attribute type CLSNAM has been removed from the S101 feature type SeaAreaNamedWaterArea
2023-10-20 06:50:28,591 INFO  [AttributeConverterImpl] 1810_1386848269_77 : Attribute type SYMINS has been removed from the S101 feature type SeaAreaNamedWaterArea
2023-10-20 06:50:28,591 INFO  [AttributeConverterImpl] 1810_1386848269_78 : Attribute type CLSDEF has been removed from the S101 feature type SeaAreaNamedWaterArea
2023-10-20 06:50:28,591 INFO  [AttributeConverterImpl] 1810_1386848269_78 : Attribute type CLSNAM has been removed from the S101 feature type SeaAreaNamedWaterArea
2023-10-20 06:50:28,591 INFO  [AttributeConverterImpl] 1810_1386848269_78 : Attribute type SYMINS has been removed from the S101 feature type SeaAreaNamedWaterArea
2023-10-20 06:50:28,591 INFO  [AttributeConverterImpl] 1810_1386848269_79 : Attribute type CLSDEF has been removed from the S101 feature type SeaAreaNamedWaterArea
2023-10-20 06:50:28,591 INFO  [AttributeConverterImpl] 1810_1386848269_79 : Attribute type CLSNAM has been removed from the S101 feature type SeaAreaNamedWaterArea
2023-10-20 06:50:28,591 INFO  [AttributeConverterImpl] 1810_1386848269_79 : Attribute type SYMINS has been removed from the S101 feature type SeaAreaNamedWaterArea
2023-10-20 06:50:28,591 INFO  [AttributeConverterImpl] 1810_1386848269_80 : Attribute type CLSDEF has been removed from the S101 feature type SeaAreaNamedWaterArea
2023-10-20 06:50:28,591 INFO  [AttributeConverterImpl] 1810_1386848269_80 : Attribute type CLSNAM has been removed from the S101 feature type SeaAreaNamedWaterArea
2023-10-20 06:50:28,591 INFO  [AttributeConverterImpl] 1810_1386848269_80 : Attribute type SYMINS has been removed from the S101 feature type SeaAreaNamedWaterArea
2023-10-20 06:50:28,591 INFO  [AttributeConverterImpl] 1810_1386848269_81 : Attribute type CLSDEF has been removed from the S101 feature type SeaAreaNamedWaterArea
2023-10-20 06:50:28,591 INFO  [AttributeConverterImpl] 1810_1386848269_81 : Attribute type CLSNAM has been removed from the S101 feature type SeaAreaNamedWaterArea
2023-10-20 06:50:28,591 INFO  [AttributeConverterImpl] 1810_1386848269_81 : Attribute type SYMINS has been removed from the S101 feature type SeaAreaNamedWaterArea
2023-10-20 06:50:28,591 INFO  [AttributeConverterImpl] 1810_1386848269_82 : Attribute type CLSDEF has been removed from the S101 feature type SeaAreaNamedWaterArea
2023-10-20 06:50:28,591 INFO  [AttributeConverterImpl] 1810_1386848269_82 : Attribute type CLSNAM has been removed from the S101 feature type SeaAreaNamedWaterArea
2023-10-20 06:50:28,591 INFO  [AttributeConverterImpl] 1810_1386848269_82 : Attribute type SYMINS has been removed from the S101 feature type SeaAreaNamedWaterArea
2023-10-20 06:50:28,592 INFO  [AttributeConverterImpl] 1810_1386848269_83 : Attribute type CLSDEF has been removed from the S101 feature type SeaAreaNamedWaterArea
2023-10-20 06:50:28,592 INFO  [AttributeConverterImpl] 1810_1386848269_83 : Attribute type CLSNAM has been removed from the S101 feature type SeaAreaNamedWaterArea
2023-10-20 06:50:28,592 INFO  [AttributeConverterImpl] 1810_1386848269_83 : Attribute type SYMINS has been removed from the S101 feature type SeaAreaNamedWaterArea
2023-10-20 06:50:28,592 INFO  [AttributeConverterImpl] 1810_1386848269_84 : Attribute type CLSDEF has been removed from the S101 feature type SeaAreaNamedWaterArea
2023-10-20 06:50:28,592 INFO  [AttributeConverterImpl] 1810_1386848269_84 : Attribute type CLSNAM has been removed from the S101 feature type SeaAreaNamedWaterArea
2023-10-20 06:50:28,592 INFO  [AttributeConverterImpl] 1810_1386848269_84 : Attribute type SYMINS has been removed from the S101 feature type SeaAreaNamedWaterArea
2023-10-20 06:50:28,592 INFO  [AttributeConverterImpl] 1810_1386848269_85 : Attribute type CLSDEF has been removed from the S101 feature type SeaAreaNamedWaterArea
2023-10-20 06:50:28,592 INFO  [AttributeConverterImpl] 1810_1386848269_85 : Attribute type CLSNAM has been removed from the S101 feature type SeaAreaNamedWaterArea
2023-10-20 06:50:28,592 INFO  [AttributeConverterImpl] 1810_1386848269_85 : Attribute type SYMINS has been removed from the S101 feature type SeaAreaNamedWaterArea
2023-10-20 06:50:28,592 INFO  [AttributeConverterImpl] 1810_1386848269_86 : Attribute type CLSDEF has been removed from the S101 feature type VirtualAISAidToNavigation
2023-10-20 06:50:28,592 INFO  [AttributeConverterImpl] 1810_1386848269_86 : Attribute type CLSNAM has been removed from the S101 feature type VirtualAISAidToNavigation
2023-10-20 06:50:28,592 INFO  [AttributeConverterImpl] 1810_1386848269_86 : Attribute type SYMINS has been removed from the S101 feature type VirtualAISAidToNavigation
2023-10-20 06:50:28,592 INFO  [AttributeConverterImpl] 1810_1386848269_87 : Attribute type CLSDEF has been removed from the S101 feature type VirtualAISAidToNavigation
2023-10-20 06:50:28,592 INFO  [AttributeConverterImpl] 1810_1386848269_87 : Attribute type CLSNAM has been removed from the S101 feature type VirtualAISAidToNavigation
2023-10-20 06:50:28,592 INFO  [AttributeConverterImpl] 1810_1386848269_87 : Attribute type SYMINS has been removed from the S101 feature type VirtualAISAidToNavigation
2023-10-20 06:50:28,592 INFO  [AttributeConverterImpl] 1810_1386848269_88 : Attribute type CLSDEF has been removed from the S101 feature type SeaAreaNamedWaterArea
2023-10-20 06:50:28,592 INFO  [AttributeConverterImpl] 1810_1386848269_88 : Attribute type CLSNAM has been removed from the S101 feature type SeaAreaNamedWaterArea
2023-10-20 06:50:28,592 INFO  [AttributeConverterImpl] 1810_1386848269_88 : Attribute type SYMINS has been removed from the S101 feature type SeaAreaNamedWaterArea
2023-10-20 06:50:28,592 INFO  [AttributeConverterImpl] 1810_1386848269_89 : Attribute type CLSDEF has been removed from the S101 feature type SeaAreaNamedWaterArea
2023-10-20 06:50:28,592 INFO  [AttributeConverterImpl] 1810_1386848269_89 : Attribute type CLSNAM has been removed from the S101 feature type SeaAreaNamedWaterArea
2023-10-20 06:50:28,593 INFO  [AttributeConverterImpl] 1810_1386848269_89 : Attribute type SYMINS has been removed from the S101 feature type SeaAreaNamedWaterArea
2023-10-20 06:50:28,593 INFO  [AttributeConverterImpl] 1810_1386848269_90 : Attribute type CLSDEF has been removed from the S101 feature type SeaAreaNamedWaterArea
2023-10-20 06:50:28,593 INFO  [AttributeConverterImpl] 1810_1386848269_90 : Attribute type CLSNAM has been removed from the S101 feature type SeaAreaNamedWaterArea
2023-10-20 06:50:28,593 INFO  [AttributeConverterImpl] 1810_1386848269_90 : Attribute type SYMINS has been removed from the S101 feature type SeaAreaNamedWaterArea
2023-10-20 06:50:28,593 INFO  [AttributeConverterImpl] 1810_1386848269_91 : Attribute type CLSDEF has been removed from the S101 feature type SeaAreaNamedWaterArea
2023-10-20 06:50:28,593 INFO  [AttributeConverterImpl] 1810_1386848269_91 : Attribute type CLSNAM has been removed from the S101 feature type SeaAreaNamedWaterArea
2023-10-20 06:50:28,593 INFO  [AttributeConverterImpl] 1810_1386848269_91 : Attribute type SYMINS has been removed from the S101 feature type SeaAreaNamedWaterArea
2023-10-20 06:50:28,593 INFO  [AttributeConverterImpl] 1810_1386848940_12 : Attribute type CLSDEF has been removed from the S101 feature type SeaAreaNamedWaterArea
2023-10-20 06:50:28,593 INFO  [AttributeConverterImpl] 1810_1386848940_12 : Attribute type CLSNAM has been removed from the S101 feature type SeaAreaNamedWaterArea
2023-10-20 06:50:28,593 INFO  [AttributeConverterImpl] 1810_1386848940_12 : Attribute type SYMINS has been removed from the S101 feature type SeaAreaNamedWaterArea
2023-10-20 06:50:28,593 INFO  [AttributeConverterImpl] 1810_1386848940_13 : Attribute type CLSDEF has been removed from the S101 feature type SeaAreaNamedWaterArea
2023-10-20 06:50:28,593 INFO  [AttributeConverterImpl] 1810_1386848940_13 : Attribute type CLSNAM has been removed from the S101 feature type SeaAreaNamedWaterArea
2023-10-20 06:50:28,593 INFO  [AttributeConverterImpl] 1810_1386848940_13 : Attribute type SYMINS has been removed from the S101 feature type SeaAreaNamedWaterArea
2023-10-20 06:50:28,594 INFO  [AttributeConverterImpl] 1810_1386848940_14 : Attribute type CLSDEF has been removed from the S101 feature type SeaAreaNamedWaterArea
2023-10-20 06:50:28,594 INFO  [AttributeConverterImpl] 1810_1386848940_14 : Attribute type CLSNAM has been removed from the S101 feature type SeaAreaNamedWaterArea
2023-10-20 06:50:28,594 INFO  [AttributeConverterImpl] 1810_1386848940_14 : Attribute type SYMINS has been removed from the S101 feature type SeaAreaNamedWaterArea
2023-10-20 06:50:28,594 INFO  [AttributeConverterImpl] 1810_1386848940_15 : Attribute type CLSDEF has been removed from the S101 feature type SeaAreaNamedWaterArea
2023-10-20 06:50:28,594 INFO  [AttributeConverterImpl] 1810_1386848940_15 : Attribute type CLSNAM has been removed from the S101 feature type SeaAreaNamedWaterArea
2023-10-20 06:50:28,594 INFO  [AttributeConverterImpl] 1810_1386848940_15 : Attribute type SYMINS has been removed from the S101 feature type SeaAreaNamedWaterArea
2023-10-20 06:50:28,595 WARN  [ECDISPortrayalAttributeSetterImpl] Attention no Depth areas Dredged Areas 1810_1386848269_22
2023-10-20 06:50:28,596 WARN  [ECDISPortrayalAttributeSetterImpl] Attention no Depth areas Dredged Areas 1810_1386848269_28
2023-10-20 06:50:28,596 WARN  [ECDISPortrayalAttributeSetterImpl] Attention no Depth areas Dredged Areas 1810_1386848269_30
2023-10-20 06:50:28,597 WARN  [ECDISPortrayalAttributeSetterImpl] Attention no Depth areas Dredged Areas 1810_1386848269_31
2023-10-20 06:50:28,597 WARN  [ECDISPortrayalAttributeSetterImpl] Attention no Depth areas Dredged Areas 1810_1386848269_33
2023-10-20 06:50:28,597 WARN  [ECDISPortrayalAttributeSetterImpl] Attention no Depth areas Dredged Areas 1810_1386848269_34
2023-10-20 06:50:28,599 INFO  [S57ToS101] Writing 10100AA_OVRVU.000 to ./data-references/dataConverted/s164/V3/TestDataSets/5.0 Navigational Hazards/Overview/S100_ROOT/S-101/DATASET_FILES
