2023-10-20 06:50:28,483 WARN  [S57ToS101Converter] Conversion de AA3NAVHZ.000
2023-10-20 06:50:28,484 INFO  [AttributeConverterImpl] 1810_-635871719_30 : Attribute type CLSDEF has been removed from the S101 feature type SeaAreaNamedWaterArea
2023-10-20 06:50:28,484 INFO  [AttributeConverterImpl] 1810_-635871719_30 : Attribute type CLSNAM has been removed from the S101 feature type SeaAreaNamedWaterArea
2023-10-20 06:50:28,484 INFO  [AttributeConverterImpl] 1810_-635871719_30 : Attribute type SYMINS has been removed from the S101 feature type SeaAreaNamedWaterArea
2023-10-20 06:50:28,484 INFO  [AttributeConverterImpl] 1810_-1579944164_31 : Attribute type CLSDEF has been removed from the S101 feature type SeaAreaNamedWaterArea
2023-10-20 06:50:28,484 INFO  [AttributeConverterImpl] 1810_-1579944164_31 : Attribute type CLSNAM has been removed from the S101 feature type SeaAreaNamedWaterArea
2023-10-20 06:50:28,484 INFO  [AttributeConverterImpl] 1810_-1579944164_31 : Attribute type SYMINS has been removed from the S101 feature type SeaAreaNamedWaterArea
2023-10-20 06:50:28,484 INFO  [AttributeConverterImpl] 1810_1412125130_32 : Attribute type CLSDEF has been removed from the S101 feature type SeaAreaNamedWaterArea
2023-10-20 06:50:28,484 INFO  [AttributeConverterImpl] 1810_1412125130_32 : Attribute type CLSNAM has been removed from the S101 feature type SeaAreaNamedWaterArea
2023-10-20 06:50:28,484 INFO  [AttributeConverterImpl] 1810_1412125130_32 : Attribute type SYMINS has been removed from the S101 feature type SeaAreaNamedWaterArea
2023-10-20 06:50:28,484 INFO  [AttributeConverterImpl] 1810_2058027581_33 : Attribute type CLSDEF has been removed from the S101 feature type SeaAreaNamedWaterArea
2023-10-20 06:50:28,484 INFO  [AttributeConverterImpl] 1810_2058027581_33 : Attribute type CLSNAM has been removed from the S101 feature type SeaAreaNamedWaterArea
2023-10-20 06:50:28,484 INFO  [AttributeConverterImpl] 1810_2058027581_33 : Attribute type SYMINS has been removed from the S101 feature type SeaAreaNamedWaterArea
2023-10-20 06:50:28,484 INFO  [AttributeConverterImpl] 1810_1917820074_34 : Attribute type CLSDEF has been removed from the S101 feature type SeaAreaNamedWaterArea
2023-10-20 06:50:28,484 INFO  [AttributeConverterImpl] 1810_1917820074_34 : Attribute type CLSNAM has been removed from the S101 feature type SeaAreaNamedWaterArea
2023-10-20 06:50:28,484 INFO  [AttributeConverterImpl] 1810_1917820074_34 : Attribute type SYMINS has been removed from the S101 feature type SeaAreaNamedWaterArea
2023-10-20 06:50:28,484 INFO  [AttributeConverterImpl] 1810_-1843198205_35 : Attribute type CLSDEF has been removed from the S101 feature type SeaAreaNamedWaterArea
2023-10-20 06:50:28,484 INFO  [AttributeConverterImpl] 1810_-1843198205_35 : Attribute type CLSNAM has been removed from the S101 feature type SeaAreaNamedWaterArea
2023-10-20 06:50:28,484 INFO  [AttributeConverterImpl] 1810_-1843198205_35 : Attribute type SYMINS has been removed from the S101 feature type SeaAreaNamedWaterArea
2023-10-20 06:50:28,484 INFO  [AttributeConverterImpl] 1810_1015482332_36 : Attribute type CLSDEF has been removed from the S101 feature type SeaAreaNamedWaterArea
2023-10-20 06:50:28,484 INFO  [AttributeConverterImpl] 1810_1015482332_36 : Attribute type CLSNAM has been removed from the S101 feature type SeaAreaNamedWaterArea
2023-10-20 06:50:28,484 INFO  [AttributeConverterImpl] 1810_1015482332_36 : Attribute type SYMINS has been removed from the S101 feature type SeaAreaNamedWaterArea
2023-10-20 06:50:28,484 INFO  [AttributeConverterImpl] 1810_119267300_37 : Attribute type CLSDEF has been removed from the S101 feature type SeaAreaNamedWaterArea
2023-10-20 06:50:28,484 INFO  [AttributeConverterImpl] 1810_119267300_37 : Attribute type CLSNAM has been removed from the S101 feature type SeaAreaNamedWaterArea
2023-10-20 06:50:28,484 INFO  [AttributeConverterImpl] 1810_119267300_37 : Attribute type SYMINS has been removed from the S101 feature type SeaAreaNamedWaterArea
2023-10-20 06:50:28,485 INFO  [AttributeConverterImpl] 1810_567411052_38 : Attribute type CLSDEF has been removed from the S101 feature type SeaAreaNamedWaterArea
2023-10-20 06:50:28,485 INFO  [AttributeConverterImpl] 1810_567411052_38 : Attribute type CLSNAM has been removed from the S101 feature type SeaAreaNamedWaterArea
2023-10-20 06:50:28,485 INFO  [AttributeConverterImpl] 1810_567411052_38 : Attribute type SYMINS has been removed from the S101 feature type SeaAreaNamedWaterArea
2023-10-20 06:50:28,485 INFO  [AttributeConverterImpl] 1810_1007663419_39 : Attribute type CLSDEF has been removed from the S101 feature type SeaAreaNamedWaterArea
2023-10-20 06:50:28,485 INFO  [AttributeConverterImpl] 1810_1007663419_39 : Attribute type CLSNAM has been removed from the S101 feature type SeaAreaNamedWaterArea
2023-10-20 06:50:28,485 INFO  [AttributeConverterImpl] 1810_1007663419_39 : Attribute type SYMINS has been removed from the S101 feature type SeaAreaNamedWaterArea
2023-10-20 06:50:28,485 INFO  [AttributeConverterImpl] 1810_-721901047_40 : Attribute type CLSDEF has been removed from the S101 feature type SeaAreaNamedWaterArea
2023-10-20 06:50:28,485 INFO  [AttributeConverterImpl] 1810_-721901047_40 : Attribute type CLSNAM has been removed from the S101 feature type SeaAreaNamedWaterArea
2023-10-20 06:50:28,485 INFO  [AttributeConverterImpl] 1810_-721901047_40 : Attribute type SYMINS has been removed from the S101 feature type SeaAreaNamedWaterArea
2023-10-20 06:50:28,485 INFO  [AttributeConverterImpl] 1810_-699299604_41 : Attribute type CLSDEF has been removed from the S101 feature type SeaAreaNamedWaterArea
2023-10-20 06:50:28,485 INFO  [AttributeConverterImpl] 1810_-699299604_41 : Attribute type CLSNAM has been removed from the S101 feature type SeaAreaNamedWaterArea
2023-10-20 06:50:28,485 INFO  [AttributeConverterImpl] 1810_-699299604_41 : Attribute type SYMINS has been removed from the S101 feature type SeaAreaNamedWaterArea
2023-10-20 06:50:28,485 INFO  [AttributeConverterImpl] 1810_-69364715_42 : Attribute type CLSDEF has been removed from the S101 feature type SeaAreaNamedWaterArea
2023-10-20 06:50:28,485 INFO  [AttributeConverterImpl] 1810_-69364715_42 : Attribute type CLSNAM has been removed from the S101 feature type SeaAreaNamedWaterArea
2023-10-20 06:50:28,485 INFO  [AttributeConverterImpl] 1810_-69364715_42 : Attribute type SYMINS has been removed from the S101 feature type SeaAreaNamedWaterArea
2023-10-20 06:50:28,485 INFO  [AttributeConverterImpl] 1810_-366676603_43 : Attribute type CLSDEF has been removed from the S101 feature type SeaAreaNamedWaterArea
2023-10-20 06:50:28,485 INFO  [AttributeConverterImpl] 1810_-366676603_43 : Attribute type CLSNAM has been removed from the S101 feature type SeaAreaNamedWaterArea
2023-10-20 06:50:28,485 INFO  [AttributeConverterImpl] 1810_-366676603_43 : Attribute type SYMINS has been removed from the S101 feature type SeaAreaNamedWaterArea
2023-10-20 06:50:28,486 INFO  [AttributeConverterImpl] [lattice beacon (4)] not converted for beaconShape of BeaconLateral 1810_-1533411093_54
2023-10-20 06:50:28,486 INFO  [AttributeConverterImpl] 1810_-1533411093_54 : Attribute type BCNSHP has been removed from the S101 feature type BeaconLateral
2023-10-20 06:50:28,486 INFO  [AttributeConverterImpl] 1810_2022629413_74 : Attribute type CLSDEF has been removed from the S101 feature type VirtualAISAidToNavigation
2023-10-20 06:50:28,487 INFO  [AttributeConverterImpl] 1810_2022629413_74 : Attribute type CLSNAM has been removed from the S101 feature type VirtualAISAidToNavigation
2023-10-20 06:50:28,487 INFO  [AttributeConverterImpl] 1810_2022629413_74 : Attribute type SYMINS has been removed from the S101 feature type VirtualAISAidToNavigation
2023-10-20 06:50:28,487 INFO  [AttributeConverterImpl] 1810_1801302113_75 : Attribute type CLSDEF has been removed from the S101 feature type VirtualAISAidToNavigation
2023-10-20 06:50:28,487 INFO  [AttributeConverterImpl] 1810_1801302113_75 : Attribute type CLSNAM has been removed from the S101 feature type VirtualAISAidToNavigation
2023-10-20 06:50:28,487 INFO  [AttributeConverterImpl] 1810_1801302113_75 : Attribute type SYMINS has been removed from the S101 feature type VirtualAISAidToNavigation
2023-10-20 06:50:28,487 INFO  [AttributeConverterImpl] 1810_608238869_78 : Attribute type CATBRG has been removed from the S101 feature type Landmark
2023-10-20 06:50:28,487 INFO  [AttributeConverterImpl] 1810_-271375490_79 : Attribute type CATBRG has been removed from the S101 feature type SpanFixed
2023-10-20 06:50:28,487 INFO  [AttributeConverterImpl] 1810_2113645231_80 : Attribute type CATBRG has been removed from the S101 feature type SpanFixed
2023-10-20 06:50:28,487 INFO  [AttributeConverterImpl] [wine (20)] not converted for product of Conveyor 1810_1972515201_84
2023-10-20 06:50:28,488 INFO  [AttributeConverterImpl] 1810_1972515201_84 : Attribute type PRODCT has been removed from the S101 feature type Conveyor
2023-10-20 06:50:28,488 INFO  [AttributeConverterImpl] 1810_791135104_96 : Attribute type VALSOU has been removed from the S101 feature type Obstruction
2023-10-20 06:50:28,488 INFO  [AttributeConverterImpl] 1810_-1649275841_99 : Attribute type VALSOU has been removed from the S101 feature type Obstruction
2023-10-20 06:50:28,488 INFO  [AttributeConverterImpl] 1810_1146967681_100 : Attribute type VALSOU has been removed from the S101 feature type Obstruction
2023-10-20 06:50:28,488 INFO  [AttributeConverterImpl] 1810_-1034002769_101 : Attribute type VALSOU has been removed from the S101 feature type Obstruction
2023-10-20 06:50:28,488 INFO  [AttributeConverterImpl] 1810_-1265481184_103 : Attribute type VALSOU has been removed from the S101 feature type Obstruction
2023-10-20 06:50:28,488 INFO  [AttributeConverterImpl] 1810_412027793_104 : Attribute type VALSOU has been removed from the S101 feature type Obstruction
2023-10-20 06:50:28,489 INFO  [AttributeConverterImpl] 1810_471258153_105 : Attribute type VALSOU has been removed from the S101 feature type Obstruction
2023-10-20 06:50:28,489 INFO  [AttributeConverterImpl] 1810_600899575_106 : Attribute type VALSOU has been removed from the S101 feature type Obstruction
2023-10-20 06:50:28,489 INFO  [AttributeConverterImpl] 1810_-1812380239_107 : Attribute type VALSOU has been removed from the S101 feature type Obstruction
2023-10-20 06:50:28,489 INFO  [AttributeConverterImpl] 1810_1256312656_108 : Attribute type VALSOU has been removed from the S101 feature type Obstruction
2023-10-20 06:50:28,489 INFO  [AttributeConverterImpl] 1810_-1254217186_122 : Attribute type VALSOU has been removed from the S101 feature type Obstruction
2023-10-20 06:50:28,489 INFO  [AttributeConverterImpl] 1810_556991014_125 : Attribute type VALSOU has been removed from the S101 feature type Obstruction
2023-10-20 06:50:28,489 INFO  [AttributeConverterImpl] 1810_-26886082_126 : Attribute type VALSOU has been removed from the S101 feature type Obstruction
2023-10-20 06:50:28,489 INFO  [AttributeConverterImpl] 1810_1832856817_127 : Attribute type VALSOU has been removed from the S101 feature type Obstruction
2023-10-20 06:50:28,490 INFO  [AttributeConverterImpl] 1810_-2006750930_128 : Attribute type VALSOU has been removed from the S101 feature type Obstruction
2023-10-20 06:50:28,490 INFO  [AttributeConverterImpl] 1810_898661504_129 : Attribute type VALSOU has been removed from the S101 feature type Obstruction
2023-10-20 06:50:28,490 INFO  [AttributeConverterImpl] 1810_-1502502857_130 : Attribute type VALSOU has been removed from the S101 feature type Obstruction
2023-10-20 06:50:28,490 INFO  [AttributeConverterImpl] 1810_-1662570632_131 : Attribute type VALSOU has been removed from the S101 feature type Obstruction
2023-10-20 06:50:28,490 INFO  [AttributeConverterImpl] 1810_2091565966_132 : Attribute type CLSDEF has been removed from the S101 feature type SeaAreaNamedWaterArea
2023-10-20 06:50:28,490 INFO  [AttributeConverterImpl] 1810_2091565966_132 : Attribute type CLSNAM has been removed from the S101 feature type SeaAreaNamedWaterArea
2023-10-20 06:50:28,490 INFO  [AttributeConverterImpl] 1810_2091565966_132 : Attribute type SYMINS has been removed from the S101 feature type SeaAreaNamedWaterArea
2023-10-20 06:50:28,490 INFO  [AttributeConverterImpl] 1810_-1495773542_133 : Attribute type CLSDEF has been removed from the S101 feature type SeaAreaNamedWaterArea
2023-10-20 06:50:28,490 INFO  [AttributeConverterImpl] 1810_-1495773542_133 : Attribute type CLSNAM has been removed from the S101 feature type SeaAreaNamedWaterArea
2023-10-20 06:50:28,490 INFO  [AttributeConverterImpl] 1810_-1495773542_133 : Attribute type SYMINS has been removed from the S101 feature type SeaAreaNamedWaterArea
2023-10-20 06:50:28,490 INFO  [AttributeConverterImpl] 1810_-398812374_134 : Attribute type CLSDEF has been removed from the S101 feature type SeaAreaNamedWaterArea
2023-10-20 06:50:28,490 INFO  [AttributeConverterImpl] 1810_-398812374_134 : Attribute type CLSNAM has been removed from the S101 feature type SeaAreaNamedWaterArea
2023-10-20 06:50:28,490 INFO  [AttributeConverterImpl] 1810_-398812374_134 : Attribute type SYMINS has been removed from the S101 feature type SeaAreaNamedWaterArea
2023-10-20 06:50:28,490 INFO  [AttributeConverterImpl] 1810_955105461_135 : Attribute type CLSDEF has been removed from the S101 feature type SeaAreaNamedWaterArea
2023-10-20 06:50:28,490 INFO  [AttributeConverterImpl] 1810_955105461_135 : Attribute type CLSNAM has been removed from the S101 feature type SeaAreaNamedWaterArea
2023-10-20 06:50:28,490 INFO  [AttributeConverterImpl] 1810_955105461_135 : Attribute type SYMINS has been removed from the S101 feature type SeaAreaNamedWaterArea
2023-10-20 06:50:28,490 INFO  [AttributeConverterImpl] 1810_-1078189722_137 : Attribute type VALSOU has been removed from the S101 feature type Wreck
2023-10-20 06:50:28,490 INFO  [AttributeConverterImpl] 1810_-1078189722_137 : Attribute type WATLEV has been removed from the S101 feature type Wreck
2023-10-20 06:50:28,490 INFO  [AttributeConverterImpl] 1810_1012638759_138 : Attribute type VALSOU has been removed from the S101 feature type Wreck
2023-10-20 06:50:28,490 INFO  [AttributeConverterImpl] 1810_-858762091_139 : Attribute type VALSOU has been removed from the S101 feature type Wreck
2023-10-20 06:50:28,490 INFO  [AttributeConverterImpl] 1810_-858762091_139 : Attribute type WATLEV has been removed from the S101 feature type Wreck
2023-10-20 06:50:28,491 INFO  [AttributeConverterImpl] 1810_32801784_140 : Attribute type VALSOU has been removed from the S101 feature type Wreck
2023-10-20 06:50:28,491 INFO  [AttributeConverterImpl] 1810_-62837006_141 : Attribute type VALSOU has been removed from the S101 feature type Wreck
2023-10-20 06:50:28,491 INFO  [AttributeConverterImpl] 1810_-1198040440_142 : Attribute type VALSOU has been removed from the S101 feature type Wreck
2023-10-20 06:50:28,491 INFO  [AttributeConverterImpl] 1810_-1198040440_142 : Attribute type WATLEV has been removed from the S101 feature type Wreck
2023-10-20 06:50:28,491 INFO  [AttributeConverterImpl] 1810_-1856724089_143 : Attribute type VALSOU has been removed from the S101 feature type Wreck
2023-10-20 06:50:28,491 INFO  [AttributeConverterImpl] 1810_-74342197_144 : Attribute type VALSOU has been removed from the S101 feature type Wreck
2023-10-20 06:50:28,491 INFO  [AttributeConverterImpl] 1810_93922100_145 : Attribute type VALSOU has been removed from the S101 feature type Wreck
2023-10-20 06:50:28,491 INFO  [AttributeConverterImpl] 1810_600178240_146 : Attribute type VALSOU has been removed from the S101 feature type Wreck
2023-10-20 06:50:28,491 INFO  [AttributeConverterImpl] 1810_-721071075_147 : Attribute type VALSOU has been removed from the S101 feature type Wreck
2023-10-20 06:50:28,491 INFO  [AttributeConverterImpl] 1810_-810724190_148 : Attribute type VALSOU has been removed from the S101 feature type Wreck
2023-10-20 06:50:28,491 INFO  [AttributeConverterImpl] 1810_1323445995_153 : Attribute type VALSOU has been removed from the S101 feature type Wreck
2023-10-20 06:50:28,491 INFO  [AttributeConverterImpl] 1810_1323445995_153 : Attribute type WATLEV has been removed from the S101 feature type Wreck
2023-10-20 06:50:28,491 INFO  [AttributeConverterImpl] 1810_-697324265_154 : Attribute type VALSOU has been removed from the S101 feature type Wreck
2023-10-20 06:50:28,491 INFO  [AttributeConverterImpl] 1810_-1432699256_158 : Attribute type VALSOU has been removed from the S101 feature type UnderwaterAwashRock
2023-10-20 06:50:28,492 INFO  [AttributeConverterImpl] 1810_-143716366_170 : Attribute type VALSOU has been removed from the S101 feature type UnderwaterAwashRock
2023-10-20 06:50:28,492 INFO  [AttributeConverterImpl] 1810_588105015_176 : Attribute type VALSOU has been removed from the S101 feature type UnderwaterAwashRock
2023-10-20 06:50:28,492 INFO  [AttributeConverterImpl] 1810_-36226263_177 : Attribute type EXPSOU has been removed from the S101 feature type Sounding
2023-10-20 06:50:28,492 INFO  [FeaturesFinalizer] Adding feature TOPMAR 1810_2071786090_44 to BuoyCardinal Object 1810_-223187386_45
2023-10-20 06:50:28,492 INFO  [FeaturesFinalizer] Adding feature TOPMAR 1810_-685553747_48 to BeaconCardinal Object 1810_727305646_49
2023-10-20 06:50:28,493 INFO  [FeaturesFinalizer] Adding feature TOPMAR 1810_1476804763_46 to BuoyIsolatedDanger Object 1810_1863534183_47
2023-10-20 06:50:28,493 INFO  [FeaturesFinalizer] Adding feature TOPMAR 1810_-1674715021_50 to BeaconIsolatedDanger Object 1810_-1127287011_51
2023-10-20 06:50:28,493 INFO  [FeaturesFinalizer] Adding feature TOPMAR 1810_1605795688_52 to BuoyLateral Object 1810_1184777398_53
2023-10-20 06:50:28,493 INFO  [FeaturesFinalizer] Adding feature TOPMAR 1810_-569687998_55 to BuoySafeWater Object 1810_402804843_56
2023-10-20 06:50:28,493 INFO  [FeaturesFinalizer] Adding feature TOPMAR 1810_-1266760066_57 to BeaconSafeWater Object 1810_-1283395647_58
2023-10-20 06:50:28,493 INFO  [FeaturesFinalizer] Adding feature TOPMAR 1810_-789496894_60 to BeaconSpecialPurposeGeneral Object 1810_-734409167_61
2023-10-20 06:50:28,494 WARN  [ECDISPortrayalAttributeSetterImpl] Attention no Depth areas Dredged Areas 1810_1545975975_93
2023-10-20 06:50:28,494 WARN  [ECDISPortrayalAttributeSetterImpl] Attention no Depth areas Dredged Areas 1810_99306259_94
2023-10-20 06:50:28,494 WARN  [ECDISPortrayalAttributeSetterImpl] Attention no Depth areas Dredged Areas 1810_2034847495_95
2023-10-20 06:50:28,494 WARN  [ECDISPortrayalAttributeSetterImpl] Attention no Depth areas Dredged Areas 1810_791135104_96
2023-10-20 06:50:28,495 WARN  [ECDISPortrayalAttributeSetterImpl] Attention no Depth areas Dredged Areas 1810_1358503579_97
2023-10-20 06:50:28,495 WARN  [ECDISPortrayalAttributeSetterImpl] Attention no Depth areas Dredged Areas 1810_142331907_98
2023-10-20 06:50:28,495 WARN  [ECDISPortrayalAttributeSetterImpl] Attention no Depth areas Dredged Areas 1810_-1649275841_99
2023-10-20 06:50:28,495 WARN  [ECDISPortrayalAttributeSetterImpl] Attention no Depth areas Dredged Areas 1810_1146967681_100
2023-10-20 06:50:28,495 WARN  [ECDISPortrayalAttributeSetterImpl] Attention no Depth areas Dredged Areas 1810_-1034002769_101
2023-10-20 06:50:28,495 WARN  [ECDISPortrayalAttributeSetterImpl] Attention no Depth areas Dredged Areas 1810_-1265481184_103
2023-10-20 06:50:28,496 WARN  [ECDISPortrayalAttributeSetterImpl] Attention no Depth areas Dredged Areas 1810_412027793_104
2023-10-20 06:50:28,496 WARN  [ECDISPortrayalAttributeSetterImpl] Attention no Depth areas Dredged Areas 1810_471258153_105
2023-10-20 06:50:28,496 WARN  [ECDISPortrayalAttributeSetterImpl] Attention no Depth areas Dredged Areas 1810_600899575_106
2023-10-20 06:50:28,499 WARN  [ECDISPortrayalAttributeSetterImpl] Attention no Depth areas Dredged Areas 1810_-1078189722_137
2023-10-20 06:50:28,499 WARN  [ECDISPortrayalAttributeSetterImpl] Attention no Depth areas Dredged Areas 1810_1012638759_138
2023-10-20 06:50:28,499 WARN  [ECDISPortrayalAttributeSetterImpl] Attention no Depth areas Dredged Areas 1810_-858762091_139
2023-10-20 06:50:28,500 WARN  [ECDISPortrayalAttributeSetterImpl] Attention no Depth areas Dredged Areas 1810_32801784_140
2023-10-20 06:50:28,500 WARN  [ECDISPortrayalAttributeSetterImpl] Attention no Depth areas Dredged Areas 1810_-62837006_141
2023-10-20 06:50:28,500 WARN  [ECDISPortrayalAttributeSetterImpl] Attention no Depth areas Dredged Areas 1810_-1198040440_142
2023-10-20 06:50:28,500 WARN  [ECDISPortrayalAttributeSetterImpl] Attention no Depth areas Dredged Areas 1810_-1856724089_143
2023-10-20 06:50:28,500 WARN  [ECDISPortrayalAttributeSetterImpl] Attention no Depth areas Dredged Areas 1810_-74342197_144
2023-10-20 06:50:28,500 WARN  [ECDISPortrayalAttributeSetterImpl] Attention no Depth areas Dredged Areas 1810_93922100_145
2023-10-20 06:50:28,501 WARN  [ECDISPortrayalAttributeSetterImpl] Attention no Depth areas Dredged Areas 1810_600178240_146
2023-10-20 06:50:28,501 WARN  [ECDISPortrayalAttributeSetterImpl] Attention no Depth areas Dredged Areas 1810_-721071075_147
2023-10-20 06:50:28,501 WARN  [ECDISPortrayalAttributeSetterImpl] Attention no Depth areas Dredged Areas 1810_-810724190_148
2023-10-20 06:50:28,502 WARN  [ECDISPortrayalAttributeSetterImpl] Attention no Depth areas Dredged Areas 1810_1187060246_156
2023-10-20 06:50:28,502 WARN  [ECDISPortrayalAttributeSetterImpl] Attention no Depth areas Dredged Areas 1810_378044854_157
2023-10-20 06:50:28,502 WARN  [ECDISPortrayalAttributeSetterImpl] Attention no Depth areas Dredged Areas 1810_-1432699256_158
2023-10-20 06:50:28,502 WARN  [ECDISPortrayalAttributeSetterImpl] Attention no Depth areas Dredged Areas 1810_1642956414_159
2023-10-20 06:50:28,506 INFO  [S57ToS101] Writing 10100AA_NAVHZ.000 to ./data-references/dataConverted/s164/V3/TestDataSets/5.0 Navigational Hazards/S100_ROOT/S-101/DATASET_FILES
