2023-10-20 06:50:28,392 WARN  [GenerateS164TestDataSets] * Checking Signatures ....
2023-10-20 06:50:28,392 WARN  [GenerateS164TestDataSets] 	 false
2023-10-20 06:50:28,393 WARN  [CheckS101] * Checking dataSet '1012J4X0001_1.0'...
2023-10-20 06:50:28,393 WARN  [CheckS101] Check Dictionnary ...
2023-10-20 06:50:28,393 INFO  [CheckS101] ** Checking dataSet '1012J4X0001' consistency to the dictionary...
2023-10-20 06:50:28,393 INFO  [CheckS101] ** End of dataSet '1012J4X0001' consistency to the dictionary check
2023-10-20 06:50:28,393 WARN  [CheckS101] Dictionnary true
2023-10-20 06:50:28,393 WARN  [CheckS101] Check Groupe1 ...
2023-10-20 06:50:28,393 INFO  [CheckS101] ** Checking dataSet '1012J4X0001' group 1...
2023-10-20 06:50:28,393 INFO  [CheckS101] 	 '1012J4X0001.000' group 1 OK
2023-10-20 06:50:28,393 INFO  [CheckS101] ** End of dataSet '1012J4X0001' group 1 check
2023-10-20 06:50:28,393 WARN  [CheckS101] Groupe1 true
2023-10-20 06:50:28,393 WARN  [CheckS101] Check ChainNode ...
2023-10-20 06:50:28,393 WARN  [CheckS101] ChainNode true
2023-10-20 06:50:28,393 WARN  [CheckS101] Check UnUsedSpatialObjects ...
2023-10-20 06:50:28,393 WARN  [CheckS101] Check UnUsedSpatialObjects false
2023-10-20 06:50:28,393 WARN  [CheckS101] * End of dataSet '1012J4X0001_1.0' check
2023-10-20 06:50:28,402 WARN  [CheckS101] * Checking dataSet '1012J5X0001_2.0'...
2023-10-20 06:50:28,402 WARN  [CheckS101] Check Dictionnary ...
2023-10-20 06:50:28,402 INFO  [CheckS101] ** Checking dataSet '1012J5X0001' consistency to the dictionary...
2023-10-20 06:50:28,402 ERROR [CheckS101] 	 Unknown attribute type 'valueOfDepthContour' for feature type 'UpdateInformation'
2023-10-20 06:50:28,402 ERROR [CheckS101] 	 Unknown attribute type 'valueOfDepthContour' for feature type 'UpdateInformation'
2023-10-20 06:50:28,403 ERROR [CheckS101] Unknown feature type TideHarmonicPrediction
2023-10-20 06:50:28,403 ERROR [CheckS101] Unknown feature type TideHarmonicPrediction
2023-10-20 06:50:28,403 ERROR [CheckS101] Unknown feature type TideHarmonicPrediction
2023-10-20 06:50:28,403 ERROR [CheckS101] Unknown feature type TideHarmonicPrediction
2023-10-20 06:50:28,403 ERROR [CheckS101] Unknown feature type TideHarmonicPrediction
2023-10-20 06:50:28,403 ERROR [CheckS101] Unknown feature type TideHarmonicPrediction
2023-10-20 06:50:28,403 INFO  [CheckS101] ** End of dataSet '1012J5X0001' consistency to the dictionary check
2023-10-20 06:50:28,403 WARN  [CheckS101] Dictionnary false
2023-10-20 06:50:28,403 WARN  [CheckS101] Check Groupe1 ...
2023-10-20 06:50:28,403 INFO  [CheckS101] ** Checking dataSet '1012J5X0001' group 1...
2023-10-20 06:50:28,403 INFO  [CheckS101] 	 '1012J5X0001.000' group 1 OK
2023-10-20 06:50:28,403 INFO  [CheckS101] ** End of dataSet '1012J5X0001' group 1 check
2023-10-20 06:50:28,403 WARN  [CheckS101] Groupe1 true
2023-10-20 06:50:28,403 WARN  [CheckS101] Check ChainNode ...
2023-10-20 06:50:28,403 WARN  [CheckS101] ChainNode true
2023-10-20 06:50:28,404 WARN  [CheckS101] Check UnUsedSpatialObjects ...
2023-10-20 06:50:28,404 WARN  [CheckS101] Check UnUsedSpatialObjects false
2023-10-20 06:50:28,404 WARN  [CheckS101] * End of dataSet '1012J5X0001_2.0' check
2023-10-20 06:50:28,405 WARN  [CheckS101] * Checking dataSet '1012J5X0002_1.0'...
2023-10-20 06:50:28,405 WARN  [CheckS101] Check Dictionnary ...
2023-10-20 06:50:28,405 INFO  [CheckS101] ** Checking dataSet '1012J5X0002' consistency to the dictionary...
2023-10-20 06:50:28,405 INFO  [CheckS101] ** End of dataSet '1012J5X0002' consistency to the dictionary check
2023-10-20 06:50:28,405 WARN  [CheckS101] Dictionnary true
2023-10-20 06:50:28,405 WARN  [CheckS101] Check Groupe1 ...
2023-10-20 06:50:28,405 INFO  [CheckS101] ** Checking dataSet '1012J5X0002' group 1...
2023-10-20 06:50:28,405 INFO  [CheckS101] 	 '1012J5X0002.000' group 1 OK
2023-10-20 06:50:28,405 INFO  [CheckS101] ** End of dataSet '1012J5X0002' group 1 check
2023-10-20 06:50:28,405 WARN  [CheckS101] Groupe1 true
2023-10-20 06:50:28,405 WARN  [CheckS101] Check ChainNode ...
2023-10-20 06:50:28,405 WARN  [CheckS101] ChainNode true
2023-10-20 06:50:28,405 WARN  [CheckS101] Check UnUsedSpatialObjects ...
2023-10-20 06:50:28,405 WARN  [CheckS101] Check UnUsedSpatialObjects false
2023-10-20 06:50:28,405 WARN  [CheckS101] * End of dataSet '1012J5X0002_1.0' check
