2023-10-20 06:50:23,558 WARN  [S57ToS101Converter] Conversion de GB5X01NW.000
2023-10-20 06:50:23,574 INFO  [AttributeConverterImpl] [dredging prohibited (9),  | , diving prohibited (11)] not converted for restriction of RestrictedAreaNavigational 540_29175021_1
2023-10-20 06:50:23,574 INFO  [AttributeConverterImpl] [anchoring prohibited (1)] not converted for restriction of RestrictedAreaRegulatory 540_29175021_1
2023-10-20 06:50:23,574 INFO  [AttributeConverterImpl] 540_29175023_1 : Attribute type VALSOU has been removed from the S101 feature type Obstruction
2023-10-20 06:50:23,582 INFO  [AttributeConverterImpl] 540_29174974_1 : Attribute type CATBRG has been removed from the S101 feature type SpanFixed
2023-10-20 06:50:23,582 INFO  [AttributeConverterImpl] 540_29174974_1 : Cartographic intervention, the mandatory numeric S101 value has an empty value SpanFixed:verticalClearanceValue=
2023-10-20 06:50:23,582 INFO  [AttributeConverterImpl] 540_29175049_1 : Attribute type CATBRG has been removed from the S101 feature type SpanOpening
2023-10-20 06:50:23,583 INFO  [AttributeConverterImpl] 540_29175050_1 : Attribute type CATBRG has been removed from the S101 feature type SpanFixed
2023-10-20 06:50:23,583 INFO  [AttributeConverterImpl] 540_29175050_1 : Cartographic intervention, the mandatory numeric S101 value has an empty value SpanFixed:verticalClearanceValue=
2023-10-20 06:50:23,586 INFO  [AttributeConverterImpl] [fishing prohibited (3)] not converted for restriction of RestrictedAreaNavigational 540_29175341_1
2023-10-20 06:50:23,587 INFO  [AttributeConverterImpl] [anchoring prohibited (1)] not converted for restriction of RestrictedAreaRegulatory 540_29175341_1
2023-10-20 06:50:23,589 INFO  [AttributeConverterImpl] 540_29175025_1 : Attribute type CATBRG has been removed from the S101 feature type SpanFixed
2023-10-20 06:50:23,589 INFO  [AttributeConverterImpl] 540_29175025_1 : Attribute type OBJNAM has been removed from the S101 feature type SpanFixed
2023-10-20 06:50:23,591 INFO  [AttributeConverterImpl] [directional function (1)] not converted for categoryOfLight of LightSectored 540_29175647_1
2023-10-20 06:50:23,591 INFO  [AttributeConverterImpl] 540_29175647_1 : Attribute type CATLIT has been removed from the S101 feature type LightSectored
2023-10-20 06:50:23,591 INFO  [AttributeConverterImpl] 540_29175647_1 : Removing a non-mandatory empty numeric value LightSectored:orientationUncertainty=
2023-10-20 06:50:23,592 INFO  [AttributeConverterImpl] 540_29175592_1 : Attribute type CATLIT has been removed from the S101 feature type LightAirObstruction
2023-10-20 06:50:23,593 INFO  [AttributeConverterImpl] 540_29175545_1 : Removing a non-mandatory empty numeric value CableOverhead:verticalClearanceValue=
2023-10-20 06:50:23,593 INFO  [AttributeConverterImpl] 540_29175546_1 : Removing a non-mandatory empty numeric value CableOverhead:verticalClearanceValue=
2023-10-20 06:50:23,595 INFO  [AttributeConverterImpl] 540_29175343_1 : Attribute type VALSOU has been removed from the S101 feature type Obstruction
2023-10-20 06:50:23,596 INFO  [AttributeConverterImpl] 540_29175342_1 : Attribute type VALSOU has been removed from the S101 feature type Obstruction
2023-10-20 06:50:23,598 INFO  [AttributeConverterImpl] [permanent (1)] not converted for status of River 540_29175138_1
2023-10-20 06:50:23,598 INFO  [AttributeConverterImpl] 540_29175138_1 : Attribute type STATUS has been removed from the S101 feature type River
2023-10-20 06:50:23,599 INFO  [AttributeConverterImpl] 540_29175101_1 : Attribute type COLOUR has been removed from the S101 feature type BeaconLateral
2023-10-20 06:50:23,599 INFO  [AttributeConverterImpl] 540_29175100_1 : Attribute type COLOUR has been removed from the S101 feature type BeaconLateral
2023-10-20 06:50:23,599 INFO  [AttributeConverterImpl] 540_29175303_1 : Attribute type VALSOU has been removed from the S101 feature type Obstruction
2023-10-20 06:50:23,599 INFO  [AttributeConverterImpl] 540_29175304_1 : Attribute type VALSOU has been removed from the S101 feature type Obstruction
2023-10-20 06:50:23,600 INFO  [AttributeConverterImpl] 540_29175078_1 : Removing a non-mandatory empty numeric value Gate:horizontalClearanceValue=
2023-10-20 06:50:23,600 INFO  [AttributeConverterImpl] 540_29175079_1 : Removing a non-mandatory empty numeric value Gate:horizontalClearanceValue=
2023-10-20 06:50:23,601 INFO  [AttributeConverterImpl] 540_29175302_1 : Attribute type VALSOU has been removed from the S101 feature type Obstruction
2023-10-20 06:50:23,601 INFO  [AttributeConverterImpl] [rock (9)] not converted for natureOfSurface of UnderwaterAwashRock 540_29175322_1
2023-10-20 06:50:23,601 INFO  [AttributeConverterImpl] 540_29175322_1 : Attribute type NATSUR has been removed from the S101 feature type UnderwaterAwashRock
2023-10-20 06:50:23,601 INFO  [AttributeConverterImpl] 540_29175322_1 : Attribute type VALSOU has been removed from the S101 feature type UnderwaterAwashRock
2023-10-20 06:50:23,602 INFO  [AttributeConverterImpl] 540_29175323_1 : Attribute type VALSOU has been removed from the S101 feature type UnderwaterAwashRock
2023-10-20 06:50:23,602 INFO  [AttributeConverterImpl] [rock (9)] not converted for natureOfSurface of UnderwaterAwashRock 540_29175563_1
2023-10-20 06:50:23,602 INFO  [AttributeConverterImpl] 540_29175563_1 : Attribute type NATSUR has been removed from the S101 feature type UnderwaterAwashRock
2023-10-20 06:50:23,602 INFO  [AttributeConverterImpl] 540_29175563_1 : Attribute type VALSOU has been removed from the S101 feature type UnderwaterAwashRock
2023-10-20 06:50:23,603 INFO  [AttributeConverterImpl] 540_29175113_1 : Attribute type CATBRG has been removed from the S101 feature type SpanFixed
2023-10-20 06:50:23,603 INFO  [AttributeConverterImpl] 540_29175113_1 : Cartographic intervention, the mandatory numeric S101 value has an empty value SpanFixed:verticalClearanceValue=
2023-10-20 06:50:23,604 INFO  [AttributeConverterImpl] 540_29175074_1 : Attribute type CATLMK has been removed from the S101 feature type WindTurbine
2023-10-20 06:50:23,606 INFO  [AttributeConverterImpl] 540_29175599_1 : Attribute type CATLIT has been removed from the S101 feature type LightSectored
2023-10-20 06:50:23,606 INFO  [AttributeConverterImpl] 540_29175599_1 : Attribute type SECTR1 has been removed from the S101 feature type LightSectored
2023-10-20 06:50:23,606 INFO  [AttributeConverterImpl] 540_29175599_1 : Attribute type SECTR2 has been removed from the S101 feature type LightSectored
2023-10-20 06:50:23,606 INFO  [AttributeConverterImpl] 540_29175600_1 : Attribute type CATLIT has been removed from the S101 feature type LightSectored
2023-10-20 06:50:23,607 INFO  [AttributeConverterImpl] 540_29175600_1 : Attribute type SECTR1 has been removed from the S101 feature type LightSectored
2023-10-20 06:50:23,607 INFO  [AttributeConverterImpl] 540_29175600_1 : Attribute type SECTR2 has been removed from the S101 feature type LightSectored
2023-10-20 06:50:23,607 INFO  [AttributeConverterImpl] 540_29175601_1 : Attribute type CATLIT has been removed from the S101 feature type LightSectored
2023-10-20 06:50:23,607 INFO  [AttributeConverterImpl] 540_29175601_1 : Attribute type SECTR1 has been removed from the S101 feature type LightSectored
2023-10-20 06:50:23,607 INFO  [AttributeConverterImpl] 540_29175601_1 : Attribute type SECTR2 has been removed from the S101 feature type LightSectored
2023-10-20 06:50:23,608 INFO  [AttributeConverterImpl] 540_29175602_1 : Attribute type BCNSHP has been removed from the S101 feature type BeaconLateral
2023-10-20 06:50:23,608 INFO  [AttributeConverterImpl] 540_29175657_1 : Attribute type CATLIT has been removed from the S101 feature type LightSectored
2023-10-20 06:50:23,608 INFO  [AttributeConverterImpl] 540_29175657_1 : Attribute type SECTR1 has been removed from the S101 feature type LightSectored
2023-10-20 06:50:23,608 INFO  [AttributeConverterImpl] 540_29175657_1 : Attribute type SECTR2 has been removed from the S101 feature type LightSectored
2023-10-20 06:50:23,609 INFO  [AttributeConverterImpl] 540_29175652_1 : Attribute type CATLIT has been removed from the S101 feature type LightAllAround
2023-10-20 06:50:23,609 INFO  [AttributeConverterImpl] 540_29175653_1 : Attribute type CATLIT has been removed from the S101 feature type LightAirObstruction
2023-10-20 06:50:23,609 INFO  [AttributeConverterImpl] 540_29175658_1 : Attribute type CATLIT has been removed from the S101 feature type LightSectored
2023-10-20 06:50:23,609 INFO  [AttributeConverterImpl] 540_29175658_1 : Attribute type SECTR1 has been removed from the S101 feature type LightSectored
2023-10-20 06:50:23,609 INFO  [AttributeConverterImpl] 540_29175658_1 : Attribute type SECTR2 has been removed from the S101 feature type LightSectored
2023-10-20 06:50:23,610 INFO  [AttributeConverterImpl] 540_29175659_1 : Attribute type CATLIT has been removed from the S101 feature type LightSectored
2023-10-20 06:50:23,610 INFO  [AttributeConverterImpl] 540_29175659_1 : Attribute type SECTR1 has been removed from the S101 feature type LightSectored
2023-10-20 06:50:23,610 INFO  [AttributeConverterImpl] 540_29175659_1 : Attribute type SECTR2 has been removed from the S101 feature type LightSectored
2023-10-20 06:50:23,610 INFO  [AttributeConverterImpl] 540_29175660_1 : Attribute type BCNSHP has been removed from the S101 feature type BeaconLateral
2023-10-20 06:50:23,610 INFO  [AttributeConverterImpl] 540_29175654_1 : Attribute type CATLIT has been removed from the S101 feature type LightAirObstruction
2023-10-20 06:50:23,610 INFO  [AttributeConverterImpl] 540_29174987_1 : Attribute type VALSOU has been removed from the S101 feature type Obstruction
2023-10-20 06:50:23,612 INFO  [AttributeConverterImpl] 540_29175313_1 : Attribute type VALSOU has been removed from the S101 feature type Obstruction
2023-10-20 06:50:23,612 INFO  [AttributeConverterImpl] 540_29175121_1 : Attribute type CATBRG has been removed from the S101 feature type SpanFixed
2023-10-20 06:50:23,612 INFO  [AttributeConverterImpl] 540_29175121_1 : Cartographic intervention, the mandatory numeric S101 value has an empty value SpanFixed:verticalClearanceValue=
2023-10-20 06:50:23,613 INFO  [AttributeConverterImpl] 540_29175506_1 : Attribute type VALSOU has been removed from the S101 feature type Obstruction
2023-10-20 06:50:23,613 INFO  [AttributeConverterImpl] 540_29175505_1 : Attribute type VALSOU has been removed from the S101 feature type Obstruction
2023-10-20 06:50:23,615 INFO  [AttributeConverterImpl] 540_29175364_1 : Attribute type CATBRG has been removed from the S101 feature type SpanFixed
2023-10-20 06:50:23,615 INFO  [AttributeConverterImpl] 540_29175364_1 : Cartographic intervention, the mandatory numeric S101 value has an empty value SpanFixed:verticalClearanceValue=
2023-10-20 06:50:23,616 INFO  [AttributeConverterImpl] 540_29175650_1 : Attribute type CATLIT has been removed from the S101 feature type LightSectored
2023-10-20 06:50:23,616 INFO  [AttributeConverterImpl] 540_29175650_1 : Attribute type SECTR1 has been removed from the S101 feature type LightSectored
2023-10-20 06:50:23,617 INFO  [AttributeConverterImpl] 540_29175650_1 : Attribute type SECTR2 has been removed from the S101 feature type LightSectored
2023-10-20 06:50:23,617 INFO  [AttributeConverterImpl] 540_29175649_1 : Attribute type CATLIT has been removed from the S101 feature type LightSectored
2023-10-20 06:50:23,617 INFO  [AttributeConverterImpl] 540_29175649_1 : Attribute type SECTR1 has been removed from the S101 feature type LightSectored
2023-10-20 06:50:23,617 INFO  [AttributeConverterImpl] 540_29175649_1 : Attribute type SECTR2 has been removed from the S101 feature type LightSectored
2023-10-20 06:50:23,617 INFO  [AttributeConverterImpl] 540_29175648_1 : Attribute type CATLIT has been removed from the S101 feature type LightSectored
2023-10-20 06:50:23,617 INFO  [AttributeConverterImpl] 540_29175648_1 : Attribute type SECTR1 has been removed from the S101 feature type LightSectored
2023-10-20 06:50:23,618 INFO  [AttributeConverterImpl] 540_29175648_1 : Attribute type SECTR2 has been removed from the S101 feature type LightSectored
2023-10-20 06:50:23,618 INFO  [AttributeConverterImpl] 540_29175594_1 : Attribute type CATLIT has been removed from the S101 feature type LightSectored
2023-10-20 06:50:23,618 INFO  [AttributeConverterImpl] 540_29175594_1 : Attribute type SECTR1 has been removed from the S101 feature type LightSectored
2023-10-20 06:50:23,618 INFO  [AttributeConverterImpl] 540_29175594_1 : Attribute type SECTR2 has been removed from the S101 feature type LightSectored
2023-10-20 06:50:23,618 INFO  [AttributeConverterImpl] 540_29175595_1 : Attribute type CATLIT has been removed from the S101 feature type LightSectored
2023-10-20 06:50:23,619 INFO  [AttributeConverterImpl] 540_29175595_1 : Attribute type SECTR1 has been removed from the S101 feature type LightSectored
2023-10-20 06:50:23,619 INFO  [AttributeConverterImpl] 540_29175595_1 : Attribute type SECTR2 has been removed from the S101 feature type LightSectored
2023-10-20 06:50:23,619 INFO  [AttributeConverterImpl] 540_29175596_1 : Attribute type CATLIT has been removed from the S101 feature type LightSectored
2023-10-20 06:50:23,619 INFO  [AttributeConverterImpl] 540_29175596_1 : Attribute type SECTR1 has been removed from the S101 feature type LightSectored
2023-10-20 06:50:23,619 INFO  [AttributeConverterImpl] 540_29175596_1 : Attribute type SECTR2 has been removed from the S101 feature type LightSectored
2023-10-20 06:50:23,620 INFO  [AttributeConverterImpl] 540_29175392_1 : Attribute type CATLIT has been removed from the S101 feature type LightSectored
2023-10-20 06:50:23,620 INFO  [AttributeConverterImpl] 540_29175392_1 : Attribute type SECTR1 has been removed from the S101 feature type LightSectored
2023-10-20 06:50:23,620 INFO  [AttributeConverterImpl] 540_29175392_1 : Attribute type SECTR2 has been removed from the S101 feature type LightSectored
2023-10-20 06:50:23,620 INFO  [AttributeConverterImpl] 540_29175391_1 : Attribute type CATLIT has been removed from the S101 feature type LightSectored
2023-10-20 06:50:23,621 INFO  [AttributeConverterImpl] 540_29175391_1 : Attribute type SECTR1 has been removed from the S101 feature type LightSectored
2023-10-20 06:50:23,621 INFO  [AttributeConverterImpl] 540_29175391_1 : Attribute type SECTR2 has been removed from the S101 feature type LightSectored
2023-10-20 06:50:23,621 INFO  [AttributeConverterImpl] 540_29175390_1 : Attribute type CATLIT has been removed from the S101 feature type LightSectored
2023-10-20 06:50:23,621 INFO  [AttributeConverterImpl] 540_29175390_1 : Attribute type SECTR1 has been removed from the S101 feature type LightSectored
2023-10-20 06:50:23,621 INFO  [AttributeConverterImpl] 540_29175390_1 : Attribute type SECTR2 has been removed from the S101 feature type LightSectored
2023-10-20 06:50:23,623 INFO  [AttributeConverterImpl] 540_29175498_1 : Attribute type VALSOU has been removed from the S101 feature type Obstruction
2023-10-20 06:50:23,623 INFO  [AttributeConverterImpl] 540_29175497_1 : Attribute type VALSOU has been removed from the S101 feature type Obstruction
2023-10-20 06:50:23,623 INFO  [AttributeConverterImpl] 540_29175360_1 : Attribute type VALSOU has been removed from the S101 feature type Obstruction
2023-10-20 06:50:23,623 INFO  [AttributeConverterImpl] 540_29175358_1 : Attribute type VALSOU has been removed from the S101 feature type Obstruction
2023-10-20 06:50:23,623 INFO  [AttributeConverterImpl] 540_29175618_1 : Attribute type VALSOU has been removed from the S101 feature type Obstruction
2023-10-20 06:50:23,624 INFO  [AttributeConverterImpl] 540_29175620_1 : Attribute type VALSOU has been removed from the S101 feature type Obstruction
2023-10-20 06:50:23,624 INFO  [AttributeConverterImpl] 540_29175684_1 : Attribute type VALSOU has been removed from the S101 feature type Obstruction
2023-10-20 06:50:23,624 INFO  [AttributeConverterImpl] 540_29175683_1 : Attribute type VALSOU has been removed from the S101 feature type Obstruction
2023-10-20 06:50:23,624 INFO  [AttributeConverterImpl] 540_29175501_1 : Attribute type BCNSHP has been removed from the S101 feature type BeaconLateral
2023-10-20 06:50:23,624 INFO  [AttributeConverterImpl] 540_29175496_1 : Attribute type BCNSHP has been removed from the S101 feature type BeaconLateral
2023-10-20 06:50:23,624 INFO  [AttributeConverterImpl] [rock (9)] not converted for natureOfSurface of UnderwaterAwashRock 540_29175495_1
2023-10-20 06:50:23,624 INFO  [AttributeConverterImpl] 540_29175495_1 : Attribute type NATSUR has been removed from the S101 feature type UnderwaterAwashRock
2023-10-20 06:50:23,624 INFO  [AttributeConverterImpl] 540_29175495_1 : Attribute type VALSOU has been removed from the S101 feature type UnderwaterAwashRock
2023-10-20 06:50:23,625 INFO  [AttributeConverterImpl] 540_29175692_1 : Attribute type BCNSHP has been removed from the S101 feature type BeaconLateral
2023-10-20 06:50:23,625 INFO  [AttributeConverterImpl] 540_29175694_1 : Attribute type BCNSHP has been removed from the S101 feature type BeaconLateral
2023-10-20 06:50:23,626 INFO  [AttributeConverterImpl] 540_29175051_1 : Attribute type CATBRG has been removed from the S101 feature type SpanFixed
2023-10-20 06:50:23,626 INFO  [AttributeConverterImpl] 540_29175482_1 : Attribute type BCNSHP has been removed from the S101 feature type BeaconSpecialPurposeGeneral
2023-10-20 06:50:23,626 INFO  [AttributeConverterImpl] 540_29175687_1 : Attribute type BCNSHP has been removed from the S101 feature type BeaconSpecialPurposeGeneral
2023-10-20 06:50:23,626 INFO  [AttributeConverterImpl] 540_29175687_1 : Attribute type COLOUR has been removed from the S101 feature type BeaconSpecialPurposeGeneral
2023-10-20 06:50:23,627 INFO  [AttributeConverterImpl] 540_29175690_1 : Attribute type BCNSHP has been removed from the S101 feature type BeaconSpecialPurposeGeneral
2023-10-20 06:50:23,627 INFO  [AttributeConverterImpl] 540_29175359_1 : Cartographic intervention, the mandatory numeric S101 value has an empty value LightAllAround:lightCharacteristic=
2023-10-20 06:50:23,627 INFO  [AttributeConverterImpl] 540_29175680_1 : Attribute type CATLIT has been removed from the S101 feature type LightAllAround
2023-10-20 06:50:23,629 INFO  [AttributeConverterImpl] 540_29175542_1 : Attribute type VALSOU has been removed from the S101 feature type Obstruction
2023-10-20 06:50:23,629 INFO  [AttributeConverterImpl] [rock (9)] not converted for natureOfSurface of UnderwaterAwashRock 540_29175644_1
2023-10-20 06:50:23,629 INFO  [AttributeConverterImpl] 540_29175644_1 : Attribute type NATSUR has been removed from the S101 feature type UnderwaterAwashRock
2023-10-20 06:50:23,629 INFO  [AttributeConverterImpl] 540_29175644_1 : Attribute type VALSOU has been removed from the S101 feature type UnderwaterAwashRock
2023-10-20 06:50:23,629 INFO  [AttributeConverterImpl] [rock (9)] not converted for natureOfSurface of UnderwaterAwashRock 540_29175645_1
2023-10-20 06:50:23,629 INFO  [AttributeConverterImpl] 540_29175645_1 : Attribute type NATSUR has been removed from the S101 feature type UnderwaterAwashRock
2023-10-20 06:50:23,629 INFO  [AttributeConverterImpl] 540_29175645_1 : Attribute type VALSOU has been removed from the S101 feature type UnderwaterAwashRock
2023-10-20 06:50:23,632 INFO  [S57ToS101Converter]  FLODOC CBLSUB CBLSUB CBLSUB CBLSUB OBSTRN OBSTRN OBSTRN OBSTRN  from the S57 association object 540_29175704_1
2023-10-20 06:50:23,632 INFO  [S57ToS101Converter] LightAirObstruction and FogSignal-540_29175654_1 to 45540_29175655_1
2023-10-20 06:50:23,633 INFO  [FeaturesFinalizer] Adding feature TOPMAR 540_29175307_1 to BeaconIsolatedDanger Object 540_29175308_1
2023-10-20 06:50:23,633 INFO  [FeaturesFinalizer] Adding feature TOPMAR 540_29175300_1 to BuoyLateral Object 540_29175301_1
2023-10-20 06:50:23,633 INFO  [FeaturesFinalizer] Adding feature TOPMAR 540_29175554_1 to BuoyLateral Object 540_29175553_1
2023-10-20 06:50:23,633 INFO  [FeaturesFinalizer] Adding feature TOPMAR 540_29175298_1 to BuoyLateral Object 540_29175299_1
2023-10-20 06:50:23,633 INFO  [FeaturesFinalizer] Adding feature TOPMAR 540_29175598_1 to BeaconLateral Object 540_29175602_1
2023-10-20 06:50:23,633 INFO  [FeaturesFinalizer] Adding feature TOPMAR 540_29175656_1 to BeaconLateral Object 540_29175660_1
2023-10-20 06:50:23,633 INFO  [FeaturesFinalizer] Adding feature TOPMAR 540_29175486_1 to BuoyLateral Object 540_29175485_1
2023-10-20 06:50:23,633 INFO  [FeaturesFinalizer] Adding feature TOPMAR 540_29175500_1 to BeaconLateral Object 540_29175501_1
2023-10-20 06:50:23,633 INFO  [FeaturesFinalizer] Adding feature TOPMAR 540_29175499_1 to BeaconLateral Object 540_29175496_1
2023-10-20 06:50:23,633 INFO  [FeaturesFinalizer] Adding feature TOPMAR 540_29175691_1 to BeaconLateral Object 540_29175692_1
2023-10-20 06:50:23,633 INFO  [FeaturesFinalizer] Adding feature TOPMAR 540_29175693_1 to BeaconLateral Object 540_29175694_1
2023-10-20 06:50:23,633 INFO  [FeaturesFinalizer] Adding feature TOPMAR 540_29175484_1 to BeaconSpecialPurposeGeneral Object 540_29175482_1
2023-10-20 06:50:23,633 INFO  [FeaturesFinalizer] Adding feature TOPMAR 540_29175688_1 to BeaconSpecialPurposeGeneral Object 540_29175690_1
2023-10-20 06:50:23,633 INFO  [FeaturesFinalizer] Adding feature TOPMAR 540_29175550_1 to BuoyLateral Object 540_29175549_1
2023-10-20 06:50:23,633 INFO  [FeaturesFinalizer] Adding feature TOPMAR 540_29175548_1 to BuoyLateral Object 540_29175547_1
2023-10-20 06:50:23,633 INFO  [FeaturesFinalizer] Adding feature TOPMAR 540_29175552_1 to BuoyLateral Object 540_29175551_1
2023-10-20 06:50:23,634 INFO  [FeaturesFinalizer] Adding feature LIGHTS 540_29175600_1 to LightSectored Object 540_29175599_1
2023-10-20 06:50:23,634 INFO  [FeaturesFinalizer] Adding feature LIGHTS 540_29175658_1 to LightSectored Object 540_29175657_1
2023-10-20 06:50:23,634 INFO  [FeaturesFinalizer] Adding feature LIGHTS 540_29175649_1 to LightSectored Object 540_29175650_1
2023-10-20 06:50:23,635 INFO  [FeaturesFinalizer] Adding feature LIGHTS 540_29175595_1 to LightSectored Object 540_29175594_1
2023-10-20 06:50:23,635 INFO  [FeaturesFinalizer] Adding feature LIGHTS 540_29175391_1 to LightSectored Object 540_29175392_1
2023-10-20 06:50:23,636 INFO  [FeaturesFinalizer] LIGHTS : removing feature LIGHTS 540_29175600_1
2023-10-20 06:50:23,636 INFO  [FeaturesFinalizer] LIGHTS : removing feature LIGHTS 540_29175601_1
2023-10-20 06:50:23,636 INFO  [FeaturesFinalizer] LIGHTS : removing feature LIGHTS 540_29175658_1
2023-10-20 06:50:23,636 INFO  [FeaturesFinalizer] LIGHTS : removing feature LIGHTS 540_29175659_1
2023-10-20 06:50:23,636 INFO  [FeaturesFinalizer] LIGHTS : removing feature LIGHTS 540_29175649_1
2023-10-20 06:50:23,636 INFO  [FeaturesFinalizer] LIGHTS : removing feature LIGHTS 540_29175648_1
2023-10-20 06:50:23,636 INFO  [FeaturesFinalizer] LIGHTS : removing feature LIGHTS 540_29175595_1
2023-10-20 06:50:23,636 INFO  [FeaturesFinalizer] LIGHTS : removing feature LIGHTS 540_29175596_1
2023-10-20 06:50:23,636 INFO  [FeaturesFinalizer] LIGHTS : removing feature LIGHTS 540_29175391_1
2023-10-20 06:50:23,636 INFO  [FeaturesFinalizer] LIGHTS : removing feature LIGHTS 540_29175390_1
2023-10-20 06:50:23,636 INFO  [AttributeConverterImpl] 1810_117968331_2 : Attribute type CATBRG has been removed from the S101 feature type Bridge
2023-10-20 06:50:23,636 INFO  [AttributeConverterImpl] 1810_117968332_2 : Attribute type VERCCL has been removed from the S101 feature type Bridge
2023-10-20 06:50:23,636 INFO  [AttributeConverterImpl] 1810_117968333_2 : Attribute type CATBRG has been removed from the S101 feature type Bridge
2023-10-20 06:50:23,636 INFO  [AttributeConverterImpl] 1810_117968335_2 : Attribute type CATBRG has been removed from the S101 feature type Bridge
2023-10-20 06:50:23,636 INFO  [AttributeConverterImpl] 1810_117968336_2 : Attribute type CATBRG has been removed from the S101 feature type Bridge
2023-10-20 06:50:23,636 INFO  [AttributeConverterImpl] 1810_117968337_2 : Attribute type CATBRG has been removed from the S101 feature type Bridge
2023-10-20 06:50:23,679 INFO  [S57ToS101Converter] CTRPNT-P
2023-10-20 06:50:23,679 INFO  [S57ToS101Converter] CTRPNT-P
2023-10-20 06:50:23,679 INFO  [S57ToS101Converter] C_AGGR-unknown
2023-10-20 06:50:23,679 INFO  [S57ToS101] Writing 10100AA_X01NW.000 to ./data-references/dataConverted/s164/V3/TestDataSets/2.1.1 Power Up/S100_ROOT/S-101/DATASET_FILES
