2023-10-20 06:50:23,414 WARN  [S57ToS101Converter] Conversion de GB5X01NE.000
2023-10-20 06:50:23,429 INFO  [AttributeConverterImpl] [rock (9)] not converted for natureOfSurface of UnderwaterAwashRock 540_29166738_1
2023-10-20 06:50:23,429 INFO  [AttributeConverterImpl] 540_29166738_1 : Attribute type NATSUR has been removed from the S101 feature type UnderwaterAwashRock
2023-10-20 06:50:23,429 INFO  [AttributeConverterImpl] 540_29166738_1 : Attribute type VALSOU has been removed from the S101 feature type UnderwaterAwashRock
2023-10-20 06:50:23,429 INFO  [AttributeConverterImpl] [rock (9)] not converted for natureOfSurface of UnderwaterAwashRock 540_29166739_1
2023-10-20 06:50:23,429 INFO  [AttributeConverterImpl] 540_29166739_1 : Attribute type NATSUR has been removed from the S101 feature type UnderwaterAwashRock
2023-10-20 06:50:23,429 INFO  [AttributeConverterImpl] 540_29166739_1 : Attribute type VALSOU has been removed from the S101 feature type UnderwaterAwashRock
2023-10-20 06:50:23,429 INFO  [AttributeConverterImpl] [rock (9)] not converted for natureOfSurface of UnderwaterAwashRock 540_29166737_1
2023-10-20 06:50:23,429 INFO  [AttributeConverterImpl] 540_29166737_1 : Attribute type NATSUR has been removed from the S101 feature type UnderwaterAwashRock
2023-10-20 06:50:23,429 INFO  [AttributeConverterImpl] 540_29166737_1 : Attribute type VALSOU has been removed from the S101 feature type UnderwaterAwashRock
2023-10-20 06:50:23,431 INFO  [AttributeConverterImpl] 540_29166468_1 : Attribute type BCNSHP has been removed from the S101 feature type BeaconCardinal
2023-10-20 06:50:23,431 INFO  [AttributeConverterImpl] 540_29166478_1 : Attribute type CATLIT has been removed from the S101 feature type LightAllAround
2023-10-20 06:50:23,431 INFO  [AttributeConverterImpl] 540_29166473_1 : Attribute type BCNSHP has been removed from the S101 feature type BeaconSpecialPurposeGeneral
2023-10-20 06:50:23,431 INFO  [AttributeConverterImpl] 540_29166473_1 : Attribute type COLOUR has been removed from the S101 feature type BeaconSpecialPurposeGeneral
2023-10-20 06:50:23,431 INFO  [AttributeConverterImpl] 540_29166472_1 : Attribute type BCNSHP has been removed from the S101 feature type BeaconSpecialPurposeGeneral
2023-10-20 06:50:23,432 INFO  [AttributeConverterImpl] 540_29166472_1 : Attribute type COLOUR has been removed from the S101 feature type BeaconSpecialPurposeGeneral
2023-10-20 06:50:23,432 INFO  [AttributeConverterImpl] 540_29166471_1 : Attribute type BCNSHP has been removed from the S101 feature type BeaconSpecialPurposeGeneral
2023-10-20 06:50:23,432 INFO  [AttributeConverterImpl] 540_29166471_1 : Attribute type COLOUR has been removed from the S101 feature type BeaconSpecialPurposeGeneral
2023-10-20 06:50:23,432 INFO  [AttributeConverterImpl] 540_29166470_1 : Attribute type BCNSHP has been removed from the S101 feature type BeaconSpecialPurposeGeneral
2023-10-20 06:50:23,432 INFO  [AttributeConverterImpl] 540_29166470_1 : Attribute type COLOUR has been removed from the S101 feature type BeaconSpecialPurposeGeneral
2023-10-20 06:50:23,432 INFO  [AttributeConverterImpl] 540_29166455_1 : Attribute type CATREA has been removed from the S101 feature type RestrictedAreaNavigational
2023-10-20 06:50:23,432 INFO  [AttributeConverterImpl] [fishing prohibited (3)] not converted for restriction of RestrictedAreaNavigational 540_29166455_1
2023-10-20 06:50:23,432 INFO  [AttributeConverterImpl] 1810_118078423_2 : Attribute type CATREA has been removed from the S101 feature type RestrictedAreaRegulatory
2023-10-20 06:50:23,432 INFO  [AttributeConverterImpl] [anchoring prohibited (1)] not converted for restriction of RestrictedAreaRegulatory 540_29166455_1
2023-10-20 06:50:23,433 INFO  [AttributeConverterImpl] 540_29166655_1 : Attribute type VALSOU has been removed from the S101 feature type Obstruction
2023-10-20 06:50:23,435 INFO  [AttributeConverterImpl] 540_29166856_1 : Attribute type VALSOU has been removed from the S101 feature type Obstruction
2023-10-20 06:50:23,438 INFO  [AttributeConverterImpl] Coastline :  Attribute CATCOA with values [4] change to attribute type natureOfSurface with value [5]
2023-10-20 06:50:23,438 INFO  [AttributeConverterImpl] 540_29166798_1 : Attribute type BCNSHP has been removed from the S101 feature type BeaconSpecialPurposeGeneral
2023-10-20 06:50:23,438 INFO  [AttributeConverterImpl] 540_29166800_1 : Attribute type BCNSHP has been removed from the S101 feature type BeaconSpecialPurposeGeneral
2023-10-20 06:50:23,440 INFO  [AttributeConverterImpl] 540_29166754_1 : Attribute type VALSOU has been removed from the S101 feature type Obstruction
2023-10-20 06:50:23,441 INFO  [AttributeConverterImpl] 540_29166755_1 : Attribute type VALSOU has been removed from the S101 feature type Obstruction
2023-10-20 06:50:23,441 INFO  [AttributeConverterImpl] 540_29166756_1 : Attribute type VALSOU has been removed from the S101 feature type Obstruction
2023-10-20 06:50:23,442 INFO  [AttributeConverterImpl] [directional function (1)] not converted for categoryOfLight of LightSectored 540_29166419_1
2023-10-20 06:50:23,442 INFO  [AttributeConverterImpl] 540_29166419_1 : Attribute type CATLIT has been removed from the S101 feature type LightSectored
2023-10-20 06:50:23,442 INFO  [AttributeConverterImpl] 540_29166419_1 : Attribute type SECTR1 has been removed from the S101 feature type LightSectored
2023-10-20 06:50:23,442 INFO  [AttributeConverterImpl] 540_29166419_1 : Attribute type SECTR2 has been removed from the S101 feature type LightSectored
2023-10-20 06:50:23,442 INFO  [AttributeConverterImpl] 540_29166417_1 : Attribute type CATLIT has been removed from the S101 feature type LightSectored
2023-10-20 06:50:23,443 INFO  [AttributeConverterImpl] 540_29166417_1 : Attribute type SECTR1 has been removed from the S101 feature type LightSectored
2023-10-20 06:50:23,443 INFO  [AttributeConverterImpl] 540_29166417_1 : Attribute type SECTR2 has been removed from the S101 feature type LightSectored
2023-10-20 06:50:23,443 INFO  [AttributeConverterImpl] 540_29166418_1 : Attribute type CATLIT has been removed from the S101 feature type LightSectored
2023-10-20 06:50:23,443 INFO  [AttributeConverterImpl] 540_29166418_1 : Attribute type SECTR1 has been removed from the S101 feature type LightSectored
2023-10-20 06:50:23,443 INFO  [AttributeConverterImpl] 540_29166418_1 : Attribute type SECTR2 has been removed from the S101 feature type LightSectored
2023-10-20 06:50:23,444 INFO  [AttributeConverterImpl] 540_29166475_1 : Attribute type CATLIT has been removed from the S101 feature type LightAllAround
2023-10-20 06:50:23,446 INFO  [AttributeConverterImpl] 540_29166733_1 : Attribute type BCNSHP has been removed from the S101 feature type BeaconSpecialPurposeGeneral
2023-10-20 06:50:23,446 INFO  [AttributeConverterImpl] [rock (9)] not converted for natureOfSurface of UnderwaterAwashRock 540_29166771_1
2023-10-20 06:50:23,446 INFO  [AttributeConverterImpl] 540_29166771_1 : Attribute type NATSUR has been removed from the S101 feature type UnderwaterAwashRock
2023-10-20 06:50:23,446 INFO  [AttributeConverterImpl] [rock (9)] not converted for natureOfSurface of UnderwaterAwashRock 540_29166813_1
2023-10-20 06:50:23,446 INFO  [AttributeConverterImpl] 540_29166813_1 : Attribute type NATSUR has been removed from the S101 feature type UnderwaterAwashRock
2023-10-20 06:50:23,446 INFO  [AttributeConverterImpl] 540_29166813_1 : Attribute type VALSOU has been removed from the S101 feature type UnderwaterAwashRock
2023-10-20 06:50:23,446 INFO  [AttributeConverterImpl] [rock (9)] not converted for natureOfSurface of UnderwaterAwashRock 540_29166814_1
2023-10-20 06:50:23,446 INFO  [AttributeConverterImpl] 540_29166814_1 : Attribute type NATSUR has been removed from the S101 feature type UnderwaterAwashRock
2023-10-20 06:50:23,446 INFO  [AttributeConverterImpl] 540_29166814_1 : Attribute type VALSOU has been removed from the S101 feature type UnderwaterAwashRock
2023-10-20 06:50:23,447 INFO  [AttributeConverterImpl] [rock (9)] not converted for natureOfSurface of UnderwaterAwashRock 540_29166815_1
2023-10-20 06:50:23,447 INFO  [AttributeConverterImpl] 540_29166815_1 : Attribute type NATSUR has been removed from the S101 feature type UnderwaterAwashRock
2023-10-20 06:50:23,447 INFO  [AttributeConverterImpl] 540_29166815_1 : Attribute type VALSOU has been removed from the S101 feature type UnderwaterAwashRock
2023-10-20 06:50:23,447 INFO  [AttributeConverterImpl] 540_29166697_1 : Attribute type VALSOU has been removed from the S101 feature type UnderwaterAwashRock
2023-10-20 06:50:23,447 INFO  [AttributeConverterImpl] [rock (9)] not converted for natureOfSurface of UnderwaterAwashRock 540_29166705_1
2023-10-20 06:50:23,447 INFO  [AttributeConverterImpl] 540_29166705_1 : Attribute type NATSUR has been removed from the S101 feature type UnderwaterAwashRock
2023-10-20 06:50:23,447 INFO  [AttributeConverterImpl] [rock (9)] not converted for natureOfSurface of UnderwaterAwashRock 540_29166704_1
2023-10-20 06:50:23,447 INFO  [AttributeConverterImpl] 540_29166704_1 : Attribute type NATSUR has been removed from the S101 feature type UnderwaterAwashRock
2023-10-20 06:50:23,447 INFO  [AttributeConverterImpl] [rock (9)] not converted for natureOfSurface of UnderwaterAwashRock 540_29166703_1
2023-10-20 06:50:23,447 INFO  [AttributeConverterImpl] 540_29166703_1 : Attribute type NATSUR has been removed from the S101 feature type UnderwaterAwashRock
2023-10-20 06:50:23,447 INFO  [AttributeConverterImpl] 540_29166703_1 : Attribute type VALSOU has been removed from the S101 feature type UnderwaterAwashRock
2023-10-20 06:50:23,447 INFO  [AttributeConverterImpl] [rock (9)] not converted for natureOfSurface of UnderwaterAwashRock 540_29166702_1
2023-10-20 06:50:23,447 INFO  [AttributeConverterImpl] 540_29166702_1 : Attribute type NATSUR has been removed from the S101 feature type UnderwaterAwashRock
2023-10-20 06:50:23,447 INFO  [AttributeConverterImpl] 540_29166702_1 : Attribute type VALSOU has been removed from the S101 feature type UnderwaterAwashRock
2023-10-20 06:50:23,448 INFO  [AttributeConverterImpl] [rock (9)] not converted for natureOfSurface of UnderwaterAwashRock 540_29166701_1
2023-10-20 06:50:23,448 INFO  [AttributeConverterImpl] 540_29166701_1 : Attribute type NATSUR has been removed from the S101 feature type UnderwaterAwashRock
2023-10-20 06:50:23,448 INFO  [AttributeConverterImpl] 540_29166701_1 : Attribute type VALSOU has been removed from the S101 feature type UnderwaterAwashRock
2023-10-20 06:50:23,448 INFO  [AttributeConverterImpl] [rock (9)] not converted for natureOfSurface of UnderwaterAwashRock 540_29166700_1
2023-10-20 06:50:23,448 INFO  [AttributeConverterImpl] 540_29166700_1 : Attribute type NATSUR has been removed from the S101 feature type UnderwaterAwashRock
2023-10-20 06:50:23,448 INFO  [AttributeConverterImpl] 540_29166700_1 : Attribute type VALSOU has been removed from the S101 feature type UnderwaterAwashRock
2023-10-20 06:50:23,448 INFO  [AttributeConverterImpl] [rock (9)] not converted for natureOfSurface of UnderwaterAwashRock 540_29166699_1
2023-10-20 06:50:23,448 INFO  [AttributeConverterImpl] 540_29166699_1 : Attribute type NATSUR has been removed from the S101 feature type UnderwaterAwashRock
2023-10-20 06:50:23,448 INFO  [AttributeConverterImpl] 540_29166699_1 : Attribute type VALSOU has been removed from the S101 feature type UnderwaterAwashRock
2023-10-20 06:50:23,449 WARN  [LIGHTS_Rule] The S57 Light 540_29166817_1 will be not converted due to its obstruction visibility
2023-10-20 06:50:23,449 WARN  [FeatureS57ToS101Rule] The S57 object 540_29166817_1 LIGHTS will be not converted.
2023-10-20 06:50:23,449 INFO  [AttributeConverterImpl] 540_29166818_1 : Attribute type CATLIT has been removed from the S101 feature type LightSectored
2023-10-20 06:50:23,449 INFO  [AttributeConverterImpl] 540_29166818_1 : Attribute type SECTR1 has been removed from the S101 feature type LightSectored
2023-10-20 06:50:23,449 INFO  [AttributeConverterImpl] 540_29166818_1 : Attribute type SECTR2 has been removed from the S101 feature type LightSectored
2023-10-20 06:50:23,450 INFO  [AttributeConverterImpl] 540_29166819_1 : Attribute type CATLIT has been removed from the S101 feature type LightSectored
2023-10-20 06:50:23,450 INFO  [AttributeConverterImpl] 540_29166819_1 : Attribute type SECTR1 has been removed from the S101 feature type LightSectored
2023-10-20 06:50:23,450 INFO  [AttributeConverterImpl] 540_29166819_1 : Attribute type SECTR2 has been removed from the S101 feature type LightSectored
2023-10-20 06:50:23,450 INFO  [AttributeConverterImpl] 540_29166820_1 : Attribute type BCNSHP has been removed from the S101 feature type BeaconSpecialPurposeGeneral
2023-10-20 06:50:23,450 INFO  [AttributeConverterImpl] 540_29166820_1 : Attribute type COLOUR has been removed from the S101 feature type BeaconSpecialPurposeGeneral
2023-10-20 06:50:23,451 INFO  [AttributeConverterImpl] [rock (9)] not converted for natureOfSurface of UnderwaterAwashRock 540_29166846_1
2023-10-20 06:50:23,451 INFO  [AttributeConverterImpl] 540_29166846_1 : Attribute type NATSUR has been removed from the S101 feature type UnderwaterAwashRock
2023-10-20 06:50:23,451 INFO  [AttributeConverterImpl] 540_29166846_1 : Attribute type VALSOU has been removed from the S101 feature type UnderwaterAwashRock
2023-10-20 06:50:23,451 INFO  [AttributeConverterImpl] [rock (9)] not converted for natureOfSurface of UnderwaterAwashRock 540_29166847_1
2023-10-20 06:50:23,451 INFO  [AttributeConverterImpl] 540_29166847_1 : Attribute type NATSUR has been removed from the S101 feature type UnderwaterAwashRock
2023-10-20 06:50:23,451 INFO  [AttributeConverterImpl] 540_29166847_1 : Attribute type VALSOU has been removed from the S101 feature type UnderwaterAwashRock
2023-10-20 06:50:23,451 INFO  [AttributeConverterImpl] [rock (9)] not converted for natureOfSurface of UnderwaterAwashRock 540_29166848_1
2023-10-20 06:50:23,451 INFO  [AttributeConverterImpl] 540_29166848_1 : Attribute type NATSUR has been removed from the S101 feature type UnderwaterAwashRock
2023-10-20 06:50:23,451 INFO  [AttributeConverterImpl] 540_29166848_1 : Attribute type VALSOU has been removed from the S101 feature type UnderwaterAwashRock
2023-10-20 06:50:23,451 INFO  [AttributeConverterImpl] 540_29166849_1 : Attribute type VALSOU has been removed from the S101 feature type UnderwaterAwashRock
2023-10-20 06:50:23,451 INFO  [AttributeConverterImpl] [rock (9)] not converted for natureOfSurface of UnderwaterAwashRock 540_29166850_1
2023-10-20 06:50:23,451 INFO  [AttributeConverterImpl] 540_29166850_1 : Attribute type NATSUR has been removed from the S101 feature type UnderwaterAwashRock
2023-10-20 06:50:23,451 INFO  [AttributeConverterImpl] 540_29166850_1 : Attribute type VALSOU has been removed from the S101 feature type UnderwaterAwashRock
2023-10-20 06:50:23,452 INFO  [AttributeConverterImpl] [rock (9)] not converted for natureOfSurface of UnderwaterAwashRock 540_29166698_1
2023-10-20 06:50:23,452 INFO  [AttributeConverterImpl] 540_29166698_1 : Attribute type NATSUR has been removed from the S101 feature type UnderwaterAwashRock
2023-10-20 06:50:23,453 INFO  [FeaturesFinalizer] Adding feature TOPMAR 540_29166469_1 to BeaconCardinal Object 540_29166468_1
2023-10-20 06:50:23,453 INFO  [FeaturesFinalizer] Adding feature TOPMAR 540_29166482_1 to BuoySpecialPurposeGeneral Object 540_29166481_1
2023-10-20 06:50:23,453 INFO  [FeaturesFinalizer] Adding feature TOPMAR 540_29166799_1 to BeaconSpecialPurposeGeneral Object 540_29166798_1
2023-10-20 06:50:23,453 INFO  [FeaturesFinalizer] Adding feature TOPMAR 540_29166801_1 to BeaconSpecialPurposeGeneral Object 540_29166800_1
2023-10-20 06:50:23,453 INFO  [FeaturesFinalizer] Adding feature TOPMAR 540_29166480_1 to BuoySpecialPurposeGeneral Object 540_29166479_1
2023-10-20 06:50:23,453 INFO  [FeaturesFinalizer] Adding feature TOPMAR 540_29166476_1 to BuoyLateral Object 540_29166474_1
2023-10-20 06:50:23,453 INFO  [FeaturesFinalizer] Adding feature TOPMAR 540_29166734_1 to BeaconSpecialPurposeGeneral Object 540_29166733_1
2023-10-20 06:50:23,453 INFO  [FeaturesFinalizer] Adding feature LIGHTS 540_29166418_1 to LightSectored Object 540_29166417_1
2023-10-20 06:50:23,454 INFO  [FeaturesFinalizer] LIGHTS : removing feature LIGHTS 540_29166418_1
2023-10-20 06:50:23,454 INFO  [FeaturesFinalizer] LIGHTS : removing feature LIGHTS 540_29166419_1
2023-10-20 06:50:23,454 INFO  [FeaturesFinalizer] LIGHTS : removing feature LIGHTS 540_29166819_1
2023-10-20 06:50:23,479 INFO  [S57ToS101] Writing 10100AA_X01NE.000 to ./data-references/dataConverted/s164/V3/TestDataSets/2.1.1 Power Up/S100_ROOT/S-101/DATASET_FILES
