2023-10-20 06:50:24,826 WARN  [GenerateS164TestDataSets] * Checking Signatures ....
2023-10-20 06:50:24,863 WARN  [GenerateS164TestDataSets] 	 true
2023-10-20 06:50:25,008 WARN  [CheckS101] * Checking dataSet '10100AA_X0000_2.0'...
2023-10-20 06:50:25,008 WARN  [CheckS101] Check Dictionnary ...
2023-10-20 06:50:25,008 INFO  [CheckS101] ** Checking dataSet '10100AA_X0000' consistency to the dictionary...
2023-10-20 06:50:25,024 INFO  [CheckS101] ** End of dataSet '10100AA_X0000' consistency to the dictionary check
2023-10-20 06:50:25,024 WARN  [CheckS101] Dictionnary true
2023-10-20 06:50:25,024 WARN  [CheckS101] Check Groupe1 ...
2023-10-20 06:50:25,024 INFO  [CheckS101] ** Checking dataSet '10100AA_X0000' group 1...
2023-10-20 06:50:25,120 INFO  [CheckS101] 	 '10100AA_X0000.000' group 1 OK
2023-10-20 06:50:25,120 INFO  [CheckS101] ** End of dataSet '10100AA_X0000' group 1 check
2023-10-20 06:50:25,120 WARN  [CheckS101] Groupe1 true
2023-10-20 06:50:25,120 WARN  [CheckS101] Check ChainNode ...
2023-10-20 06:50:25,126 WARN  [CheckS101] ChainNode true
2023-10-20 06:50:25,126 WARN  [CheckS101] Check UnUsedSpatialObjects ...
2023-10-20 06:50:25,130 WARN  [CheckS101] Check UnUsedSpatialObjects false
2023-10-20 06:50:25,130 WARN  [CheckS101] * End of dataSet '10100AA_X0000_2.0' check
2023-10-20 06:50:25,149 WARN  [CheckS101] * Checking dataSet '10100AA_X01NE_1.0'...
2023-10-20 06:50:25,149 WARN  [CheckS101] Check Dictionnary ...
2023-10-20 06:50:25,149 INFO  [CheckS101] ** Checking dataSet '10100AA_X01NE' consistency to the dictionary...
2023-10-20 06:50:25,150 INFO  [CheckS101] ** End of dataSet '10100AA_X01NE' consistency to the dictionary check
2023-10-20 06:50:25,150 WARN  [CheckS101] Dictionnary true
2023-10-20 06:50:25,150 WARN  [CheckS101] Check Groupe1 ...
2023-10-20 06:50:25,150 INFO  [CheckS101] ** Checking dataSet '10100AA_X01NE' group 1...
2023-10-20 06:50:25,154 INFO  [CheckS101] 	 '10100AA_X01NE.000' group 1 OK
2023-10-20 06:50:25,154 INFO  [CheckS101] ** End of dataSet '10100AA_X01NE' group 1 check
2023-10-20 06:50:25,154 WARN  [CheckS101] Groupe1 true
2023-10-20 06:50:25,154 WARN  [CheckS101] Check ChainNode ...
2023-10-20 06:50:25,155 WARN  [CheckS101] ChainNode true
2023-10-20 06:50:25,155 WARN  [CheckS101] Check UnUsedSpatialObjects ...
2023-10-20 06:50:25,155 WARN  [CheckS101] Check UnUsedSpatialObjects false
2023-10-20 06:50:25,155 WARN  [CheckS101] * End of dataSet '10100AA_X01NE_1.0' check
2023-10-20 06:50:25,191 WARN  [CheckS101] * Checking dataSet '10100AA_X01NW_2.0'...
2023-10-20 06:50:25,192 WARN  [CheckS101] Check Dictionnary ...
2023-10-20 06:50:25,192 INFO  [CheckS101] ** Checking dataSet '10100AA_X01NW' consistency to the dictionary...
2023-10-20 06:50:25,194 INFO  [CheckS101] ** End of dataSet '10100AA_X01NW' consistency to the dictionary check
2023-10-20 06:50:25,195 WARN  [CheckS101] Dictionnary true
2023-10-20 06:50:25,195 WARN  [CheckS101] Check Groupe1 ...
2023-10-20 06:50:25,195 INFO  [CheckS101] ** Checking dataSet '10100AA_X01NW' group 1...
2023-10-20 06:50:25,210 INFO  [CheckS101] 	 '10100AA_X01NW.000' group 1 OK
2023-10-20 06:50:25,210 INFO  [CheckS101] ** End of dataSet '10100AA_X01NW' group 1 check
2023-10-20 06:50:25,210 WARN  [CheckS101] Groupe1 true
2023-10-20 06:50:25,210 WARN  [CheckS101] Check ChainNode ...
2023-10-20 06:50:25,211 WARN  [CheckS101] ChainNode true
2023-10-20 06:50:25,211 WARN  [CheckS101] Check UnUsedSpatialObjects ...
2023-10-20 06:50:25,213 WARN  [CheckS101] Check UnUsedSpatialObjects false
2023-10-20 06:50:25,213 WARN  [CheckS101] * End of dataSet '10100AA_X01NW_2.0' check
2023-10-20 06:50:25,215 WARN  [CheckS101] * Checking dataSet '10100AA_X01SE_1.0'...
2023-10-20 06:50:25,215 WARN  [CheckS101] Check Dictionnary ...
2023-10-20 06:50:25,215 INFO  [CheckS101] ** Checking dataSet '10100AA_X01SE' consistency to the dictionary...
2023-10-20 06:50:25,215 INFO  [CheckS101] ** End of dataSet '10100AA_X01SE' consistency to the dictionary check
2023-10-20 06:50:25,215 WARN  [CheckS101] Dictionnary true
2023-10-20 06:50:25,215 WARN  [CheckS101] Check Groupe1 ...
2023-10-20 06:50:25,215 INFO  [CheckS101] ** Checking dataSet '10100AA_X01SE' group 1...
2023-10-20 06:50:25,215 INFO  [CheckS101] 	 '10100AA_X01SE.000' group 1 OK
2023-10-20 06:50:25,215 INFO  [CheckS101] ** End of dataSet '10100AA_X01SE' group 1 check
2023-10-20 06:50:25,216 WARN  [CheckS101] Groupe1 true
2023-10-20 06:50:25,216 WARN  [CheckS101] Check ChainNode ...
2023-10-20 06:50:25,216 WARN  [CheckS101] ChainNode true
2023-10-20 06:50:25,216 WARN  [CheckS101] Check UnUsedSpatialObjects ...
2023-10-20 06:50:25,216 WARN  [CheckS101] Check UnUsedSpatialObjects false
2023-10-20 06:50:25,216 WARN  [CheckS101] * End of dataSet '10100AA_X01SE_1.0' check
2023-10-20 06:50:25,275 WARN  [CheckS101] * Checking dataSet '10100AA_X01SW_1.0'...
2023-10-20 06:50:25,275 WARN  [CheckS101] Check Dictionnary ...
2023-10-20 06:50:25,275 INFO  [CheckS101] ** Checking dataSet '10100AA_X01SW' consistency to the dictionary...
2023-10-20 06:50:25,280 INFO  [CheckS101] ** End of dataSet '10100AA_X01SW' consistency to the dictionary check
2023-10-20 06:50:25,280 WARN  [CheckS101] Dictionnary true
2023-10-20 06:50:25,280 WARN  [CheckS101] Check Groupe1 ...
2023-10-20 06:50:25,280 INFO  [CheckS101] ** Checking dataSet '10100AA_X01SW' group 1...
2023-10-20 06:50:25,283 INFO  [CheckS101] 	 '10100AA_X01SW.000' group 1 OK
2023-10-20 06:50:25,283 INFO  [CheckS101] ** End of dataSet '10100AA_X01SW' group 1 check
2023-10-20 06:50:25,283 WARN  [CheckS101] Groupe1 true
2023-10-20 06:50:25,283 WARN  [CheckS101] Check ChainNode ...
2023-10-20 06:50:25,285 WARN  [CheckS101] ChainNode true
2023-10-20 06:50:25,285 WARN  [CheckS101] Check UnUsedSpatialObjects ...
2023-10-20 06:50:25,286 WARN  [CheckS101] Check UnUsedSpatialObjects false
2023-10-20 06:50:25,286 WARN  [CheckS101] * End of dataSet '10100AA_X01SW_1.0' check
2023-10-20 06:50:25,288 WARN  [CheckS101] * Checking dataSet '10100AA_X02SE_1.0'...
2023-10-20 06:50:25,288 WARN  [CheckS101] Check Dictionnary ...
2023-10-20 06:50:25,288 INFO  [CheckS101] ** Checking dataSet '10100AA_X02SE' consistency to the dictionary...
2023-10-20 06:50:25,289 INFO  [CheckS101] ** End of dataSet '10100AA_X02SE' consistency to the dictionary check
2023-10-20 06:50:25,289 WARN  [CheckS101] Dictionnary true
2023-10-20 06:50:25,289 WARN  [CheckS101] Check Groupe1 ...
2023-10-20 06:50:25,289 INFO  [CheckS101] ** Checking dataSet '10100AA_X02SE' group 1...
2023-10-20 06:50:25,289 INFO  [CheckS101] 	 '10100AA_X02SE.000' group 1 OK
2023-10-20 06:50:25,289 INFO  [CheckS101] ** End of dataSet '10100AA_X02SE' group 1 check
2023-10-20 06:50:25,289 WARN  [CheckS101] Groupe1 true
2023-10-20 06:50:25,289 WARN  [CheckS101] Check ChainNode ...
2023-10-20 06:50:25,289 WARN  [CheckS101] ChainNode true
2023-10-20 06:50:25,289 WARN  [CheckS101] Check UnUsedSpatialObjects ...
2023-10-20 06:50:25,289 WARN  [CheckS101] Check UnUsedSpatialObjects false
2023-10-20 06:50:25,289 WARN  [CheckS101] * End of dataSet '10100AA_X02SE_1.0' check
