2023-10-20 06:50:28,695 WARN  [GenerateS164TestDataSets] No possibility to create relations
2023-10-20 06:50:28,696 WARN  [GenerateS164TestDataSets] 	Landmark and RadioStation : (GB4X0000 - 2)(GB5X01SW - 3)
2023-10-20 06:50:28,696 WARN  [GenerateS164TestDataSets] 	BuoySpecialPurposeGeneral and RadioStation : (GB4X0000 - 1)
2023-10-20 06:50:28,696 WARN  [GenerateS164TestDataSets] 	LightAirObstruction and FogSignal : (GB5X01NW - 1)
2023-10-20 06:50:28,696 WARN  [GenerateS164TestDataSets] 	SignalStationTraffic and RadioStation : (GB4X0000 - 1)
2023-10-20 06:50:28,696 WARN  [GenerateS164TestDataSets] Cannot find any S101 association for slave feature types
2023-10-20 06:50:28,696 WARN  [GenerateS164TestDataSets] 	 ASLXIS LNDMRK  : (2J5X0001 - 1)
2023-10-20 06:50:28,696 WARN  [GenerateS164TestDataSets] 	 ASLXIS HULKES  : (2J5X0001 - 1)
2023-10-20 06:50:28,696 WARN  [GenerateS164TestDataSets] 	 FLODOC CBLSUB CBLSUB CBLSUB CBLSUB OBSTRN OBSTRN OBSTRN OBSTRN  : (GB5X01NW - 1)
2023-10-20 06:50:28,696 WARN  [GenerateS164TestDataSets] 	 LNDMRK ASLXIS  : (2J5X0001 - 1)
2023-10-20 06:50:28,696 WARN  [GenerateS164TestDataSets] No S101 feature type for the S57 feature type
2023-10-20 06:50:28,696 WARN  [GenerateS164TestDataSets] 	TOPMAR-P : (AA5STNDR - 1)
2023-10-20 06:50:28,696 WARN  [GenerateS164TestDataSets] 	T_HMON-P : (AA5OTHER - 1)
2023-10-20 06:50:28,696 WARN  [GenerateS164TestDataSets] 	LIGHTS-P : (GB4X0000 - 1)(GB5X01NE - 3)(1B5X01NE - 1)
2023-10-20 06:50:28,696 WARN  [GenerateS164TestDataSets] 	TS_TIS-P : (AA5OTHER - 1)
2023-10-20 06:50:28,696 WARN  [GenerateS164TestDataSets] 	T_TIMS-A : (AA5OTHER - 1)
2023-10-20 06:50:28,696 WARN  [GenerateS164TestDataSets] 	TS_PRH-A : (AA5OTHER - 1)(GB4X0001 - 1)
2023-10-20 06:50:28,696 WARN  [GenerateS164TestDataSets] 	ICNARE-P : (AA5STNDR - 1)
2023-10-20 06:50:28,696 WARN  [GenerateS164TestDataSets] 	CTRPNT-P : (GB4X0000 - 1)(GB5X01NW - 2)(AA5OTHER - 1)
2023-10-20 06:50:28,696 WARN  [GenerateS164TestDataSets] 	NEWOBJ-P : (AA3ARSPC - 4)(AA3SAFCO - 4)
2023-10-20 06:50:28,696 WARN  [GenerateS164TestDataSets] 	T_NHMN-P : (AA5OTHER - 1)
2023-10-20 06:50:28,696 WARN  [GenerateS164TestDataSets] 	TS_PNH-A : (AA5OTHER - 1)(GB4X0001 - 1)
2023-10-20 06:50:28,696 WARN  [GenerateS164TestDataSets] 	C_AGGR-unknown : (GB5X01NW - 1)(2J5X0001 - 2)
2023-10-20 06:50:28,696 WARN  [GenerateS164TestDataSets] 	T_HMON-A : (AA5OTHER - 1)
2023-10-20 06:50:28,696 WARN  [GenerateS164TestDataSets] 	C_ASSO-unknown : (2J5X0001 - 1)
2023-10-20 06:50:28,696 WARN  [GenerateS164TestDataSets] 	TS_TIS-A : (AA5OTHER - 1)
2023-10-20 06:50:28,696 WARN  [GenerateS164TestDataSets] 	TS_PRH-P : (AA5OTHER - 1)(GB5X01SW - 3)
2023-10-20 06:50:28,696 WARN  [GenerateS164TestDataSets] 	T_TIMS-P : (AA5OTHER - 1)
2023-10-20 06:50:28,696 WARN  [GenerateS164TestDataSets] 	T_NHMN-A : (AA5OTHER - 1)
2023-10-20 06:50:28,696 WARN  [GenerateS164TestDataSets] 	TS_PNH-P : (AA5OTHER - 1)
2023-10-20 06:50:28,696 WARN  [GenerateS164TestDataSets] 	ICNARE-A : (GB4X0000 - 1)(GB4X0001 - 1)(AA5STNDR - 1)
2023-10-20 06:50:28,696 WARN  [GenerateS164TestDataSets] Attribute Values Not Converted : 
2023-10-20 06:50:28,696 WARN  [GenerateS164TestDataSets] 	[circular (non-directional) marine or aero-marine radiobeacon (1)] not converted for categoryOfRadioStation of RadioStation : (GB4X0000 - 3)
2023-10-20 06:50:28,696 WARN  [GenerateS164TestDataSets] 	[lattice beacon (4)] not converted for beaconShape of BeaconLateral : (AA3NAVHZ - 1)(AA2OVRVU - 1)
2023-10-20 06:50:28,696 WARN  [GenerateS164TestDataSets] 	[grass (1)] not converted for categoryOfVegetation of Vegetation : (AA5OTHER - 1)
2023-10-20 06:50:28,696 WARN  [GenerateS164TestDataSets] 	[directional function (1)] not converted for categoryOfLight of LightSectored : (GB4X0000 - 2)(GB5X01NW - 1)(GB5X01NE - 5)(1B5X01NE - 3)(GB5X01SW - 15)
2023-10-20 06:50:28,696 WARN  [GenerateS164TestDataSets] 	[rotating-pattern radiobeacon (3)] not converted for categoryOfRadioStation of RadioStation : (GB4X0000 - 1)
2023-10-20 06:50:28,696 WARN  [GenerateS164TestDataSets] 	[hill (4)] not converted for categoryOfSlope of SlopeTopline : (GB4X0000 - 2)
2023-10-20 06:50:28,696 WARN  [GenerateS164TestDataSets] 	[dredging prohibited (9),  | , diving restricted (12),  | , removal of historical artifacts prohibited (22)] not converted for restriction of RestrictedAreaNavigational : (GB4X0000 - 1)
2023-10-20 06:50:28,696 WARN  [GenerateS164TestDataSets] 	[other system (10)] not converted for marksNavigationalSystemOf of NavigationalSystemOfMarks : (IC3NEWPC - 1)
2023-10-20 06:50:28,696 WARN  [GenerateS164TestDataSets] 	[permanent (1)] not converted for status of River : (GB4X0000 - 4)(GB5X01NW - 1)
2023-10-20 06:50:28,696 WARN  [GenerateS164TestDataSets] 	[directional radiobeacon (2)] not converted for categoryOfRadioStation of RadioStation : (GB4X0000 - 1)(GB5X01SW - 3)
2023-10-20 06:50:28,696 WARN  [GenerateS164TestDataSets] 	[dredging prohibited (9),  | , diving prohibited (11)] not converted for restriction of RestrictedAreaNavigational : (GB5X01NW - 1)
2023-10-20 06:50:28,696 WARN  [GenerateS164TestDataSets] 	[rock (9)] not converted for natureOfSurface of UnderwaterAwashRock : (GB4X0000 - 45)(GB5X01NW - 5)(GB5X01NE - 57)(1B5X01NE - 19)(GB5X01SW - 30)
2023-10-20 06:50:28,696 WARN  [GenerateS164TestDataSets] 	[always dry (2)] not converted for waterLevelEffect of UnderwaterAwashRock : (AA5DBASE - 1)
2023-10-20 06:50:28,696 WARN  [GenerateS164TestDataSets] 	[aeronautical radiobeacon (7)] not converted for categoryOfRadioStation of RadioStation : (GB4X0000 - 2)
2023-10-20 06:50:28,696 WARN  [GenerateS164TestDataSets] 	[wine (20)] not converted for product of Conveyor : (AA3NAVHZ - 1)
2023-10-20 06:50:28,696 WARN  [GenerateS164TestDataSets] 	[anchoring prohibited (1)] not converted for restriction of RestrictedAreaRegulatory : (GB4X0000 - 5)(GB5X01NW - 2)(GB5X01NE - 3)(1B5X01NE - 1)(GB5X01SW - 6)
2023-10-20 06:50:28,696 WARN  [GenerateS164TestDataSets] 	[coast radio station providing QTG service (6)] not converted for categoryOfRadioStation of RadioStation : (GB4X0000 - 1)
2023-10-20 06:50:28,696 WARN  [GenerateS164TestDataSets] 	[clearing mark (41)] not converted for categoryOfSpecialPurposeMark of BuoySpecialPurposeGeneral : (GB4X0001 - 3)
2023-10-20 06:50:28,696 WARN  [GenerateS164TestDataSets] 	[foot bridge (9)] not converted for categoryOfBridge of Bridge : (GB4X0000 - 1)
2023-10-20 06:50:28,696 WARN  [GenerateS164TestDataSets] 	[fishing prohibited (3)] not converted for restriction of RestrictedAreaNavigational : (GB4X0000 - 3)(GB5X01NW - 1)(GB5X01NE - 3)(1B5X01NE - 1)(GB5X01SW - 3)
2023-10-20 06:50:28,696 WARN  [GenerateS164TestDataSets] 	[dredging prohibited (9),  | , diving restricted (12)] not converted for restriction of RestrictedAreaNavigational : (GB4X0000 - 1)(GB5X01SW - 3)
2023-10-20 06:50:28,696 WARN  [GenerateS164TestDataSets] Attribute Values Replace : 
2023-10-20 06:50:28,696 WARN  [GenerateS164TestDataSets] 	QUAPOS value unreliable (6)  not found in S101 (replaced by the doubtful value 5) : (GB4X0000 - 2)
2023-10-20 06:50:28,696 WARN  [GenerateS164TestDataSets] 	QUAPOS value reported (not surveyed) (7)  not found in S101 (replaced by the doubtful value 5) : (GB4X0000 - 2)
2023-10-20 06:50:28,696 WARN  [GenerateS164TestDataSets] 	LightAllAround :  Attribute lightCharacteristic for the value interrupted quick-flashing (9) change to [Quick-Flashing (4) : (GB4X0000 - 2)
2023-10-20 06:50:28,696 WARN  [GenerateS164TestDataSets] 	Coastline :  Attribute CATCOA with values [3] change to attribute type natureOfSurface with value [4] : (GB4X0000 - 1)
2023-10-20 06:50:28,696 WARN  [GenerateS164TestDataSets] 	Coastline :  Attribute CATCOA with values [4] change to attribute type natureOfSurface with value [5] : (GB4X0000 - 1)(GB5X01NE - 3)(1B5X01NE - 1)(GB5X01SW - 3)
2023-10-20 06:50:28,696 WARN  [GenerateS164TestDataSets] Feature Replace : 
2023-10-20 06:50:28,696 WARN  [GenerateS164TestDataSets] 	S57 VEGATN (Mangrove) has been replace by an S-101 Obstruction (Mangrove) : (AA5OTHER - 2)
