2023-07-03 12:33:32,029 WARN  [S57ToS101Converter] Conversion de 2J5X0001
2023-07-03 12:33:32,037 INFO  [AttributeConverterImpl] 12083_182103546_67 : Attribute type CATZOC has been removed from the S101 feature type QualityOfBathymetricData
2023-07-03 12:33:32,039 INFO  [AttributeConverterImpl] 12083_2007046034_166 : Attribute type OBJNAM has been removed from the S101 feature type SpanFixed
2023-07-03 12:33:32,039 INFO  [AttributeConverterImpl] 12083_-601306293_165 : Attribute type OBJNAM has been removed from the S101 feature type SpanFixed
2023-07-03 12:33:32,039 INFO  [AttributeConverterImpl] 12083_-731040948_168 : Attribute type CONVIS has been removed from the S101 feature type AirportAirfield
2023-07-03 12:33:32,039 INFO  [AttributeConverterImpl] 12083_-1834116367_169 : Attribute type CONVIS has been removed from the S101 feature type AirportAirfield
2023-07-03 12:33:32,039 ERROR [S57ToS101Converter] 12083_11017_1 : corresponding S101 feature type no found.
2023-07-03 12:33:32,039 ERROR [S57ToS101Converter] 12083_11018_1 : corresponding S101 feature type no found.
2023-07-03 12:33:32,039 ERROR [S57ToS101Converter] 12083_11019_1 : corresponding S101 feature type no found.
2023-07-03 12:33:32,039 ERROR [S57ToS101Converter] 12083_11020_1 : corresponding S101 feature type no found.
2023-07-03 12:33:32,039 ERROR [S57ToS101Converter] 12083_11021_1 : corresponding S101 feature type no found.
2023-07-03 12:33:32,039 ERROR [S57ToS101Converter] 12083_11022_1 : corresponding S101 feature type no found.
2023-07-03 12:33:32,039 WARN  [S57ToS101Converter] S101 Specification : Cannot find any S101 association for the S57 association object 12083_-1166627266_251 and for the slave features ASLXIS HULKES 
2023-07-03 12:33:32,039 WARN  [S57ToS101Converter] S101 Specification : Cannot find any S101 association for the S57 association object 12083_1538330316_252 and for the slave features LNDMRK ASLXIS 
2023-07-03 12:33:32,039 WARN  [S57ToS101Converter] S101 Specification : Cannot find any S101 association for the S57 association object 12083_1679013938_253 and for the slave features ASLXIS LNDMRK 
2023-07-03 12:33:32,039 INFO  [FeaturesFinalizer] Adding feature TOPMAR 12083_-1068539894_238 to BeaconCardinal Object 12083_-1722517604_239
2023-07-03 12:33:32,039 INFO  [FeaturesFinalizer] Adding feature TOPMAR 12083_-1911718051_242 to BeaconCardinal Object 12083_1630589096_243
2023-07-03 12:33:32,039 INFO  [FeaturesFinalizer] Adding feature TOPMAR 12083_-1070720050_240 to BeaconCardinal Object 12083_113229422_241
2023-07-03 12:33:32,039 WARN  [S57ToS101Converter] No S101 feature type for the S57 feature type 255
2023-07-03 12:33:32,039 WARN  [S57ToS101Converter] No S101 feature type for the S57 feature type 255
2023-07-03 12:33:32,039 WARN  [S57ToS101Converter] No S101 feature type for the S57 feature type 255
2023-07-03 12:33:32,039 WARN  [S57ToS101Converter] No S101 feature type for the S57 feature type 255
2023-07-03 12:33:32,039 WARN  [S57ToS101Converter] No S101 feature type for the S57 feature type 255
2023-07-03 12:33:32,039 WARN  [S57ToS101Converter] No S101 feature type for the S57 feature type 255
2023-07-03 12:33:32,039 WARN  [S57ToS101Converter] No S101 feature type for the S57 feature type C_AGGR
2023-07-03 12:33:32,039 WARN  [S57ToS101Converter] No S101 feature type for the S57 feature type C_AGGR
2023-07-03 12:33:32,039 WARN  [S57ToS101Converter] No S101 feature type for the S57 feature type C_ASSO
2023-07-03 12:33:32,039 INFO  [S57ToS101] Writing 1012J005X0001.000 to ./data-references/dataConverted/s164/Conversion-1.1.5/3.6 Display Priorities/S100_ROOT/S-101/DATASET_FILES
2023-07-03 12:33:32,069 INFO  [CheckS101] * Checking dataSet '1012J005X0001'...
2023-07-03 12:33:32,069 INFO  [CheckS101] ** Checking dataSet '1012J005X0001' consistency to the dictionary...
2023-07-03 12:33:32,069 INFO  [CheckS101] ** End of dataSet '1012J005X0001' consistency to the dictionary check
2023-07-03 12:33:32,069 INFO  [CheckS101] ** Checking dataSet '1012J005X0001' group 1...
2023-07-03 12:33:32,069 WARN  [CheckS101] *** 42 number of uses 3 [UnsurveyedArea, DepthArea, DataCoverage] [12083_750835054_156, 12083_-2014054132_175, 12083_118082137_2]
2023-07-03 12:33:32,069 WARN  [CheckS101] *** 46 number of uses 3 [UnsurveyedArea, DepthArea, DataCoverage] [12083_750835054_156, 12083_-2014054132_175, 12083_118082137_2]
2023-07-03 12:33:32,069 WARN  [CheckS101] *** 44 number of uses 3 [UnsurveyedArea, DepthArea, DataCoverage] [12083_750835054_156, 12083_-2014054132_175, 12083_118082137_2]
2023-07-03 12:33:32,069 WARN  [CheckS101] *** 47 number of uses 3 [UnsurveyedArea, DepthArea, DataCoverage] [12083_750835054_156, 12083_-2014054132_175, 12083_118082137_2]
2023-07-03 12:33:32,069 ERROR [CheckS101] *** '1012J005X0001.000' group 1 KO
2023-07-03 12:33:32,069 INFO  [CheckS101] ** End of dataSet '1012J005X0001' group 1 check
2023-07-03 12:33:32,069 INFO  [CheckS101] * End of dataSet '1012J005X0001' check
