2023-10-20 06:50:27,995 WARN  [GenerateS164TestDataSets] * Checking Signatures ....
2023-10-20 06:50:27,999 WARN  [GenerateS164TestDataSets] 	 true
2023-10-20 06:50:28,009 ERROR [S100FieldInImpl] FieldInS101Impl.decodeAttr() Unknown attribute type: 777
2023-10-20 06:50:28,013 WARN  [CheckS101] * Checking dataSet '10100AA_X01NE_1.0'...
2023-10-20 06:50:28,013 WARN  [CheckS101] Check Dictionnary ...
2023-10-20 06:50:28,013 INFO  [CheckS101] ** Checking dataSet '10100AA_X01NE' consistency to the dictionary...
2023-10-20 06:50:28,014 ERROR [CheckS101] 	 Unknown attribute type '777' for feature type 'BuoySpecialPurposeGeneral'
2023-10-20 06:50:28,014 ERROR [CheckS101] 	 Unknown value '555' for attribute type 'buoyShape'
2023-10-20 06:50:28,014 ERROR [CheckS101] 	 Missing mandatory attribute 'buoyShape' in attributeStore 'BuoySpecialPurposeGeneral'
2023-10-20 06:50:28,015 ERROR [CheckS101] Unknown feature type 999
2023-10-20 06:50:28,016 INFO  [CheckS101] ** End of dataSet '10100AA_X01NE' consistency to the dictionary check
2023-10-20 06:50:28,016 WARN  [CheckS101] Dictionnary false
2023-10-20 06:50:28,016 WARN  [CheckS101] Check Groupe1 ...
2023-10-20 06:50:28,016 INFO  [CheckS101] ** Checking dataSet '10100AA_X01NE' group 1...
2023-10-20 06:50:28,017 INFO  [CheckS101] 	 '10100AA_X01NE.000' group 1 OK
2023-10-20 06:50:28,017 INFO  [CheckS101] ** End of dataSet '10100AA_X01NE' group 1 check
2023-10-20 06:50:28,017 WARN  [CheckS101] Groupe1 true
2023-10-20 06:50:28,017 WARN  [CheckS101] Check ChainNode ...
2023-10-20 06:50:28,017 WARN  [CheckS101] ChainNode true
2023-10-20 06:50:28,017 WARN  [CheckS101] Check UnUsedSpatialObjects ...
2023-10-20 06:50:28,018 WARN  [CheckS101] Check UnUsedSpatialObjects false
2023-10-20 06:50:28,018 WARN  [CheckS101] * End of dataSet '10100AA_X01NE_1.0' check
