2023-07-03 12:33:30,073 WARN  [S57ToS101Converter] Conversion de GB5X01NW
2023-07-03 12:33:30,085 INFO  [AttributeConverterImpl] 540_29175023_1 : Removing a non-mandatory empty numeric value Obstruction:valueOfSounding=
2023-07-03 12:33:30,085 INFO  [AttributeConverterImpl] 540_29174974_1 : Attribute type CATBRG has been removed from the S101 feature type SpanFixed
2023-07-03 12:33:30,085 INFO  [AttributeConverterImpl] 540_29174974_1 : Cartographic intervention, the mandatory numeric S101 value has an empty value SpanFixed:verticalClearanceValue=
2023-07-03 12:33:30,085 INFO  [AttributeConverterImpl] 540_29175049_1 : Attribute type CATBRG has been removed from the S101 feature type SpanOpening
2023-07-03 12:33:30,085 INFO  [AttributeConverterImpl] 540_29175050_1 : Attribute type CATBRG has been removed from the S101 feature type SpanFixed
2023-07-03 12:33:30,085 INFO  [AttributeConverterImpl] 540_29175050_1 : Cartographic intervention, the mandatory numeric S101 value has an empty value SpanFixed:verticalClearanceValue=
2023-07-03 12:33:30,085 INFO  [AttributeConverterImpl] 540_29175025_1 : Attribute type CATBRG has been removed from the S101 feature type SpanFixed
2023-07-03 12:33:30,085 INFO  [AttributeConverterImpl] 540_29175025_1 : Attribute type OBJNAM has been removed from the S101 feature type SpanFixed
2023-07-03 12:33:30,085 WARN  [AttributeConverterImpl] Valeur S57 [directional function (1)] non convertie(s) pour categoryOfLight de LightSectored 540_29175647_1
2023-07-03 12:33:30,085 INFO  [AttributeConverterImpl] 540_29175647_1 : Attribute type CATLIT has been removed from the S101 feature type LightSectored
2023-07-03 12:33:30,085 INFO  [AttributeConverterImpl] 540_29175647_1 : Removing a non-mandatory empty numeric value LightSectored:orientationUncertainty=
2023-07-03 12:33:30,085 INFO  [AttributeConverterImpl] 540_29175592_1 : Attribute type CATLIT has been removed from the S101 feature type LightAirObstruction
2023-07-03 12:33:30,093 INFO  [AttributeConverterImpl] 540_29175545_1 : Removing a non-mandatory empty numeric value CableOverhead:verticalClearanceValue=
2023-07-03 12:33:30,093 INFO  [AttributeConverterImpl] 540_29175546_1 : Removing a non-mandatory empty numeric value CableOverhead:verticalClearanceValue=
2023-07-03 12:33:30,093 INFO  [AttributeConverterImpl] 540_29175343_1 : Removing a non-mandatory empty numeric value Obstruction:valueOfSounding=
2023-07-03 12:33:30,093 INFO  [AttributeConverterImpl] 540_29175342_1 : Removing a non-mandatory empty numeric value Obstruction:valueOfSounding=
2023-07-03 12:33:30,096 INFO  [AttributeConverterImpl] 540_29175138_1 : Setting attribute value as empty for an unexisting s101 attribute value River:status=1
2023-07-03 12:33:30,096 INFO  [AttributeConverterImpl] 540_29175138_1 : Removing a non-mandatory empty numeric value River:status=
2023-07-03 12:33:30,096 INFO  [AttributeConverterImpl] 540_29175101_1 : Attribute type COLOUR has been removed from the S101 feature type BeaconLateral
2023-07-03 12:33:30,096 INFO  [AttributeConverterImpl] 540_29175101_1 : Attribute type COLOUR has been removed from the S101 feature type BeaconLateral
2023-07-03 12:33:30,096 INFO  [AttributeConverterImpl] 540_29175100_1 : Attribute type COLOUR has been removed from the S101 feature type BeaconLateral
2023-07-03 12:33:30,096 INFO  [AttributeConverterImpl] 540_29175100_1 : Attribute type COLOUR has been removed from the S101 feature type BeaconLateral
2023-07-03 12:33:30,096 INFO  [AttributeConverterImpl] 540_29175303_1 : Removing a non-mandatory empty numeric value Obstruction:valueOfSounding=
2023-07-03 12:33:30,096 INFO  [AttributeConverterImpl] 540_29175304_1 : Removing a non-mandatory empty numeric value Obstruction:valueOfSounding=
2023-07-03 12:33:30,096 INFO  [AttributeConverterImpl] 540_29175078_1 : Removing a non-mandatory empty numeric value Gate:horizontalClearanceValue=
2023-07-03 12:33:30,096 INFO  [AttributeConverterImpl] 540_29175079_1 : Removing a non-mandatory empty numeric value Gate:horizontalClearanceValue=
2023-07-03 12:33:30,096 INFO  [AttributeConverterImpl] 540_29175302_1 : Removing a non-mandatory empty numeric value Obstruction:valueOfSounding=
2023-07-03 12:33:30,096 INFO  [AttributeConverterImpl] 540_29175322_1 : Setting attribute value as empty for an unexisting s101 attribute value UnderwaterAwashRock:natureOfSurface=9
2023-07-03 12:33:30,096 INFO  [AttributeConverterImpl] 540_29175322_1 : Removing a non-mandatory empty numeric value UnderwaterAwashRock:natureOfSurface=
2023-07-03 12:33:30,096 INFO  [AttributeConverterImpl] 540_29175322_1 : Cartographic intervention, the mandatory numeric S101 value has an empty value UnderwaterAwashRock:valueOfSounding=
2023-07-03 12:33:30,096 INFO  [AttributeConverterImpl] 540_29175323_1 : Cartographic intervention, the mandatory numeric S101 value has an empty value UnderwaterAwashRock:valueOfSounding=
2023-07-03 12:33:30,096 INFO  [AttributeConverterImpl] 540_29175563_1 : Setting attribute value as empty for an unexisting s101 attribute value UnderwaterAwashRock:natureOfSurface=9
2023-07-03 12:33:30,096 INFO  [AttributeConverterImpl] 540_29175563_1 : Removing a non-mandatory empty numeric value UnderwaterAwashRock:natureOfSurface=
2023-07-03 12:33:30,096 INFO  [AttributeConverterImpl] 540_29175563_1 : Cartographic intervention, the mandatory numeric S101 value has an empty value UnderwaterAwashRock:valueOfSounding=
2023-07-03 12:33:30,096 INFO  [AttributeConverterImpl] 540_29175113_1 : Attribute type CATBRG has been removed from the S101 feature type SpanFixed
2023-07-03 12:33:30,096 INFO  [AttributeConverterImpl] 540_29175113_1 : Cartographic intervention, the mandatory numeric S101 value has an empty value SpanFixed:verticalClearanceValue=
2023-07-03 12:33:30,096 INFO  [AttributeConverterImpl] 540_29175074_1 : Attribute type CATLMK has been removed from the S101 feature type WindTurbine
2023-07-03 12:33:30,096 INFO  [AttributeConverterImpl] 540_29175599_1 : Attribute type CATLIT has been removed from the S101 feature type LightSectored
2023-07-03 12:33:30,096 INFO  [AttributeConverterImpl] 540_29175600_1 : Attribute type CATLIT has been removed from the S101 feature type LightSectored
2023-07-03 12:33:30,096 INFO  [AttributeConverterImpl] 540_29175601_1 : Attribute type CATLIT has been removed from the S101 feature type LightSectored
2023-07-03 12:33:30,096 INFO  [AttributeConverterImpl] 540_29175602_1 : Cartographic intervention, the mandatory numeric S101 value has an empty value BeaconLateral:beaconShape=
2023-07-03 12:33:30,096 INFO  [AttributeConverterImpl] 540_29175602_1 : Cartographic intervention, the mandatory numeric S101 value has an empty value BeaconLateral:beaconShape=
2023-07-03 12:33:30,096 INFO  [AttributeConverterImpl] 540_29175657_1 : Attribute type CATLIT has been removed from the S101 feature type LightSectored
2023-07-03 12:33:30,096 INFO  [AttributeConverterImpl] 540_29175652_1 : Attribute type CATLIT has been removed from the S101 feature type LightAllAround
2023-07-03 12:33:30,096 INFO  [AttributeConverterImpl] 540_29175653_1 : Attribute type CATLIT has been removed from the S101 feature type LightAirObstruction
2023-07-03 12:33:30,096 INFO  [AttributeConverterImpl] 540_29175658_1 : Attribute type CATLIT has been removed from the S101 feature type LightSectored
2023-07-03 12:33:30,096 INFO  [AttributeConverterImpl] 540_29175659_1 : Attribute type CATLIT has been removed from the S101 feature type LightSectored
2023-07-03 12:33:30,096 INFO  [AttributeConverterImpl] 540_29175660_1 : Cartographic intervention, the mandatory numeric S101 value has an empty value BeaconLateral:beaconShape=
2023-07-03 12:33:30,104 INFO  [AttributeConverterImpl] 540_29175660_1 : Cartographic intervention, the mandatory numeric S101 value has an empty value BeaconLateral:beaconShape=
2023-07-03 12:33:30,104 INFO  [AttributeConverterImpl] 540_29175654_1 : Attribute type CATLIT has been removed from the S101 feature type LightAirObstruction
2023-07-03 12:33:30,104 INFO  [AttributeConverterImpl] 540_29174987_1 : Removing a non-mandatory empty numeric value Obstruction:valueOfSounding=
2023-07-03 12:33:30,104 INFO  [AttributeConverterImpl] 540_29175313_1 : Removing a non-mandatory empty numeric value Obstruction:valueOfSounding=
2023-07-03 12:33:30,104 INFO  [AttributeConverterImpl] 540_29175121_1 : Attribute type CATBRG has been removed from the S101 feature type SpanFixed
2023-07-03 12:33:30,104 INFO  [AttributeConverterImpl] 540_29175121_1 : Cartographic intervention, the mandatory numeric S101 value has an empty value SpanFixed:verticalClearanceValue=
2023-07-03 12:33:30,106 INFO  [AttributeConverterImpl] 540_29175506_1 : Removing a non-mandatory empty numeric value Obstruction:valueOfSounding=
2023-07-03 12:33:30,106 INFO  [AttributeConverterImpl] 540_29175505_1 : Removing a non-mandatory empty numeric value Obstruction:valueOfSounding=
2023-07-03 12:33:30,106 INFO  [AttributeConverterImpl] 540_29175364_1 : Attribute type CATBRG has been removed from the S101 feature type SpanFixed
2023-07-03 12:33:30,106 INFO  [AttributeConverterImpl] 540_29175364_1 : Cartographic intervention, the mandatory numeric S101 value has an empty value SpanFixed:verticalClearanceValue=
2023-07-03 12:33:30,106 INFO  [AttributeConverterImpl] 540_29175650_1 : Attribute type CATLIT has been removed from the S101 feature type LightSectored
2023-07-03 12:33:30,106 INFO  [AttributeConverterImpl] 540_29175649_1 : Attribute type CATLIT has been removed from the S101 feature type LightSectored
2023-07-03 12:33:30,106 INFO  [AttributeConverterImpl] 540_29175648_1 : Attribute type CATLIT has been removed from the S101 feature type LightSectored
2023-07-03 12:33:30,106 INFO  [AttributeConverterImpl] 540_29175594_1 : Attribute type CATLIT has been removed from the S101 feature type LightSectored
2023-07-03 12:33:30,106 INFO  [AttributeConverterImpl] 540_29175595_1 : Attribute type CATLIT has been removed from the S101 feature type LightSectored
2023-07-03 12:33:30,106 INFO  [AttributeConverterImpl] 540_29175596_1 : Attribute type CATLIT has been removed from the S101 feature type LightSectored
2023-07-03 12:33:30,106 INFO  [AttributeConverterImpl] 540_29175392_1 : Attribute type CATLIT has been removed from the S101 feature type LightSectored
2023-07-03 12:33:30,106 INFO  [AttributeConverterImpl] 540_29175391_1 : Attribute type CATLIT has been removed from the S101 feature type LightSectored
2023-07-03 12:33:30,106 INFO  [AttributeConverterImpl] 540_29175390_1 : Attribute type CATLIT has been removed from the S101 feature type LightSectored
2023-07-03 12:33:30,106 INFO  [AttributeConverterImpl] 540_29175498_1 : Removing a non-mandatory empty numeric value Obstruction:valueOfSounding=
2023-07-03 12:33:30,106 INFO  [AttributeConverterImpl] 540_29175497_1 : Removing a non-mandatory empty numeric value Obstruction:valueOfSounding=
2023-07-03 12:33:30,106 INFO  [AttributeConverterImpl] 540_29175360_1 : Removing a non-mandatory empty numeric value Obstruction:valueOfSounding=
2023-07-03 12:33:30,106 INFO  [AttributeConverterImpl] 540_29175358_1 : Removing a non-mandatory empty numeric value Obstruction:valueOfSounding=
2023-07-03 12:33:30,106 INFO  [AttributeConverterImpl] 540_29175618_1 : Removing a non-mandatory empty numeric value Obstruction:valueOfSounding=
2023-07-03 12:33:30,106 INFO  [AttributeConverterImpl] 540_29175620_1 : Removing a non-mandatory empty numeric value Obstruction:valueOfSounding=
2023-07-03 12:33:30,106 INFO  [AttributeConverterImpl] 540_29175684_1 : Removing a non-mandatory empty numeric value Obstruction:valueOfSounding=
2023-07-03 12:33:30,106 INFO  [AttributeConverterImpl] 540_29175683_1 : Removing a non-mandatory empty numeric value Obstruction:valueOfSounding=
2023-07-03 12:33:30,106 INFO  [AttributeConverterImpl] 540_29175501_1 : Cartographic intervention, the mandatory numeric S101 value has an empty value BeaconLateral:beaconShape=
2023-07-03 12:33:30,106 INFO  [AttributeConverterImpl] 540_29175501_1 : Cartographic intervention, the mandatory numeric S101 value has an empty value BeaconLateral:beaconShape=
2023-07-03 12:33:30,106 INFO  [AttributeConverterImpl] 540_29175496_1 : Cartographic intervention, the mandatory numeric S101 value has an empty value BeaconLateral:beaconShape=
2023-07-03 12:33:30,106 INFO  [AttributeConverterImpl] 540_29175496_1 : Cartographic intervention, the mandatory numeric S101 value has an empty value BeaconLateral:beaconShape=
2023-07-03 12:33:30,106 INFO  [AttributeConverterImpl] 540_29175495_1 : Setting attribute value as empty for an unexisting s101 attribute value UnderwaterAwashRock:natureOfSurface=9
2023-07-03 12:33:30,106 INFO  [AttributeConverterImpl] 540_29175495_1 : Removing a non-mandatory empty numeric value UnderwaterAwashRock:natureOfSurface=
2023-07-03 12:33:30,106 INFO  [AttributeConverterImpl] 540_29175495_1 : Cartographic intervention, the mandatory numeric S101 value has an empty value UnderwaterAwashRock:valueOfSounding=
2023-07-03 12:33:30,106 INFO  [AttributeConverterImpl] 540_29175692_1 : Cartographic intervention, the mandatory numeric S101 value has an empty value BeaconLateral:beaconShape=
2023-07-03 12:33:30,106 INFO  [AttributeConverterImpl] 540_29175692_1 : Cartographic intervention, the mandatory numeric S101 value has an empty value BeaconLateral:beaconShape=
2023-07-03 12:33:30,106 INFO  [AttributeConverterImpl] 540_29175694_1 : Cartographic intervention, the mandatory numeric S101 value has an empty value BeaconLateral:beaconShape=
2023-07-03 12:33:30,106 INFO  [AttributeConverterImpl] 540_29175694_1 : Cartographic intervention, the mandatory numeric S101 value has an empty value BeaconLateral:beaconShape=
2023-07-03 12:33:30,106 WARN  [S57ToS101Converter] S101 Specification : Relationship not found from BeaconLateral-540_29175694_1 to RadarReflector-1810_117968329_2
2023-07-03 12:33:30,106 INFO  [AttributeConverterImpl] 540_29175051_1 : Attribute type CATBRG has been removed from the S101 feature type SpanFixed
2023-07-03 12:33:30,106 INFO  [AttributeConverterImpl] 540_29175482_1 : Cartographic intervention, the mandatory numeric S101 value has an empty value BeaconSpecialPurposeGeneral:beaconShape=
2023-07-03 12:33:30,106 INFO  [AttributeConverterImpl] 540_29175482_1 : Cartographic intervention, the mandatory numeric S101 value has an empty value BeaconSpecialPurposeGeneral:beaconShape=
2023-07-03 12:33:30,106 INFO  [AttributeConverterImpl] 540_29175687_1 : Attribute type COLOUR has been removed from the S101 feature type BeaconSpecialPurposeGeneral
2023-07-03 12:33:30,106 INFO  [AttributeConverterImpl] 540_29175687_1 : Cartographic intervention, the mandatory numeric S101 value has an empty value BeaconSpecialPurposeGeneral:beaconShape=
2023-07-03 12:33:30,106 INFO  [AttributeConverterImpl] 540_29175687_1 : Attribute type COLOUR has been removed from the S101 feature type BeaconSpecialPurposeGeneral
2023-07-03 12:33:30,114 INFO  [AttributeConverterImpl] 540_29175687_1 : Cartographic intervention, the mandatory numeric S101 value has an empty value BeaconSpecialPurposeGeneral:beaconShape=
2023-07-03 12:33:30,114 INFO  [AttributeConverterImpl] 540_29175690_1 : Cartographic intervention, the mandatory numeric S101 value has an empty value BeaconSpecialPurposeGeneral:beaconShape=
2023-07-03 12:33:30,114 INFO  [AttributeConverterImpl] 540_29175690_1 : Cartographic intervention, the mandatory numeric S101 value has an empty value BeaconSpecialPurposeGeneral:beaconShape=
2023-07-03 12:33:30,114 INFO  [AttributeConverterImpl] 540_29175359_1 : Cartographic intervention, the mandatory numeric S101 value has an empty value LightAllAround:lightCharacteristic=
2023-07-03 12:33:30,114 INFO  [AttributeConverterImpl] 540_29175680_1 : Attribute type CATLIT has been removed from the S101 feature type LightAllAround
2023-07-03 12:33:30,114 INFO  [AttributeConverterImpl] 540_29175542_1 : Removing a non-mandatory empty numeric value Obstruction:valueOfSounding=
2023-07-03 12:33:30,114 INFO  [AttributeConverterImpl] 540_29175644_1 : Setting attribute value as empty for an unexisting s101 attribute value UnderwaterAwashRock:natureOfSurface=9
2023-07-03 12:33:30,114 INFO  [AttributeConverterImpl] 540_29175644_1 : Removing a non-mandatory empty numeric value UnderwaterAwashRock:natureOfSurface=
2023-07-03 12:33:30,114 INFO  [AttributeConverterImpl] 540_29175644_1 : Cartographic intervention, the mandatory numeric S101 value has an empty value UnderwaterAwashRock:valueOfSounding=
2023-07-03 12:33:30,114 INFO  [AttributeConverterImpl] 540_29175645_1 : Setting attribute value as empty for an unexisting s101 attribute value UnderwaterAwashRock:natureOfSurface=9
2023-07-03 12:33:30,114 INFO  [AttributeConverterImpl] 540_29175645_1 : Removing a non-mandatory empty numeric value UnderwaterAwashRock:natureOfSurface=
2023-07-03 12:33:30,114 INFO  [AttributeConverterImpl] 540_29175645_1 : Cartographic intervention, the mandatory numeric S101 value has an empty value UnderwaterAwashRock:valueOfSounding=
2023-07-03 12:33:30,116 WARN  [S57ToS101Converter] S101 Specification : Cannot find any S101 association for the S57 association object 540_29175704_1 and for the slave features FLODOC CBLSUB CBLSUB CBLSUB CBLSUB OBSTRN OBSTRN OBSTRN OBSTRN 
2023-07-03 12:33:30,116 WARN  [S57ToS101Converter] S101 Specification : Relationship not found from LightAirObstruction-540_29175654_1 to FogSignal-540_29175655_1
2023-07-03 12:33:30,116 INFO  [FeaturesFinalizer] Adding feature TOPMAR 540_29175307_1 to BeaconIsolatedDanger Object 540_29175308_1
2023-07-03 12:33:30,116 INFO  [FeaturesFinalizer] Adding feature TOPMAR 540_29175300_1 to BuoyLateral Object 540_29175301_1
2023-07-03 12:33:30,116 INFO  [FeaturesFinalizer] Adding feature TOPMAR 540_29175554_1 to BuoyLateral Object 540_29175553_1
2023-07-03 12:33:30,116 INFO  [FeaturesFinalizer] Adding feature TOPMAR 540_29175298_1 to BuoyLateral Object 540_29175299_1
2023-07-03 12:33:30,116 INFO  [FeaturesFinalizer] Adding feature TOPMAR 540_29175598_1 to BeaconLateral Object 540_29175602_1
2023-07-03 12:33:30,116 INFO  [FeaturesFinalizer] Adding feature TOPMAR 540_29175656_1 to BeaconLateral Object 540_29175660_1
2023-07-03 12:33:30,116 INFO  [FeaturesFinalizer] Adding feature TOPMAR 540_29175486_1 to BuoyLateral Object 540_29175485_1
2023-07-03 12:33:30,116 INFO  [FeaturesFinalizer] Adding feature TOPMAR 540_29175500_1 to BeaconLateral Object 540_29175501_1
2023-07-03 12:33:30,116 INFO  [FeaturesFinalizer] Adding feature TOPMAR 540_29175499_1 to BeaconLateral Object 540_29175496_1
2023-07-03 12:33:30,116 INFO  [FeaturesFinalizer] Adding feature TOPMAR 540_29175691_1 to BeaconLateral Object 540_29175692_1
2023-07-03 12:33:30,116 INFO  [FeaturesFinalizer] Adding feature TOPMAR 540_29175693_1 to BeaconLateral Object 540_29175694_1
2023-07-03 12:33:30,116 INFO  [FeaturesFinalizer] Adding feature TOPMAR 540_29175484_1 to BeaconSpecialPurposeGeneral Object 540_29175482_1
2023-07-03 12:33:30,116 INFO  [FeaturesFinalizer] Adding feature TOPMAR 540_29175688_1 to BeaconSpecialPurposeGeneral Object 540_29175690_1
2023-07-03 12:33:30,116 INFO  [FeaturesFinalizer] Adding feature TOPMAR 540_29175550_1 to BuoyLateral Object 540_29175549_1
2023-07-03 12:33:30,116 INFO  [FeaturesFinalizer] Adding feature TOPMAR 540_29175548_1 to BuoyLateral Object 540_29175547_1
2023-07-03 12:33:30,116 INFO  [FeaturesFinalizer] Adding feature TOPMAR 540_29175552_1 to BuoyLateral Object 540_29175551_1
2023-07-03 12:33:30,116 INFO  [FeaturesFinalizer] Adding feature LIGHTS 540_29175600_1 to LightSectored Object 540_29175599_1
2023-07-03 12:33:30,116 INFO  [FeaturesFinalizer] Adding feature LIGHTS 540_29175658_1 to LightSectored Object 540_29175657_1
2023-07-03 12:33:30,116 INFO  [FeaturesFinalizer] Adding feature LIGHTS 540_29175649_1 to LightSectored Object 540_29175650_1
2023-07-03 12:33:30,116 INFO  [FeaturesFinalizer] Adding feature LIGHTS 540_29175595_1 to LightSectored Object 540_29175594_1
2023-07-03 12:33:30,116 INFO  [FeaturesFinalizer] Adding feature LIGHTS 540_29175391_1 to LightSectored Object 540_29175392_1
2023-07-03 12:33:30,116 INFO  [FeaturesFinalizer] LIGHTS : removing feature LIGHTS 540_29175600_1
2023-07-03 12:33:30,116 INFO  [FeaturesFinalizer] LIGHTS : removing feature LIGHTS 540_29175601_1
2023-07-03 12:33:30,116 INFO  [FeaturesFinalizer] LIGHTS : removing feature LIGHTS 540_29175658_1
2023-07-03 12:33:30,116 INFO  [FeaturesFinalizer] LIGHTS : removing feature LIGHTS 540_29175659_1
2023-07-03 12:33:30,116 INFO  [FeaturesFinalizer] LIGHTS : removing feature LIGHTS 540_29175649_1
2023-07-03 12:33:30,116 INFO  [FeaturesFinalizer] LIGHTS : removing feature LIGHTS 540_29175648_1
2023-07-03 12:33:30,116 INFO  [FeaturesFinalizer] LIGHTS : removing feature LIGHTS 540_29175595_1
2023-07-03 12:33:30,116 INFO  [FeaturesFinalizer] LIGHTS : removing feature LIGHTS 540_29175596_1
2023-07-03 12:33:30,116 INFO  [FeaturesFinalizer] LIGHTS : removing feature LIGHTS 540_29175391_1
2023-07-03 12:33:30,116 INFO  [FeaturesFinalizer] LIGHTS : removing feature LIGHTS 540_29175390_1
2023-07-03 12:33:30,116 INFO  [AttributeConverterImpl] 1810_117968332_2 : Attribute type CATBRG has been removed from the S101 feature type Bridge
2023-07-03 12:33:30,116 INFO  [AttributeConverterImpl] 1810_117968333_2 : Attribute type VERCCL has been removed from the S101 feature type Bridge
2023-07-03 12:33:30,116 INFO  [AttributeConverterImpl] 1810_117968334_2 : Attribute type CATBRG has been removed from the S101 feature type Bridge
2023-07-03 12:33:30,116 INFO  [AttributeConverterImpl] 1810_117968336_2 : Attribute type CATBRG has been removed from the S101 feature type Bridge
2023-07-03 12:33:30,116 INFO  [AttributeConverterImpl] 1810_117968337_2 : Attribute type CATBRG has been removed from the S101 feature type Bridge
2023-07-03 12:33:30,116 INFO  [AttributeConverterImpl] 1810_117968338_2 : Attribute type CATBRG has been removed from the S101 feature type Bridge
2023-07-03 12:33:30,136 WARN  [S57ToS101Converter] No S101 feature type for the S57 feature type CTRPNT
2023-07-03 12:33:30,136 WARN  [S57ToS101Converter] No S101 feature type for the S57 feature type CTRPNT
2023-07-03 12:33:30,136 WARN  [S57ToS101Converter] No S101 feature type for the S57 feature type C_AGGR
2023-07-03 12:33:30,136 INFO  [S57ToS101] Writing 101AA005X01NW.000 to ./data-references/dataConverted/s164/Conversion-1.1.5/2.1.1 Power Up/S100_ROOT/S-101/DATASET_FILES
2023-07-03 12:33:30,258 INFO  [CheckS101] * Checking dataSet '101AA005X01NW'...
2023-07-03 12:33:30,258 INFO  [CheckS101] ** Checking dataSet '101AA005X01NW' consistency to the dictionary...
2023-07-03 12:33:30,258 INFO  [CheckS101] ** End of dataSet '101AA005X01NW' consistency to the dictionary check
2023-07-03 12:33:30,258 INFO  [CheckS101] ** Checking dataSet '101AA005X01NW' group 1...
2023-07-03 12:33:30,258 INFO  [CheckS101] *** '101AA005X01NW.000' group 1 OK
2023-07-03 12:33:30,258 INFO  [CheckS101] ** End of dataSet '101AA005X01NW' group 1 check
2023-07-03 12:33:30,258 INFO  [CheckS101] * End of dataSet '101AA005X01NW' check
