2023-07-03 12:33:29,931 WARN  [S57ToS101Converter] Conversion de GB5X01NE
2023-07-03 12:33:29,941 INFO  [AttributeConverterImpl] 540_29166738_1 : Setting attribute value as empty for an unexisting s101 attribute value UnderwaterAwashRock:natureOfSurface=9
2023-07-03 12:33:29,941 INFO  [AttributeConverterImpl] 540_29166738_1 : Removing a non-mandatory empty numeric value UnderwaterAwashRock:natureOfSurface=
2023-07-03 12:33:29,941 INFO  [AttributeConverterImpl] 540_29166738_1 : Cartographic intervention, the mandatory numeric S101 value has an empty value UnderwaterAwashRock:valueOfSounding=
2023-07-03 12:33:29,941 INFO  [AttributeConverterImpl] 540_29166739_1 : Setting attribute value as empty for an unexisting s101 attribute value UnderwaterAwashRock:natureOfSurface=9
2023-07-03 12:33:29,941 INFO  [AttributeConverterImpl] 540_29166739_1 : Removing a non-mandatory empty numeric value UnderwaterAwashRock:natureOfSurface=
2023-07-03 12:33:29,941 INFO  [AttributeConverterImpl] 540_29166739_1 : Cartographic intervention, the mandatory numeric S101 value has an empty value UnderwaterAwashRock:valueOfSounding=
2023-07-03 12:33:29,941 INFO  [AttributeConverterImpl] 540_29166737_1 : Setting attribute value as empty for an unexisting s101 attribute value UnderwaterAwashRock:natureOfSurface=9
2023-07-03 12:33:29,941 INFO  [AttributeConverterImpl] 540_29166737_1 : Removing a non-mandatory empty numeric value UnderwaterAwashRock:natureOfSurface=
2023-07-03 12:33:29,941 INFO  [AttributeConverterImpl] 540_29166737_1 : Cartographic intervention, the mandatory numeric S101 value has an empty value UnderwaterAwashRock:valueOfSounding=
2023-07-03 12:33:29,943 INFO  [AttributeConverterImpl] 540_29166468_1 : Cartographic intervention, the mandatory numeric S101 value has an empty value BeaconCardinal:beaconShape=
2023-07-03 12:33:29,943 INFO  [AttributeConverterImpl] 540_29166468_1 : Cartographic intervention, the mandatory numeric S101 value has an empty value BeaconCardinal:beaconShape=
2023-07-03 12:33:29,943 INFO  [AttributeConverterImpl] 540_29166478_1 : Attribute type CATLIT has been removed from the S101 feature type LightAllAround
2023-07-03 12:33:29,943 INFO  [AttributeConverterImpl] 540_29166473_1 : Attribute type COLOUR has been removed from the S101 feature type BeaconSpecialPurposeGeneral
2023-07-03 12:33:29,943 INFO  [AttributeConverterImpl] 540_29166473_1 : Cartographic intervention, the mandatory numeric S101 value has an empty value BeaconSpecialPurposeGeneral:beaconShape=
2023-07-03 12:33:29,943 INFO  [AttributeConverterImpl] 540_29166473_1 : Attribute type COLOUR has been removed from the S101 feature type BeaconSpecialPurposeGeneral
2023-07-03 12:33:29,943 INFO  [AttributeConverterImpl] 540_29166473_1 : Cartographic intervention, the mandatory numeric S101 value has an empty value BeaconSpecialPurposeGeneral:beaconShape=
2023-07-03 12:33:29,943 INFO  [AttributeConverterImpl] 540_29166472_1 : Attribute type COLOUR has been removed from the S101 feature type BeaconSpecialPurposeGeneral
2023-07-03 12:33:29,943 INFO  [AttributeConverterImpl] 540_29166472_1 : Cartographic intervention, the mandatory numeric S101 value has an empty value BeaconSpecialPurposeGeneral:beaconShape=
2023-07-03 12:33:29,943 INFO  [AttributeConverterImpl] 540_29166472_1 : Attribute type COLOUR has been removed from the S101 feature type BeaconSpecialPurposeGeneral
2023-07-03 12:33:29,943 INFO  [AttributeConverterImpl] 540_29166472_1 : Cartographic intervention, the mandatory numeric S101 value has an empty value BeaconSpecialPurposeGeneral:beaconShape=
2023-07-03 12:33:29,943 INFO  [AttributeConverterImpl] 540_29166471_1 : Attribute type COLOUR has been removed from the S101 feature type BeaconSpecialPurposeGeneral
2023-07-03 12:33:29,943 INFO  [AttributeConverterImpl] 540_29166471_1 : Cartographic intervention, the mandatory numeric S101 value has an empty value BeaconSpecialPurposeGeneral:beaconShape=
2023-07-03 12:33:29,943 INFO  [AttributeConverterImpl] 540_29166471_1 : Attribute type COLOUR has been removed from the S101 feature type BeaconSpecialPurposeGeneral
2023-07-03 12:33:29,943 INFO  [AttributeConverterImpl] 540_29166471_1 : Cartographic intervention, the mandatory numeric S101 value has an empty value BeaconSpecialPurposeGeneral:beaconShape=
2023-07-03 12:33:29,943 INFO  [AttributeConverterImpl] 540_29166470_1 : Attribute type COLOUR has been removed from the S101 feature type BeaconSpecialPurposeGeneral
2023-07-03 12:33:29,943 INFO  [AttributeConverterImpl] 540_29166470_1 : Cartographic intervention, the mandatory numeric S101 value has an empty value BeaconSpecialPurposeGeneral:beaconShape=
2023-07-03 12:33:29,943 INFO  [AttributeConverterImpl] 540_29166470_1 : Attribute type COLOUR has been removed from the S101 feature type BeaconSpecialPurposeGeneral
2023-07-03 12:33:29,943 INFO  [AttributeConverterImpl] 540_29166470_1 : Cartographic intervention, the mandatory numeric S101 value has an empty value BeaconSpecialPurposeGeneral:beaconShape=
2023-07-03 12:33:29,943 INFO  [AttributeConverterImpl] 540_29166455_1 : Attribute type CATREA has been removed from the S101 feature type RestrictedAreaNavigational
2023-07-03 12:33:29,943 INFO  [AttributeConverterImpl] 1810_118078423_2 : Attribute type CATREA has been removed from the S101 feature type RestrictedAreaRegulatory
2023-07-03 12:33:29,943 INFO  [AttributeConverterImpl] 540_29166655_1 : Removing a non-mandatory empty numeric value Obstruction:valueOfSounding=
2023-07-03 12:33:29,943 INFO  [AttributeConverterImpl] 540_29166856_1 : Removing a non-mandatory empty numeric value Obstruction:valueOfSounding=
2023-07-03 12:33:29,943 INFO  [AttributeConverterImpl] Coastline :  Attribute CATCOA with values [4] change to attribute type natureOfSurface with value [5]
2023-07-03 12:33:29,943 INFO  [AttributeConverterImpl] 540_29166798_1 : Cartographic intervention, the mandatory numeric S101 value has an empty value BeaconSpecialPurposeGeneral:beaconShape=
2023-07-03 12:33:29,943 INFO  [AttributeConverterImpl] 540_29166798_1 : Cartographic intervention, the mandatory numeric S101 value has an empty value BeaconSpecialPurposeGeneral:beaconShape=
2023-07-03 12:33:29,943 INFO  [AttributeConverterImpl] 540_29166800_1 : Cartographic intervention, the mandatory numeric S101 value has an empty value BeaconSpecialPurposeGeneral:beaconShape=
2023-07-03 12:33:29,943 INFO  [AttributeConverterImpl] 540_29166800_1 : Cartographic intervention, the mandatory numeric S101 value has an empty value BeaconSpecialPurposeGeneral:beaconShape=
2023-07-03 12:33:29,943 INFO  [AttributeConverterImpl] 540_29166754_1 : Removing a non-mandatory empty numeric value Obstruction:valueOfSounding=
2023-07-03 12:33:29,943 INFO  [AttributeConverterImpl] 540_29166755_1 : Removing a non-mandatory empty numeric value Obstruction:valueOfSounding=
2023-07-03 12:33:29,943 INFO  [AttributeConverterImpl] 540_29166756_1 : Removing a non-mandatory empty numeric value Obstruction:valueOfSounding=
2023-07-03 12:33:29,943 WARN  [AttributeConverterImpl] Valeur S57 [directional function (1)] non convertie(s) pour categoryOfLight de LightSectored 540_29166419_1
2023-07-03 12:33:29,943 INFO  [AttributeConverterImpl] 540_29166419_1 : Attribute type CATLIT has been removed from the S101 feature type LightSectored
2023-07-03 12:33:29,943 INFO  [AttributeConverterImpl] 540_29166417_1 : Attribute type CATLIT has been removed from the S101 feature type LightSectored
2023-07-03 12:33:29,943 INFO  [AttributeConverterImpl] 540_29166418_1 : Attribute type CATLIT has been removed from the S101 feature type LightSectored
2023-07-03 12:33:29,943 INFO  [AttributeConverterImpl] 540_29166475_1 : Attribute type CATLIT has been removed from the S101 feature type LightAllAround
2023-07-03 12:33:29,943 INFO  [AttributeConverterImpl] 540_29166733_1 : Cartographic intervention, the mandatory numeric S101 value has an empty value BeaconSpecialPurposeGeneral:beaconShape=
2023-07-03 12:33:29,951 INFO  [AttributeConverterImpl] 540_29166733_1 : Cartographic intervention, the mandatory numeric S101 value has an empty value BeaconSpecialPurposeGeneral:beaconShape=
2023-07-03 12:33:29,951 INFO  [AttributeConverterImpl] 540_29166771_1 : Setting attribute value as empty for an unexisting s101 attribute value UnderwaterAwashRock:natureOfSurface=9
2023-07-03 12:33:29,951 INFO  [AttributeConverterImpl] 540_29166771_1 : Removing a non-mandatory empty numeric value UnderwaterAwashRock:natureOfSurface=
2023-07-03 12:33:29,951 INFO  [AttributeConverterImpl] 540_29166813_1 : Setting attribute value as empty for an unexisting s101 attribute value UnderwaterAwashRock:natureOfSurface=9
2023-07-03 12:33:29,951 INFO  [AttributeConverterImpl] 540_29166813_1 : Removing a non-mandatory empty numeric value UnderwaterAwashRock:natureOfSurface=
2023-07-03 12:33:29,951 INFO  [AttributeConverterImpl] 540_29166813_1 : Cartographic intervention, the mandatory numeric S101 value has an empty value UnderwaterAwashRock:valueOfSounding=
2023-07-03 12:33:29,951 INFO  [AttributeConverterImpl] 540_29166814_1 : Setting attribute value as empty for an unexisting s101 attribute value UnderwaterAwashRock:natureOfSurface=9
2023-07-03 12:33:29,951 INFO  [AttributeConverterImpl] 540_29166814_1 : Removing a non-mandatory empty numeric value UnderwaterAwashRock:natureOfSurface=
2023-07-03 12:33:29,951 INFO  [AttributeConverterImpl] 540_29166814_1 : Cartographic intervention, the mandatory numeric S101 value has an empty value UnderwaterAwashRock:valueOfSounding=
2023-07-03 12:33:29,951 INFO  [AttributeConverterImpl] 540_29166815_1 : Setting attribute value as empty for an unexisting s101 attribute value UnderwaterAwashRock:natureOfSurface=9
2023-07-03 12:33:29,951 INFO  [AttributeConverterImpl] 540_29166815_1 : Removing a non-mandatory empty numeric value UnderwaterAwashRock:natureOfSurface=
2023-07-03 12:33:29,951 INFO  [AttributeConverterImpl] 540_29166815_1 : Cartographic intervention, the mandatory numeric S101 value has an empty value UnderwaterAwashRock:valueOfSounding=
2023-07-03 12:33:29,951 INFO  [AttributeConverterImpl] 540_29166697_1 : Cartographic intervention, the mandatory numeric S101 value has an empty value UnderwaterAwashRock:valueOfSounding=
2023-07-03 12:33:29,951 INFO  [AttributeConverterImpl] 540_29166705_1 : Setting attribute value as empty for an unexisting s101 attribute value UnderwaterAwashRock:natureOfSurface=9
2023-07-03 12:33:29,951 INFO  [AttributeConverterImpl] 540_29166705_1 : Removing a non-mandatory empty numeric value UnderwaterAwashRock:natureOfSurface=
2023-07-03 12:33:29,951 INFO  [AttributeConverterImpl] 540_29166704_1 : Setting attribute value as empty for an unexisting s101 attribute value UnderwaterAwashRock:natureOfSurface=9
2023-07-03 12:33:29,951 INFO  [AttributeConverterImpl] 540_29166704_1 : Removing a non-mandatory empty numeric value UnderwaterAwashRock:natureOfSurface=
2023-07-03 12:33:29,951 INFO  [AttributeConverterImpl] 540_29166703_1 : Setting attribute value as empty for an unexisting s101 attribute value UnderwaterAwashRock:natureOfSurface=9
2023-07-03 12:33:29,951 INFO  [AttributeConverterImpl] 540_29166703_1 : Removing a non-mandatory empty numeric value UnderwaterAwashRock:natureOfSurface=
2023-07-03 12:33:29,951 INFO  [AttributeConverterImpl] 540_29166703_1 : Cartographic intervention, the mandatory numeric S101 value has an empty value UnderwaterAwashRock:valueOfSounding=
2023-07-03 12:33:29,951 INFO  [AttributeConverterImpl] 540_29166702_1 : Setting attribute value as empty for an unexisting s101 attribute value UnderwaterAwashRock:natureOfSurface=9
2023-07-03 12:33:29,951 INFO  [AttributeConverterImpl] 540_29166702_1 : Removing a non-mandatory empty numeric value UnderwaterAwashRock:natureOfSurface=
2023-07-03 12:33:29,951 INFO  [AttributeConverterImpl] 540_29166702_1 : Cartographic intervention, the mandatory numeric S101 value has an empty value UnderwaterAwashRock:valueOfSounding=
2023-07-03 12:33:29,951 INFO  [AttributeConverterImpl] 540_29166701_1 : Setting attribute value as empty for an unexisting s101 attribute value UnderwaterAwashRock:natureOfSurface=9
2023-07-03 12:33:29,951 INFO  [AttributeConverterImpl] 540_29166701_1 : Removing a non-mandatory empty numeric value UnderwaterAwashRock:natureOfSurface=
2023-07-03 12:33:29,951 INFO  [AttributeConverterImpl] 540_29166701_1 : Cartographic intervention, the mandatory numeric S101 value has an empty value UnderwaterAwashRock:valueOfSounding=
2023-07-03 12:33:29,951 INFO  [AttributeConverterImpl] 540_29166700_1 : Setting attribute value as empty for an unexisting s101 attribute value UnderwaterAwashRock:natureOfSurface=9
2023-07-03 12:33:29,953 INFO  [AttributeConverterImpl] 540_29166700_1 : Removing a non-mandatory empty numeric value UnderwaterAwashRock:natureOfSurface=
2023-07-03 12:33:29,953 INFO  [AttributeConverterImpl] 540_29166700_1 : Cartographic intervention, the mandatory numeric S101 value has an empty value UnderwaterAwashRock:valueOfSounding=
2023-07-03 12:33:29,953 INFO  [AttributeConverterImpl] 540_29166699_1 : Setting attribute value as empty for an unexisting s101 attribute value UnderwaterAwashRock:natureOfSurface=9
2023-07-03 12:33:29,953 INFO  [AttributeConverterImpl] 540_29166699_1 : Removing a non-mandatory empty numeric value UnderwaterAwashRock:natureOfSurface=
2023-07-03 12:33:29,953 INFO  [AttributeConverterImpl] 540_29166699_1 : Cartographic intervention, the mandatory numeric S101 value has an empty value UnderwaterAwashRock:valueOfSounding=
2023-07-03 12:33:29,953 INFO  [AttributeConverterImpl] 540_29166817_1 : Attribute type CATLIT has been removed from the S101 feature type LightSectored
2023-07-03 12:33:29,953 INFO  [AttributeConverterImpl] 540_29166818_1 : Attribute type CATLIT has been removed from the S101 feature type LightSectored
2023-07-03 12:33:29,953 INFO  [AttributeConverterImpl] 540_29166819_1 : Attribute type CATLIT has been removed from the S101 feature type LightSectored
2023-07-03 12:33:29,953 INFO  [AttributeConverterImpl] 540_29166820_1 : Attribute type COLOUR has been removed from the S101 feature type BeaconSpecialPurposeGeneral
2023-07-03 12:33:29,953 INFO  [AttributeConverterImpl] 540_29166820_1 : Cartographic intervention, the mandatory numeric S101 value has an empty value BeaconSpecialPurposeGeneral:beaconShape=
2023-07-03 12:33:29,953 INFO  [AttributeConverterImpl] 540_29166820_1 : Attribute type COLOUR has been removed from the S101 feature type BeaconSpecialPurposeGeneral
2023-07-03 12:33:29,953 INFO  [AttributeConverterImpl] 540_29166820_1 : Cartographic intervention, the mandatory numeric S101 value has an empty value BeaconSpecialPurposeGeneral:beaconShape=
2023-07-03 12:33:29,953 INFO  [AttributeConverterImpl] 540_29166846_1 : Setting attribute value as empty for an unexisting s101 attribute value UnderwaterAwashRock:natureOfSurface=9
2023-07-03 12:33:29,953 INFO  [AttributeConverterImpl] 540_29166846_1 : Removing a non-mandatory empty numeric value UnderwaterAwashRock:natureOfSurface=
2023-07-03 12:33:29,953 INFO  [AttributeConverterImpl] 540_29166846_1 : Cartographic intervention, the mandatory numeric S101 value has an empty value UnderwaterAwashRock:valueOfSounding=
2023-07-03 12:33:29,953 INFO  [AttributeConverterImpl] 540_29166847_1 : Setting attribute value as empty for an unexisting s101 attribute value UnderwaterAwashRock:natureOfSurface=9
2023-07-03 12:33:29,953 INFO  [AttributeConverterImpl] 540_29166847_1 : Removing a non-mandatory empty numeric value UnderwaterAwashRock:natureOfSurface=
2023-07-03 12:33:29,953 INFO  [AttributeConverterImpl] 540_29166847_1 : Cartographic intervention, the mandatory numeric S101 value has an empty value UnderwaterAwashRock:valueOfSounding=
2023-07-03 12:33:29,953 INFO  [AttributeConverterImpl] 540_29166848_1 : Setting attribute value as empty for an unexisting s101 attribute value UnderwaterAwashRock:natureOfSurface=9
2023-07-03 12:33:29,953 INFO  [AttributeConverterImpl] 540_29166848_1 : Removing a non-mandatory empty numeric value UnderwaterAwashRock:natureOfSurface=
2023-07-03 12:33:29,953 INFO  [AttributeConverterImpl] 540_29166848_1 : Cartographic intervention, the mandatory numeric S101 value has an empty value UnderwaterAwashRock:valueOfSounding=
2023-07-03 12:33:29,953 INFO  [AttributeConverterImpl] 540_29166849_1 : Cartographic intervention, the mandatory numeric S101 value has an empty value UnderwaterAwashRock:valueOfSounding=
2023-07-03 12:33:29,953 INFO  [AttributeConverterImpl] 540_29166850_1 : Setting attribute value as empty for an unexisting s101 attribute value UnderwaterAwashRock:natureOfSurface=9
2023-07-03 12:33:29,953 INFO  [AttributeConverterImpl] 540_29166850_1 : Removing a non-mandatory empty numeric value UnderwaterAwashRock:natureOfSurface=
2023-07-03 12:33:29,953 INFO  [AttributeConverterImpl] 540_29166850_1 : Cartographic intervention, the mandatory numeric S101 value has an empty value UnderwaterAwashRock:valueOfSounding=
2023-07-03 12:33:29,953 INFO  [AttributeConverterImpl] 540_29166698_1 : Setting attribute value as empty for an unexisting s101 attribute value UnderwaterAwashRock:natureOfSurface=9
2023-07-03 12:33:29,953 INFO  [AttributeConverterImpl] 540_29166698_1 : Removing a non-mandatory empty numeric value UnderwaterAwashRock:natureOfSurface=
2023-07-03 12:33:29,953 INFO  [FeaturesFinalizer] Adding feature TOPMAR 540_29166469_1 to BeaconCardinal Object 540_29166468_1
2023-07-03 12:33:29,953 INFO  [FeaturesFinalizer] Adding feature TOPMAR 540_29166482_1 to BuoySpecialPurposeGeneral Object 540_29166481_1
2023-07-03 12:33:29,953 INFO  [FeaturesFinalizer] Adding feature TOPMAR 540_29166799_1 to BeaconSpecialPurposeGeneral Object 540_29166798_1
2023-07-03 12:33:29,953 INFO  [FeaturesFinalizer] Adding feature TOPMAR 540_29166801_1 to BeaconSpecialPurposeGeneral Object 540_29166800_1
2023-07-03 12:33:29,953 INFO  [FeaturesFinalizer] Adding feature TOPMAR 540_29166480_1 to BuoySpecialPurposeGeneral Object 540_29166479_1
2023-07-03 12:33:29,953 INFO  [FeaturesFinalizer] Adding feature TOPMAR 540_29166476_1 to BuoyLateral Object 540_29166474_1
2023-07-03 12:33:29,953 INFO  [FeaturesFinalizer] Adding feature TOPMAR 540_29166734_1 to BeaconSpecialPurposeGeneral Object 540_29166733_1
2023-07-03 12:33:29,953 INFO  [FeaturesFinalizer] Adding feature LIGHTS 540_29166418_1 to LightSectored Object 540_29166417_1
2023-07-03 12:33:29,953 INFO  [FeaturesFinalizer] Adding feature LIGHTS 540_29166819_1 to LightSectored Object 540_29166817_1
2023-07-03 12:33:29,953 INFO  [FeaturesFinalizer] LIGHTS : removing feature LIGHTS 540_29166418_1
2023-07-03 12:33:29,953 INFO  [FeaturesFinalizer] LIGHTS : removing feature LIGHTS 540_29166419_1
2023-07-03 12:33:29,953 INFO  [FeaturesFinalizer] LIGHTS : removing feature LIGHTS 540_29166818_1
2023-07-03 12:33:29,953 INFO  [FeaturesFinalizer] LIGHTS : removing feature LIGHTS 540_29166819_1
2023-07-03 12:33:29,964 INFO  [S57ToS101] Writing 101AA005X01NE.000 to ./data-references/dataConverted/s164/Conversion-1.1.5/2.1.1 Power Up/S100_ROOT/S-101/DATASET_FILES
2023-07-03 12:33:30,035 INFO  [CheckS101] * Checking dataSet '101AA005X01NE'...
2023-07-03 12:33:30,035 INFO  [CheckS101] ** Checking dataSet '101AA005X01NE' consistency to the dictionary...
2023-07-03 12:33:30,035 INFO  [CheckS101] ** End of dataSet '101AA005X01NE' consistency to the dictionary check
2023-07-03 12:33:30,035 INFO  [CheckS101] ** Checking dataSet '101AA005X01NE' group 1...
2023-07-03 12:33:30,035 INFO  [CheckS101] *** '101AA005X01NE.000' group 1 OK
2023-07-03 12:33:30,035 INFO  [CheckS101] ** End of dataSet '101AA005X01NE' group 1 check
2023-07-03 12:33:30,035 INFO  [CheckS101] * End of dataSet '101AA005X01NE' check
