2023-07-03 12:33:32,241 WARN  [S57ToS101Converter] Conversion de AA2OVRVU
2023-07-03 12:33:32,241 INFO  [AttributeConverterImpl] 1810_1386848269_20 : Cartographic intervention, the mandatory numeric S101 value has an empty value UnderwaterAwashRock:valueOfSounding=
2023-07-03 12:33:32,241 INFO  [AttributeConverterImpl] 1810_1386848269_21 : Cartographic intervention, the mandatory numeric S101 value has an empty value UnderwaterAwashRock:valueOfSounding=
2023-07-03 12:33:32,241 INFO  [AttributeConverterImpl] 1810_1386848269_23 : Attribute type EXPSOU has been removed from the S101 feature type Sounding
2023-07-03 12:33:32,241 INFO  [AttributeConverterImpl] 1810_1386848269_24 : Removing a non-mandatory empty numeric value Obstruction:valueOfSounding=
2023-07-03 12:33:32,241 INFO  [AttributeConverterImpl] 1810_1386848269_25 : Removing a non-mandatory empty numeric value Obstruction:valueOfSounding=
2023-07-03 12:33:32,241 INFO  [AttributeConverterImpl] 1810_1386848269_25 : Cartographic intervention, the mandatory numeric S101 value has an empty value Obstruction:waterLevelEffect=
2023-07-03 12:33:32,241 INFO  [AttributeConverterImpl] 1810_1386848269_26 : Removing a non-mandatory empty numeric value Obstruction:valueOfSounding=
2023-07-03 12:33:32,241 INFO  [AttributeConverterImpl] 1810_1386848269_28 : Removing a non-mandatory empty numeric value Obstruction:valueOfSounding=
2023-07-03 12:33:32,241 INFO  [AttributeConverterImpl] 1810_1386848269_31 : Removing a non-mandatory empty numeric value Obstruction:valueOfSounding=
2023-07-03 12:33:32,241 INFO  [AttributeConverterImpl] 1810_1386848269_33 : Removing a non-mandatory empty numeric value Wreck:valueOfSounding=
2023-07-03 12:33:32,241 INFO  [AttributeConverterImpl] 1810_1386848269_34 : Removing a non-mandatory empty numeric value Wreck:valueOfSounding=
2023-07-03 12:33:32,241 INFO  [AttributeConverterImpl] 1810_1386848269_48 : Attribute type CATBRG has been removed from the S101 feature type SpanFixed
2023-07-03 12:33:32,241 INFO  [AttributeConverterImpl] 1810_1386848269_54 : Setting attribute value as empty for an unexisting s101 attribute value BeaconLateral:beaconShape=4
2023-07-03 12:33:32,241 INFO  [AttributeConverterImpl] 1810_1386848269_54 : Cartographic intervention, the mandatory numeric S101 value has an empty value BeaconLateral:beaconShape=
2023-07-03 12:33:32,241 INFO  [AttributeConverterImpl] 1810_1386848269_54 : Setting attribute value as empty for an unexisting s101 attribute value BeaconLateral:beaconShape=4
2023-07-03 12:33:32,241 INFO  [AttributeConverterImpl] 1810_1386848269_54 : Cartographic intervention, the mandatory numeric S101 value has an empty value BeaconLateral:beaconShape=
2023-07-03 12:33:32,241 INFO  [AttributeConverterImpl] 1810_1386848269_86 : Attribute type CLSDEF has been removed from the S101 feature type VirtualAISAidToNavigation
2023-07-03 12:33:32,241 WARN  [ComplexAttributeConverterImpl] 1810_1386848269_86 : No CLSNAM attribute declared on this S57 feature.
2023-07-03 12:33:32,241 INFO  [AttributeConverterImpl] 1810_1386848269_86 : Attribute type CLSNAM has been removed from the S101 feature type VirtualAISAidToNavigation
2023-07-03 12:33:32,241 INFO  [AttributeConverterImpl] 1810_1386848269_86 : Attribute type SYMINS has been removed from the S101 feature type VirtualAISAidToNavigation
2023-07-03 12:33:32,241 INFO  [AttributeConverterImpl] 1810_1386848269_87 : Attribute type CLSDEF has been removed from the S101 feature type VirtualAISAidToNavigation
2023-07-03 12:33:32,241 INFO  [AttributeConverterImpl] 1810_1386848269_87 : Attribute type SYMINS has been removed from the S101 feature type VirtualAISAidToNavigation
2023-07-03 12:33:32,241 WARN  [ECDISPortrayalAttributeSetterImpl] Attention no Depth areas Dredged Areas 1810_1386848269_22
2023-07-03 12:33:32,241 WARN  [ECDISPortrayalAttributeSetterImpl] Attention no Depth areas Dredged Areas 1810_1386848269_28
2023-07-03 12:33:32,249 WARN  [ECDISPortrayalAttributeSetterImpl] Attention no Depth areas Dredged Areas 1810_1386848269_30
2023-07-03 12:33:32,249 WARN  [ECDISPortrayalAttributeSetterImpl] Attention no Depth areas Dredged Areas 1810_1386848269_31
2023-07-03 12:33:32,249 WARN  [ECDISPortrayalAttributeSetterImpl] Attention no Depth areas Dredged Areas 1810_1386848269_33
2023-07-03 12:33:32,249 WARN  [ECDISPortrayalAttributeSetterImpl] Attention no Depth areas Dredged Areas 1810_1386848269_34
2023-07-03 12:33:32,249 INFO  [S57ToS101] Writing 101AA002OVRVU.000 to ./data-references/dataConverted/s164/Conversion-1.1.5/5.0 Navigational Hazards/Overview/S100_ROOT/S-101/DATASET_FILES
2023-07-03 12:33:32,272 INFO  [CheckS101] * Checking dataSet '101AA002OVRVU'...
2023-07-03 12:33:32,272 INFO  [CheckS101] ** Checking dataSet '101AA002OVRVU' consistency to the dictionary...
2023-07-03 12:33:32,272 INFO  [CheckS101] ** End of dataSet '101AA002OVRVU' consistency to the dictionary check
2023-07-03 12:33:32,272 INFO  [CheckS101] ** Checking dataSet '101AA002OVRVU' group 1...
2023-07-03 12:33:32,272 INFO  [CheckS101] *** '101AA002OVRVU.000' group 1 OK
2023-07-03 12:33:32,272 INFO  [CheckS101] ** End of dataSet '101AA002OVRVU' group 1 check
2023-07-03 12:33:32,272 INFO  [CheckS101] * End of dataSet '101AA002OVRVU' check
