2023-09-06 11:12:11,874 WARN  [S57ToS101Converter] Conversion de IC3NEWPC
2023-09-06 11:12:11,878 WARN  [S57toS101MapperImpl] pas de règle spécifique pour C_AGGR
2023-09-06 11:12:11,878 WARN  [S57toS101MapperImpl] pas de règle spécifique pour C_ASSO
2023-09-06 11:12:11,879 WARN  [S57ToS101Converter] Conversion de IC3NEWCC
2023-09-06 11:12:11,886 WARN  [GenerateS164TestDataSets] * Checking Signatures ....
2023-09-06 11:12:11,886 WARN  [GenerateS164TestDataSets] 	 false
2023-09-06 11:12:11,887 WARN  [CheckS101] * Checking dataSet '101IC_NEWCC_1.0'...
2023-09-06 11:12:11,887 WARN  [CheckS101] Check Dictionnary ...
2023-09-06 11:12:11,888 WARN  [CheckS101] Dictionnary true
2023-09-06 11:12:11,888 WARN  [CheckS101] Check Groupe1 ...
2023-09-06 11:12:11,888 WARN  [CheckS101] Groupe1 true
2023-09-06 11:12:11,888 WARN  [CheckS101] Check ChainNodeForRings ...
2023-09-06 11:12:11,888 WARN  [CheckS101] ChainNodeForRings true
2023-09-06 11:12:11,888 WARN  [CheckS101] * End of dataSet '101IC_NEWCC_1.0' check
2023-09-06 11:12:11,889 WARN  [CheckS101] * Checking dataSet '101IC_NEWPC_1.0'...
2023-09-06 11:12:11,889 WARN  [CheckS101] Check Dictionnary ...
2023-09-06 11:12:11,889 WARN  [CheckS101] Dictionnary true
2023-09-06 11:12:11,889 WARN  [CheckS101] Check Groupe1 ...
2023-09-06 11:12:11,890 WARN  [CheckS101] Groupe1 true
2023-09-06 11:12:11,890 WARN  [CheckS101] Check ChainNodeForRings ...
2023-09-06 11:12:11,890 WARN  [CheckS101] ChainNodeForRings true
2023-09-06 11:12:11,890 WARN  [CheckS101] * End of dataSet '101IC_NEWPC_1.0' check
2023-09-06 11:12:11,897 WARN  [S57toS101MapperImpl] pas de règle spécifique pour C_AGGR
2023-09-06 11:12:11,897 WARN  [S57toS101MapperImpl] pas de règle spécifique pour C_ASSO
2023-09-06 11:12:11,898 ERROR [S57ToS101] Unable to convert 1012J_X0002.000 to ./data-references/dataConverted/s164/V2/TestDataSets/3.6 Display Priorities/S100_ROOT/S-101/DATASET_FILES
2023-09-06 11:12:11,900 WARN  [S57toS101MapperImpl] pas de règle spécifique pour C_AGGR
2023-09-06 11:12:11,900 WARN  [S57toS101MapperImpl] pas de règle spécifique pour C_ASSO
2023-09-06 11:12:11,901 ERROR [S57ToS101] Unable to convert 1012J_X0001.000 to ./data-references/dataConverted/s164/V2/TestDataSets/3.6 Display Priorities/S100_ROOT/S-101/DATASET_FILES
2023-09-06 11:12:11,903 WARN  [S57toS101MapperImpl] pas de règle spécifique pour C_AGGR
2023-09-06 11:12:11,903 WARN  [S57toS101MapperImpl] pas de règle spécifique pour C_ASSO
2023-09-06 11:12:11,912 ERROR [S57ToS101] Unable to convert 1012J_X0001.000 to ./data-references/dataConverted/s164/V2/TestDataSets/3.6 Display Priorities/S100_ROOT/S-101/DATASET_FILES
2023-09-06 11:12:11,915 WARN  [S57toS101MapperImpl] pas de règle spécifique pour C_AGGR
2023-09-06 11:12:11,915 WARN  [S57toS101MapperImpl] pas de règle spécifique pour C_ASSO
2023-09-06 11:12:11,916 WARN  [S57ToS101Converter] Conversion de AA3SCAMN
2023-09-06 11:12:11,929 WARN  [GenerateS164TestDataSets] * Checking Signatures ....
2023-09-06 11:12:11,932 WARN  [GenerateS164TestDataSets] 	 true
2023-09-06 11:12:11,933 WARN  [CheckS101] * Checking dataSet '10100AA_SCAMN_1.0'...
2023-09-06 11:12:11,933 WARN  [CheckS101] Check Dictionnary ...
2023-09-06 11:12:11,934 WARN  [CheckS101] Dictionnary true
2023-09-06 11:12:11,934 WARN  [CheckS101] Check Groupe1 ...
2023-09-06 11:12:11,934 WARN  [CheckS101] Groupe1 true
2023-09-06 11:12:11,934 WARN  [CheckS101] Check ChainNodeForRings ...
2023-09-06 11:12:11,934 WARN  [CheckS101] ChainNodeForRings true
2023-09-06 11:12:11,934 WARN  [CheckS101] * End of dataSet '10100AA_SCAMN_1.0' check
2023-09-06 11:12:11,939 WARN  [S57toS101MapperImpl] pas de règle spécifique pour C_AGGR
2023-09-06 11:12:11,940 WARN  [S57toS101MapperImpl] pas de règle spécifique pour C_ASSO
2023-09-06 11:12:11,940 WARN  [S57ToS101Converter] Conversion de GB3OVRLP
2023-09-06 11:12:11,951 WARN  [GenerateS164TestDataSets] * Checking Signatures ....
2023-09-06 11:12:11,954 WARN  [GenerateS164TestDataSets] 	 true
2023-09-06 11:12:11,955 WARN  [CheckS101] * Checking dataSet '10100AA_OVRLP_1.0'...
2023-09-06 11:12:11,955 WARN  [CheckS101] Check Dictionnary ...
2023-09-06 11:12:11,955 WARN  [CheckS101] Dictionnary true
2023-09-06 11:12:11,955 WARN  [CheckS101] Check Groupe1 ...
2023-09-06 11:12:11,955 WARN  [CheckS101] Groupe1 true
2023-09-06 11:12:11,956 WARN  [CheckS101] Check ChainNodeForRings ...
2023-09-06 11:12:11,956 WARN  [CheckS101] ChainNodeForRings true
2023-09-06 11:12:11,956 WARN  [CheckS101] * End of dataSet '10100AA_OVRLP_1.0' check
2023-09-06 11:12:11,960 WARN  [S57toS101MapperImpl] pas de règle spécifique pour C_AGGR
2023-09-06 11:12:11,961 WARN  [S57toS101MapperImpl] pas de règle spécifique pour C_ASSO
2023-09-06 11:12:11,966 ERROR [S57ToS101] Unable to convert 10100AA_NAVHZ.000 to ./data-references/dataConverted/s164/V2/TestDataSets/5.0 Navigational Hazards/S100_ROOT/S-101/DATASET_FILES
2023-09-06 11:12:11,969 WARN  [S57toS101MapperImpl] pas de règle spécifique pour C_AGGR
2023-09-06 11:12:11,970 WARN  [S57toS101MapperImpl] pas de règle spécifique pour C_ASSO
2023-09-06 11:12:11,974 ERROR [S57ToS101] Unable to convert 10100AA_OVRVU.000 to ./data-references/dataConverted/s164/V2/TestDataSets/5.0 Navigational Hazards/Overview/S100_ROOT/S-101/DATASET_FILES
2023-09-06 11:12:11,977 WARN  [S57toS101MapperImpl] pas de règle spécifique pour C_AGGR
2023-09-06 11:12:11,977 WARN  [S57toS101MapperImpl] pas de règle spécifique pour C_ASSO
2023-09-06 11:12:11,978 ERROR [S57ToS101] Unable to convert 10100AA_ARSPC.000 to ./data-references/dataConverted/s164/V2/TestDataSets/6.0 Special Conditions/S100_ROOT/S-101/DATASET_FILES
2023-09-06 11:12:11,981 WARN  [S57toS101MapperImpl] pas de règle spécifique pour C_AGGR
2023-09-06 11:12:11,982 WARN  [S57toS101MapperImpl] pas de règle spécifique pour C_ASSO
2023-09-06 11:12:11,983 ERROR [S57ToS101] Unable to convert 10100AA_SAFCO.000 to ./data-references/dataConverted/s164/V2/TestDataSets/7.0 Safety Contour/S100_ROOT/S-101/DATASET_FILES
