2023-10-20 06:50:28,313 WARN  [GenerateS164TestDataSets] * Checking Signatures ....
2023-10-20 06:50:28,313 WARN  [GenerateS164TestDataSets] 	 false
2023-10-20 06:50:28,314 WARN  [CheckS101] * Checking dataSet '101IC_NEWCC_1.0'...
2023-10-20 06:50:28,314 WARN  [CheckS101] Check Dictionnary ...
2023-10-20 06:50:28,314 INFO  [CheckS101] ** Checking dataSet '101IC_NEWCC' consistency to the dictionary...
2023-10-20 06:50:28,314 INFO  [CheckS101] ** End of dataSet '101IC_NEWCC' consistency to the dictionary check
2023-10-20 06:50:28,314 WARN  [CheckS101] Dictionnary true
2023-10-20 06:50:28,314 WARN  [CheckS101] Check Groupe1 ...
2023-10-20 06:50:28,314 INFO  [CheckS101] ** Checking dataSet '101IC_NEWCC' group 1...
2023-10-20 06:50:28,314 INFO  [CheckS101] 	 '101IC_NEWCC.000' group 1 OK
2023-10-20 06:50:28,314 INFO  [CheckS101] ** End of dataSet '101IC_NEWCC' group 1 check
2023-10-20 06:50:28,314 WARN  [CheckS101] Groupe1 true
2023-10-20 06:50:28,314 WARN  [CheckS101] Check ChainNode ...
2023-10-20 06:50:28,314 WARN  [CheckS101] ChainNode true
2023-10-20 06:50:28,314 WARN  [CheckS101] Check UnUsedSpatialObjects ...
2023-10-20 06:50:28,314 WARN  [CheckS101] Check UnUsedSpatialObjects false
2023-10-20 06:50:28,314 WARN  [CheckS101] * End of dataSet '101IC_NEWCC_1.0' check
2023-10-20 06:50:28,315 WARN  [CheckS101] * Checking dataSet '101IC_NEWPC_1.0'...
2023-10-20 06:50:28,315 WARN  [CheckS101] Check Dictionnary ...
2023-10-20 06:50:28,315 INFO  [CheckS101] ** Checking dataSet '101IC_NEWPC' consistency to the dictionary...
2023-10-20 06:50:28,315 INFO  [CheckS101] ** End of dataSet '101IC_NEWPC' consistency to the dictionary check
2023-10-20 06:50:28,315 WARN  [CheckS101] Dictionnary true
2023-10-20 06:50:28,315 WARN  [CheckS101] Check Groupe1 ...
2023-10-20 06:50:28,315 INFO  [CheckS101] ** Checking dataSet '101IC_NEWPC' group 1...
2023-10-20 06:50:28,315 INFO  [CheckS101] 	 '101IC_NEWPC.000' group 1 OK
2023-10-20 06:50:28,315 INFO  [CheckS101] ** End of dataSet '101IC_NEWPC' group 1 check
2023-10-20 06:50:28,315 WARN  [CheckS101] Groupe1 true
2023-10-20 06:50:28,315 WARN  [CheckS101] Check ChainNode ...
2023-10-20 06:50:28,315 WARN  [CheckS101] ChainNode true
2023-10-20 06:50:28,315 WARN  [CheckS101] Check UnUsedSpatialObjects ...
2023-10-20 06:50:28,315 WARN  [CheckS101] Check UnUsedSpatialObjects false
2023-10-20 06:50:28,315 WARN  [CheckS101] * End of dataSet '101IC_NEWPC_1.0' check
