2023-12-27 14:53:51,648 WARN  [GenerateS164TestDataSets] * Checking Signatures ....
2023-12-27 14:53:51,648 WARN  [GenerateS164TestDataSets] 	 false
2023-12-27 14:53:51,648 WARN  [CheckS101] * Checking dataSet '1012J4X0001_1.0'...
2023-12-27 14:53:51,649 WARN  [CheckS101] Check Dictionnary true
2023-12-27 14:53:51,649 WARN  [CheckS101] Check Groupe1 ... OK
2023-12-27 14:53:51,649 WARN  [CheckS101] Check ChainNode ... OK
2023-12-27 14:53:51,649 WARN  [CheckS101] Check UnUsedSpatialObjects ... OK
2023-12-27 14:53:51,649 WARN  [CheckS101] Check Ring Orientation ... OK 
2023-12-27 14:53:51,649 WARN  [CheckS101] Check Redundant Composite Curves ... OK
2023-12-27 14:53:51,649 WARN  [CheckS101] * End of dataSet '1012J4X0001_1.0' check
2023-12-27 14:53:51,658 WARN  [CheckS101] * Checking dataSet '1012J5X0001_2.0'...
2023-12-27 14:53:51,659 ERROR [CheckS101] 	 Unknown attribute type 'valueOfDepthContour' for feature type 'UpdateInformation'
2023-12-27 14:53:51,659 ERROR [CheckS101] 	 Unknown attribute type 'valueOfDepthContour' for feature type 'UpdateInformation'
2023-12-27 14:53:51,659 ERROR [CheckS101] Unknown feature type TideHarmonicPrediction
2023-12-27 14:53:51,659 ERROR [CheckS101] Unknown feature type TideHarmonicPrediction
2023-12-27 14:53:51,659 ERROR [CheckS101] Unknown feature type TideHarmonicPrediction
2023-12-27 14:53:51,659 ERROR [CheckS101] Unknown feature type TideHarmonicPrediction
2023-12-27 14:53:51,660 ERROR [CheckS101] Unknown feature type TideHarmonicPrediction
2023-12-27 14:53:51,660 ERROR [CheckS101] Unknown feature type TideHarmonicPrediction
2023-12-27 14:53:51,660 ERROR [CheckS101] Check Dictionnary ... KO
2023-12-27 14:53:51,660 WARN  [CheckS101] Check Groupe1 ... OK
2023-12-27 14:53:51,660 WARN  [CheckS101] Check ChainNode ... OK
2023-12-27 14:53:51,660 WARN  [CheckS101] Check UnUsedSpatialObjects ... OK
2023-12-27 14:53:51,661 WARN  [CheckS101] Check Ring Orientation ... OK 
2023-12-27 14:53:51,661 WARN  [CheckS101] Check Redundant Composite Curves ... OK
2023-12-27 14:53:51,661 WARN  [CheckS101] * End of dataSet '1012J5X0001_2.0' check
2023-12-27 14:53:51,662 WARN  [CheckS101] * Checking dataSet '1012J5X0002_1.0'...
2023-12-27 14:53:51,662 WARN  [CheckS101] Check Dictionnary true
2023-12-27 14:53:51,662 WARN  [CheckS101] Check Groupe1 ... OK
2023-12-27 14:53:51,662 WARN  [CheckS101] Check ChainNode ... OK
2023-12-27 14:53:51,662 WARN  [CheckS101] Check UnUsedSpatialObjects ... OK
2023-12-27 14:53:51,662 WARN  [CheckS101] Check Ring Orientation ... OK 
2023-12-27 14:53:51,662 WARN  [CheckS101] Check Redundant Composite Curves ... OK
2023-12-27 14:53:51,662 WARN  [CheckS101] * End of dataSet '1012J5X0002_1.0' check
