2023-06-13 07:59:14,442 WARN  [S57ToS101Converter] Conversion de GB4X0000
2023-06-13 07:59:14,481 WARN  [GeometryConverterImpl] QUAPOS value not found in S101 (replaced by the doubtful value 5) : 7 VN-504
2023-06-13 07:59:14,481 WARN  [GeometryConverterImpl] QUAPOS value not found in S101 (replaced by the doubtful value 5) : 7 VN-507
2023-06-13 07:59:14,482 WARN  [GeometryConverterImpl] QUAPOS value not found in S101 (replaced by the doubtful value 5) : 6 VN-508
2023-06-13 07:59:14,482 WARN  [GeometryConverterImpl] QUAPOS value not found in S101 (replaced by the doubtful value 5) : 6 VN-511
2023-06-13 07:59:14,580 WARN  [AttributeConverterImpl] Valeur S57 [circular (non-directional) marine or aero-marine radiobeacon (1)] non convertie(s) pour categoryOfRadioStation de RadioStation 540-29141665-1
2023-06-13 07:59:14,607 WARN  [AttributeConverterImpl] Valeur S57 [aeronautical radiobeacon (7)] non convertie(s) pour categoryOfRadioStation de RadioStation 540-29142433-1
2023-06-13 07:59:14,608 WARN  [AttributeConverterImpl] Valeur S57 [circular (non-directional) marine or aero-marine radiobeacon (1)] non convertie(s) pour categoryOfRadioStation de RadioStation 540-29141774-1
2023-06-13 07:59:14,613 WARN  [AttributeConverterImpl] Valeur S57 [directional function (1)] non convertie(s) pour categoryOfLight de LightSectored 540-29142220-1
2023-06-13 07:59:14,614 WARN  [AttributeConverterImpl] Valeur S57 [coast radio station providing QTG service (6)] non convertie(s) pour categoryOfRadioStation de RadioStation 540-29141946-1
2023-06-13 07:59:14,618 WARN  [AttributeConverterImpl] Valeur S57 [directional function (1)] non convertie(s) pour categoryOfLight de LightSectored 540-29142223-1
2023-06-13 07:59:14,636 WARN  [AttributeConverterImpl] Valeur S57 [directional radiobeacon (2)] non convertie(s) pour categoryOfRadioStation de RadioStation 540-29142533-1
2023-06-13 07:59:14,651 WARN  [AttributeConverterImpl] Valeur S57 [circular (non-directional) marine or aero-marine radiobeacon (1)] non convertie(s) pour categoryOfRadioStation de RadioStation 540-29142152-1
2023-06-13 07:59:14,715 WARN  [AttributeConverterImpl] Valeur S57 [rotating-pattern radiobeacon (3)] non convertie(s) pour categoryOfRadioStation de RadioStation 540-29141906-1
2023-06-13 07:59:14,730 WARN  [AttributeConverterImpl] Valeur S57 [aeronautical radiobeacon (7)] non convertie(s) pour categoryOfRadioStation de RadioStation 540-29142232-1
2023-06-13 07:59:14,769 WARN  [S57ToS101Converter] S101 Specification : Relationship not found from SignalStationTraffic-540-29141775-1 to RadioStation-540-29141774-1
2023-06-13 07:59:14,769 WARN  [S57ToS101Converter] S101 Specification : Relationship not found from Landmark-540-29141945-1 to RadioStation-540-29141946-1
2023-06-13 07:59:14,770 WARN  [S57ToS101Converter] S101 Specification : Relationship not found from Landmark-540-29142532-1 to RadioStation-540-29142533-1
2023-06-13 07:59:14,770 WARN  [S57ToS101Converter] S101 Specification : Relationship not found from BuoySpecialPurposeGeneral-540-29142157-1 to RadioStation-540-29142152-1
2023-06-13 07:59:15,349 WARN  [S57ToS101Converter] No S101 feature type for the S57 feature type ICNARE
2023-06-13 07:59:15,350 WARN  [S57ToS101Converter] No S101 feature type for the S57 feature type CTRPNT
